Using pre-set license
Built from '2020.3/release' branch; Version is '2020.3.15f2 (6cf78cb77498) revision 7141260'; Using compiler version '192528614'; Build Type 'Release'
OS: 'Windows 10 Home Single Language; OS build 19044.1645; Version 2009; 64bit' Language: 'pt' Physical Memory: 4006 MB
BatchMode: 1, IsHumanControllingUs: 0, StartBugReporterOnCrash: 0, Is64bit: 1, IsPro: 0

 COMMAND LINE ARGUMENTS:
D:\Arquivos de Programas\Unity\2020.3.15f2\Editor\Unity.exe
-adb2
-batchMode
-noUpm
-name
AssetImportWorker3
-projectPath
D:/Meus Arquivos/Documents/Study/UFRJ/TCC/Github/simulation-1/Sims 1
-logFile
Logs/AssetImportWorker3.log
-srvPort
63369
Successfully changed project path to: D:/Meus Arquivos/Documents/Study/UFRJ/TCC/Github/simulation-1/Sims 1
D:/Meus Arquivos/Documents/Study/UFRJ/TCC/Github/simulation-1/Sims 1
Using Asset Import Pipeline V2.
