Using pre-set license
Built from '2020.3/release' branch; Version is '2020.3.15f2 (6cf78cb77498) revision 7141260'; Using compiler version '192528614'; Build Type 'Release'
OS: 'Windows 10 Home Single Language; OS build 19042.1415; Version 2009; 64bit' Language: 'pt' Physical Memory: 4006 MB
BatchMode: 1, IsHumanControllingUs: 0, StartBugReporterOnCrash: 0, Is64bit: 1, IsPro: 0

 COMMAND LINE ARGUMENTS:
D:\Arquivos de Programas\Unity\2020.3.15f2\Editor\Unity.exe
-adb2
-batchMode
-noUpm
-name
AssetImportWorker4
-projectPath
D:/Meus Arquivos/Documents/Study/UFRJ/TCC/Github/simulation-1/Sims 1
-logFile
Logs/AssetImportWorker4.log
-srvPort
63451
Successfully changed project path to: D:/Meus Arquivos/Documents/Study/UFRJ/TCC/Github/simulation-1/Sims 1
D:/Meus Arquivos/Documents/Study/UFRJ/TCC/Github/simulation-1/Sims 1
Using Asset Import Pipeline V2.
Refreshing native plugins compatible for Editor in 85.72 ms, found 3 plugins.
Preloading 0 native plugins for Editor in 0.00 ms.
Initialize engine version: 2020.3.15f2 (6cf78cb77498)
[Subsystems] Discovering subsystems at path D:/Arquivos de Programas/Unity/2020.3.15f2/Editor/Data/Resources/UnitySubsystems
[Subsystems] Discovering subsystems at path D:/Meus Arquivos/Documents/Study/UFRJ/TCC/Github/simulation-1/Sims 1/Assets
GfxDevice: creating device client; threaded=0
Direct3D:
    Version:  Direct3D 11.0 [level 11.1]
    Renderer: Intel(R) HD Graphics 5500 (ID=0x1616)
    Vendor:   
    VRAM:     2003 MB
    Driver:   20.19.15.4835
Initialize mono
Mono path[0] = 'D:/Arquivos de Programas/Unity/2020.3.15f2/Editor/Data/Managed'
Mono path[1] = 'D:/Arquivos de Programas/Unity/2020.3.15f2/Editor/Data/MonoBleedingEdge/lib/mono/unityjit'
Mono config path = 'D:/Arquivos de Programas/Unity/2020.3.15f2/Editor/Data/MonoBleedingEdge/etc'
Using monoOptions --debugger-agent=transport=dt_socket,embedding=1,server=y,suspend=n,address=127.0.0.1:56816
Begin MonoManager ReloadAssembly
Registering precompiled unity dll's ...
Register platform support module: D:/Arquivos de Programas/Unity/2020.3.15f2/Editor/Data/PlaybackEngines/WebGLSupport/UnityEditor.WebGL.Extensions.dll
Register platform support module: D:/Arquivos de Programas/Unity/2020.3.15f2/Editor/Data/PlaybackEngines/WindowsStandaloneSupport/UnityEditor.WindowsStandalone.Extensions.dll
Registered in 0.001817 seconds.
Native extension for WindowsStandalone target not found
Native extension for WebGL target not found
Refreshing native plugins compatible for Editor in 87.45 ms, found 3 plugins.
Preloading 0 native plugins for Editor in 0.00 ms.
Mono: successfully reloaded assembly
- Completed reload, in  4.327 seconds
Domain Reload Profiling:
	ReloadAssembly (4327ms)
		BeginReloadAssembly (97ms)
			ExecutionOrderSort (0ms)
			DisableScriptedObjects (0ms)
			BackupInstance (0ms)
			ReleaseScriptingObjects (0ms)
			CreateAndSetChildDomain (1ms)
		EndReloadAssembly (706ms)
			LoadAssemblies (97ms)
			RebuildTransferFunctionScriptingTraits (0ms)
			SetupTypeCache (233ms)
			ReleaseScriptCaches (0ms)
			RebuildScriptCaches (59ms)
			SetupLoadedEditorAssemblies (311ms)
				LogAssemblyErrors (0ms)
				InitializePlatformSupportModulesInManaged (13ms)
				SetLoadedEditorAssemblies (0ms)
				RefreshPlugins (88ms)
				BeforeProcessingInitializeOnLoad (24ms)
				ProcessInitializeOnLoadAttributes (143ms)
				ProcessInitializeOnLoadMethodAttributes (43ms)
				AfterProcessingInitializeOnLoad (0ms)
				EditorAssembliesLoaded (0ms)
			ExecutionOrderSort2 (0ms)
			AwakeInstancesAfterBackupRestoration (0ms)
Platform modules already initialized, skipping
Registering precompiled user dll's ...
Registered in 0.004879 seconds.
Begin MonoManager ReloadAssembly
Native extension for WindowsStandalone target not found
Native extension for WebGL target not found
Refreshing native plugins compatible for Editor in 62.23 ms, found 3 plugins.
Preloading 0 native plugins for Editor in 0.00 ms.
Mono: successfully reloaded assembly
- Completed reload, in  3.173 seconds
Domain Reload Profiling:
	ReloadAssembly (3191ms)
		BeginReloadAssembly (395ms)
			ExecutionOrderSort (0ms)
			DisableScriptedObjects (7ms)
			BackupInstance (0ms)
			ReleaseScriptingObjects (0ms)
			CreateAndSetChildDomain (27ms)
		EndReloadAssembly (2700ms)
			LoadAssemblies (804ms)
			RebuildTransferFunctionScriptingTraits (0ms)
			SetupTypeCache (685ms)
			ReleaseScriptCaches (1ms)
			RebuildScriptCaches (72ms)
			SetupLoadedEditorAssemblies (968ms)
				LogAssemblyErrors (0ms)
				InitializePlatformSupportModulesInManaged (7ms)
				SetLoadedEditorAssemblies (0ms)
				RefreshPlugins (62ms)
				BeforeProcessingInitializeOnLoad (146ms)
				ProcessInitializeOnLoadAttributes (656ms)
				ProcessInitializeOnLoadMethodAttributes (82ms)
				AfterProcessingInitializeOnLoad (14ms)
				EditorAssembliesLoaded (1ms)
			ExecutionOrderSort2 (0ms)
			AwakeInstancesAfterBackupRestoration (40ms)
Platform modules already initialized, skipping
========================================================================
Worker process is ready to serve import requests
Launched and connected shader compiler UnityShaderCompiler.exe after 0.60 seconds
Refreshing native plugins compatible for Editor in 1.44 ms, found 3 plugins.
Preloading 0 native plugins for Editor in 0.00 ms.
Unloading 2103 Unused Serialized files (Serialized files now loaded: 0)
System memory in use before: 113.5 MB.
System memory in use after: 113.5 MB.

Unloading 32 unused Assets to reduce memory usage. Loaded Objects now: 2561.
Total: 11.201700 ms (FindLiveObjects: 0.708400 ms CreateObjectMapping: 0.409500 ms MarkObjects: 9.593900 ms  DeleteObjects: 0.485800 ms)

AssetImportParameters requested are different than current active one (requested -> active):
  custom:framework-win-MediaFoundation: 216162199b28c13a410421893ffa2e32 -> 
  custom:video-decoder-ogg-theora: a1e56fd34408186e4bbccfd4996cb3dc -> 
  custom:container-muxer-webm: aa71ff27fc2769a1b78a27578f13a17b -> 
  custom:container-demuxer-webm: 4f35f7cbe854078d1ac9338744f61a02 -> 
  custom:container-demuxer-ogg: 62fdf1f143b41e24485cea50d1cbac27 -> 
  custom:video-encoder-webm-vp8: eb34c28f22e8b96e1ab97ce403110664 -> 
  custom:video-decoder-webm-vp8: 9c59270c3fd7afecdb556c50c9e8de78 -> 
  custom:audio-decoder-ogg-vorbis: bf7c407c2cedff20999df2af8eb42d56 -> 
  custom:audio-encoder-webm-vorbis: bf7c407c2cedff20999df2af8eb42d56 -> 
========================================================================
Received Import Request.
  path: Assets/Scenes/Game.unity
  artifactKey: Guid(b84bcd55804dc07478df57455ee7ea2b) Importer(815301076,1909f56bfc062723c751e8b465ee728b)
Start importing Assets/Scenes/Game.unity using Guid(b84bcd55804dc07478df57455ee7ea2b) Importer(815301076,1909f56bfc062723c751e8b465ee728b)  -> (artifact id: 'c0fe9de2fb3f7b00391053a4ffe005fa') in 0.069074 seconds 
  Import took 0.155879 seconds .

========================================================================
Received Import Request.
  Time since last request: 0.000943 seconds.
  path: Assets/Scenes/Menu.unity
  artifactKey: Guid(65ed36462c8728240be5899c8a1fe2c9) Importer(815301076,1909f56bfc062723c751e8b465ee728b)
Start importing Assets/Scenes/Menu.unity using Guid(65ed36462c8728240be5899c8a1fe2c9) Importer(815301076,1909f56bfc062723c751e8b465ee728b)  -> (artifact id: '6ce1ac7923114a0273226d46ace208b5') in 0.007867 seconds 
  Import took 0.040185 seconds .

========================================================================
Received Import Request.
  Time since last request: 254.857660 seconds.
  path: Assets/Resources/UI Components/ControlsPanel_Background.png
  artifactKey: Guid(ebea5724654f83a40beb10b06a92a7e2) Importer(815301076,1909f56bfc062723c751e8b465ee728b)
Start importing Assets/Resources/UI Components/ControlsPanel_Background.png using Guid(ebea5724654f83a40beb10b06a92a7e2) Importer(815301076,1909f56bfc062723c751e8b465ee728b)  -> (artifact id: '502ca744c49f810cfc633839b19fc342') in 0.738089 seconds 
  Import took 0.759593 seconds .

========================================================================
Received Import Request.
  Time since last request: 0.000913 seconds.
  path: Assets/Resources/UI Components/ControlsPanel_Rotation_LeftBtn.png
  artifactKey: Guid(9615fada3bbac824f95603096296d32d) Importer(815301076,1909f56bfc062723c751e8b465ee728b)
Start importing Assets/Resources/UI Components/ControlsPanel_Rotation_LeftBtn.png using Guid(9615fada3bbac824f95603096296d32d) Importer(815301076,1909f56bfc062723c751e8b465ee728b)  -> (artifact id: '07bbd63e505154698f57970b5b336c02') in 0.059331 seconds 
  Import took 0.073078 seconds .

========================================================================
Received Import Request.
  Time since last request: 0.000835 seconds.
  path: Assets/Resources/UI Components/ControlsPanel_DeleteShapeBtn.png
  artifactKey: Guid(6780038c30801814eb1f467c70198481) Importer(815301076,1909f56bfc062723c751e8b465ee728b)
Start importing Assets/Resources/UI Components/ControlsPanel_DeleteShapeBtn.png using Guid(6780038c30801814eb1f467c70198481) Importer(815301076,1909f56bfc062723c751e8b465ee728b)  -> (artifact id: '24050d92e39ca2b99c4688f6aa58e133') in 0.026499 seconds 
  Import took 0.041622 seconds .

========================================================================
Received Import Request.
  Time since last request: 0.000483 seconds.
  path: Assets/Resources/UI Components/Game_PopupExit_VoltarBtn.png
  artifactKey: Guid(2b3fdb418b71eea41a5cfb00449fd08a) Importer(815301076,1909f56bfc062723c751e8b465ee728b)
Start importing Assets/Resources/UI Components/Game_PopupExit_VoltarBtn.png using Guid(2b3fdb418b71eea41a5cfb00449fd08a) Importer(815301076,1909f56bfc062723c751e8b465ee728b)  -> (artifact id: '323e5ff9bf89bd1b4ee2a5acb0bbdac4') in 0.035762 seconds 
  Import took 0.043140 seconds .

========================================================================
Received Import Request.
  Time since last request: 0.000420 seconds.
  path: Assets/Resources/UI Components/Game_PopupExit_SairBtn.png
  artifactKey: Guid(2ec4d73b537585842924ecdf159c4bab) Importer(815301076,1909f56bfc062723c751e8b465ee728b)
Start importing Assets/Resources/UI Components/Game_PopupExit_SairBtn.png using Guid(2ec4d73b537585842924ecdf159c4bab) Importer(815301076,1909f56bfc062723c751e8b465ee728b)  -> (artifact id: 'c7d42efa11fb7274455cd11bf1237297') in 0.036217 seconds 
  Import took 0.047356 seconds .

========================================================================
Received Import Request.
  Time since last request: 0.000523 seconds.
  path: Assets/Resources/UI Components/Game_PopupCheckAnswer_ProximaBtn.png
  artifactKey: Guid(f98b4089141154b4bbc465fb8377dd7c) Importer(815301076,1909f56bfc062723c751e8b465ee728b)
Start importing Assets/Resources/UI Components/Game_PopupCheckAnswer_ProximaBtn.png using Guid(f98b4089141154b4bbc465fb8377dd7c) Importer(815301076,1909f56bfc062723c751e8b465ee728b)  -> (artifact id: 'feab8a3ddda8cb06090aa0b6e76d82ee') in 0.020913 seconds 
  Import took 0.028794 seconds .

========================================================================
Received Import Request.
  Time since last request: 0.000419 seconds.
  path: Assets/Resources/UI Components/CuriosityPanel_Background.png
  artifactKey: Guid(ef8e8b111cc6b984c918e1baf4ad389b) Importer(815301076,1909f56bfc062723c751e8b465ee728b)
Start importing Assets/Resources/UI Components/CuriosityPanel_Background.png using Guid(ef8e8b111cc6b984c918e1baf4ad389b) Importer(815301076,1909f56bfc062723c751e8b465ee728b)  -> (artifact id: '52856efbb897026f1d539f5f4b48aaaf') in 0.042558 seconds 
  Import took 0.048721 seconds .

========================================================================
Received Import Request.
  Time since last request: 0.000400 seconds.
  path: Assets/Resources/UI Components/ControlsPanel_ColorPicker_RightBtn.png
  artifactKey: Guid(fec31ebce13fdf54f85fa3e4f5a19f12) Importer(815301076,1909f56bfc062723c751e8b465ee728b)
Start importing Assets/Resources/UI Components/ControlsPanel_ColorPicker_RightBtn.png using Guid(fec31ebce13fdf54f85fa3e4f5a19f12) Importer(815301076,1909f56bfc062723c751e8b465ee728b)  -> (artifact id: 'c6d2103986cb5304dd4691f8017cb713') in 0.020916 seconds 
  Import took 0.029689 seconds .

========================================================================
Received Import Request.
  Time since last request: 0.000439 seconds.
  path: Assets/Resources/UI Components/Game_PopupExit_Background.png
  artifactKey: Guid(646f5263a4c42ac40944a00b8d641e53) Importer(815301076,1909f56bfc062723c751e8b465ee728b)
Start importing Assets/Resources/UI Components/Game_PopupExit_Background.png using Guid(646f5263a4c42ac40944a00b8d641e53) Importer(815301076,1909f56bfc062723c751e8b465ee728b)  -> (artifact id: '212ba4771585df38e4201eb84a078aef') in 0.062458 seconds 
  Import took 0.067618 seconds .

========================================================================
Received Import Request.
  Time since last request: 0.000364 seconds.
  path: Assets/Resources/UI Components/Game_WorkspaceArea_Background.png
  artifactKey: Guid(625d9af5f409b6f4bb981791a443ddf1) Importer(815301076,1909f56bfc062723c751e8b465ee728b)
Start importing Assets/Resources/UI Components/Game_WorkspaceArea_Background.png using Guid(625d9af5f409b6f4bb981791a443ddf1) Importer(815301076,1909f56bfc062723c751e8b465ee728b)  -> (artifact id: 'a8abc8eb14326d5cffb82c17e1cf829d') in 0.080680 seconds 
  Import took 0.091120 seconds .

========================================================================
Received Import Request.
  Time since last request: 0.000425 seconds.
  path: Assets/Resources/UI Components/ControlsPanel_Rotation_RightBtn.png
  artifactKey: Guid(7dc1f7e10b9ddc749a082b6a37b21d64) Importer(815301076,1909f56bfc062723c751e8b465ee728b)
Start importing Assets/Resources/UI Components/ControlsPanel_Rotation_RightBtn.png using Guid(7dc1f7e10b9ddc749a082b6a37b21d64) Importer(815301076,1909f56bfc062723c751e8b465ee728b)  -> (artifact id: '70fb6cc8503e1838c2040d8256c062fa') in 0.074761 seconds 
  Import took 0.083384 seconds .

========================================================================
Received Import Request.
  Time since last request: 0.000387 seconds.
  path: Assets/Resources/UI Components/ControlsPanel_DeleteAllBtn.png
  artifactKey: Guid(55b03a42a3cc66e4ab2e7d10d719b7c6) Importer(815301076,1909f56bfc062723c751e8b465ee728b)
Start importing Assets/Resources/UI Components/ControlsPanel_DeleteAllBtn.png using Guid(55b03a42a3cc66e4ab2e7d10d719b7c6) Importer(815301076,1909f56bfc062723c751e8b465ee728b)  -> (artifact id: 'dd3a3398efb4db2764c6c8c738329ebe') in 0.052979 seconds 
  Import took 0.059762 seconds .

========================================================================
Received Import Request.
  Time since last request: 0.000410 seconds.
  path: Assets/Resources/UI Components/Game_FormasPanel_Background.png
  artifactKey: Guid(2d5e3f1240bd8a34fa7130996a01f9ed) Importer(815301076,1909f56bfc062723c751e8b465ee728b)
Start importing Assets/Resources/UI Components/Game_FormasPanel_Background.png using Guid(2d5e3f1240bd8a34fa7130996a01f9ed) Importer(815301076,1909f56bfc062723c751e8b465ee728b)  -> (artifact id: '7e5b7a3206c6e19f812bf65d4dc1efc7') in 0.075756 seconds 
  Import took 0.081976 seconds .

========================================================================
Received Import Request.
  Time since last request: 0.000386 seconds.
  path: Assets/Resources/UI Components/FormasPanel_Background.png
  artifactKey: Guid(043f19e5a4475b748bdc2b0ef70cc952) Importer(815301076,1909f56bfc062723c751e8b465ee728b)
Start importing Assets/Resources/UI Components/FormasPanel_Background.png using Guid(043f19e5a4475b748bdc2b0ef70cc952) Importer(815301076,1909f56bfc062723c751e8b465ee728b)  -> (artifact id: '856114df59f75bc22f860a94656599b1') in 0.048143 seconds 
  Import took 0.054296 seconds .

========================================================================
Received Import Request.
  Time since last request: 0.000387 seconds.
  path: Assets/Resources/UI Components/ControlsPanel_ColorPicker_LeftBtn.png
  artifactKey: Guid(79a1c9c35721ac244abb9dce3a727fcd) Importer(815301076,1909f56bfc062723c751e8b465ee728b)
Start importing Assets/Resources/UI Components/ControlsPanel_ColorPicker_LeftBtn.png using Guid(79a1c9c35721ac244abb9dce3a727fcd) Importer(815301076,1909f56bfc062723c751e8b465ee728b)  -> (artifact id: 'ff5e6ff4ae89eced429b28e60c7323dc') in 0.053861 seconds 
  Import took 0.063427 seconds .

========================================================================
Received Import Request.
  Time since last request: 0.000451 seconds.
  path: Assets/Resources/UI Components/Game_PopupCheckAnswer_Background.png
  artifactKey: Guid(559c6618948fe604ab82d5376ff5bb9b) Importer(815301076,1909f56bfc062723c751e8b465ee728b)
Start importing Assets/Resources/UI Components/Game_PopupCheckAnswer_Background.png using Guid(559c6618948fe604ab82d5376ff5bb9b) Importer(815301076,1909f56bfc062723c751e8b465ee728b)  -> (artifact id: '9de670fc53333c2a06e589c1d105269c') in 0.024078 seconds 
  Import took 0.030023 seconds .

========================================================================
Received Import Request.
  Time since last request: 406.346309 seconds.
  path: Assets/Resources/UI Components/Header_Background.png
  artifactKey: Guid(b5661bc640fa53a41ae8e6cca3c80f02) Importer(815301076,1909f56bfc062723c751e8b465ee728b)
Start importing Assets/Resources/UI Components/Header_Background.png using Guid(b5661bc640fa53a41ae8e6cca3c80f02) Importer(815301076,1909f56bfc062723c751e8b465ee728b)  -> (artifact id: 'e8c0c1f311bc820be9232468ab71bd1c') in 0.386546 seconds 
  Import took 0.518351 seconds .

========================================================================
Received Import Request.
  Time since last request: 0.000537 seconds.
  path: Assets/Resources/UI Components/Header_ExitBtn.png
  artifactKey: Guid(89c15d7dc8026f74abd94df111f5b21c) Importer(815301076,1909f56bfc062723c751e8b465ee728b)
Start importing Assets/Resources/UI Components/Header_ExitBtn.png using Guid(89c15d7dc8026f74abd94df111f5b21c) Importer(815301076,1909f56bfc062723c751e8b465ee728b)  -> (artifact id: 'dfb95bc1d8470050a3321e1e32a970c6') in 0.058767 seconds 
  Import took 0.084813 seconds .

========================================================================
Received Import Request.
  Time since last request: 0.001484 seconds.
  path: Assets/Resources/UI Components/Header_GameBtn_Off.png
  artifactKey: Guid(7077c6cd2578abb4f8f91863ee36d1a8) Importer(815301076,1909f56bfc062723c751e8b465ee728b)
Start importing Assets/Resources/UI Components/Header_GameBtn_Off.png using Guid(7077c6cd2578abb4f8f91863ee36d1a8) Importer(815301076,1909f56bfc062723c751e8b465ee728b)  -> (artifact id: '11c9415ab3573377a4be97350dbf62ed') in 0.052229 seconds 
  Import took 0.089369 seconds .

========================================================================
Received Import Request.
  Time since last request: 0.000559 seconds.
  path: Assets/Resources/UI Components/Header_ExitBtn.png
  artifactKey: Guid(89c15d7dc8026f74abd94df111f5b21c) Importer(815301076,1909f56bfc062723c751e8b465ee728b)
Start importing Assets/Resources/UI Components/Header_ExitBtn.png using Guid(89c15d7dc8026f74abd94df111f5b21c) Importer(815301076,1909f56bfc062723c751e8b465ee728b)  -> (artifact id: 'dfb95bc1d8470050a3321e1e32a970c6') in 0.018074 seconds 
  Import took 0.038853 seconds .

========================================================================
Received Import Request.
  Time since last request: 0.000417 seconds.
  path: Assets/Resources/UI Components/Header_Background.png
  artifactKey: Guid(b5661bc640fa53a41ae8e6cca3c80f02) Importer(815301076,1909f56bfc062723c751e8b465ee728b)
Start importing Assets/Resources/UI Components/Header_Background.png using Guid(b5661bc640fa53a41ae8e6cca3c80f02) Importer(815301076,1909f56bfc062723c751e8b465ee728b)  -> (artifact id: 'e8c0c1f311bc820be9232468ab71bd1c') in 0.020151 seconds 
  Import took 0.028230 seconds .

========================================================================
Received Import Request.
  Time since last request: 0.870697 seconds.
  path: Assets/Resources/UI Components/Header_GameBtn_On.png
  artifactKey: Guid(b7b95d6ea5a22df4bb7ece561e8d25f7) Importer(815301076,1909f56bfc062723c751e8b465ee728b)
Start importing Assets/Resources/UI Components/Header_GameBtn_On.png using Guid(b7b95d6ea5a22df4bb7ece561e8d25f7) Importer(815301076,1909f56bfc062723c751e8b465ee728b)  -> (artifact id: 'e0b5099b02eb0d89c10343ea018051f3') in 0.071017 seconds 
  Import took 0.096483 seconds .

========================================================================
Received Import Request.
  Time since last request: 0.000937 seconds.
  path: Assets/Resources/UI Components/Header_MuteBtn_On.png
  artifactKey: Guid(1372b81ece779da4eacd746412cb1733) Importer(815301076,1909f56bfc062723c751e8b465ee728b)
Start importing Assets/Resources/UI Components/Header_MuteBtn_On.png using Guid(1372b81ece779da4eacd746412cb1733) Importer(815301076,1909f56bfc062723c751e8b465ee728b)  -> (artifact id: 'b7aa534b72b5e3c9d1599d6ba0058751') in 0.070364 seconds 
  Import took 0.117251 seconds .

========================================================================
Received Import Request.
  Time since last request: 0.000666 seconds.
  path: Assets/Resources/UI Components/Menu_InstrucoesBtn.png
  artifactKey: Guid(0d3aea8a8a4356543849ec5a19572c2d) Importer(815301076,1909f56bfc062723c751e8b465ee728b)
Start importing Assets/Resources/UI Components/Menu_InstrucoesBtn.png using Guid(0d3aea8a8a4356543849ec5a19572c2d) Importer(815301076,1909f56bfc062723c751e8b465ee728b)  -> (artifact id: 'e9eb83d53150256af495970355b7e921') in 0.044856 seconds 
  Import took 0.080595 seconds .

========================================================================
Received Import Request.
  Time since last request: 0.000412 seconds.
  path: Assets/Resources/UI Components/Header_MinimizeBtn.png
  artifactKey: Guid(9270674f47f11dd4fbbfeee359f1a6fa) Importer(815301076,1909f56bfc062723c751e8b465ee728b)
Start importing Assets/Resources/UI Components/Header_MinimizeBtn.png using Guid(9270674f47f11dd4fbbfeee359f1a6fa) Importer(815301076,1909f56bfc062723c751e8b465ee728b)  -> (artifact id: '22acfcbafe75bfee746070d6c4c8840e') in 0.036876 seconds 
  Import took 0.071873 seconds .

========================================================================
Received Import Request.
  Time since last request: 0.000501 seconds.
  path: Assets/Resources/UI Components/InfoPanel_PlusTimeBtn.png
  artifactKey: Guid(f12cd9a5308f32c47ab7abaa12ae382c) Importer(815301076,1909f56bfc062723c751e8b465ee728b)
Start importing Assets/Resources/UI Components/InfoPanel_PlusTimeBtn.png using Guid(f12cd9a5308f32c47ab7abaa12ae382c) Importer(815301076,1909f56bfc062723c751e8b465ee728b)  -> (artifact id: 'a71546ee53dc93d5124f38475e8f46a6') in 0.038778 seconds 
  Import took 0.061546 seconds .

========================================================================
Received Import Request.
  Time since last request: 0.000419 seconds.
  path: Assets/Resources/UI Components/Menu_CreditosModal_CloseBtn.png
  artifactKey: Guid(39931238717965d4683eccbe611fa4c1) Importer(815301076,1909f56bfc062723c751e8b465ee728b)
Start importing Assets/Resources/UI Components/Menu_CreditosModal_CloseBtn.png using Guid(39931238717965d4683eccbe611fa4c1) Importer(815301076,1909f56bfc062723c751e8b465ee728b)  -> (artifact id: 'bdbff52d9ff07370af90acddeb9ef09f') in 0.079053 seconds 
  Import took 0.107238 seconds .

========================================================================
Received Import Request.
  Time since last request: 0.001549 seconds.
  path: Assets/Resources/UI Components/Menu_GameBtn.png
  artifactKey: Guid(d03dcf1c116298943bbeec4fc3a662fa) Importer(815301076,1909f56bfc062723c751e8b465ee728b)
Start importing Assets/Resources/UI Components/Menu_GameBtn.png using Guid(d03dcf1c116298943bbeec4fc3a662fa) Importer(815301076,1909f56bfc062723c751e8b465ee728b)  -> (artifact id: '5c367074b5984545be26b1437b63454a') in 0.029978 seconds 
  Import took 0.054898 seconds .

========================================================================
Received Import Request.
  Time since last request: 0.000427 seconds.
  path: Assets/Resources/UI Components/InfoPanel_TimerInfo.png
  artifactKey: Guid(beccd463b94701d44acede66ab3fce86) Importer(815301076,1909f56bfc062723c751e8b465ee728b)
Start importing Assets/Resources/UI Components/InfoPanel_TimerInfo.png using Guid(beccd463b94701d44acede66ab3fce86) Importer(815301076,1909f56bfc062723c751e8b465ee728b)  -> (artifact id: '330771279406622be308bdcb5a1e54d7') in 0.042333 seconds 
  Import took 0.062733 seconds .

========================================================================
Received Import Request.
  Time since last request: 0.000549 seconds.
  path: Assets/Resources/UI Components/Menu_CreditosBtn.png
  artifactKey: Guid(9dc2af4f676b9a5488453e7532b7cf93) Importer(815301076,1909f56bfc062723c751e8b465ee728b)
Start importing Assets/Resources/UI Components/Menu_CreditosBtn.png using Guid(9dc2af4f676b9a5488453e7532b7cf93) Importer(815301076,1909f56bfc062723c751e8b465ee728b)  -> (artifact id: 'da9099585df5f7d4ca91584bb1352916') in 0.039328 seconds 
  Import took 0.106057 seconds .

========================================================================
Received Import Request.
  Time since last request: 0.000386 seconds.
  path: Assets/Resources/UI Components/Header_MuteBtn_Off.png
  artifactKey: Guid(bf6f2f41cb4d6fe4897667e32a84e753) Importer(815301076,1909f56bfc062723c751e8b465ee728b)
Start importing Assets/Resources/UI Components/Header_MuteBtn_Off.png using Guid(bf6f2f41cb4d6fe4897667e32a84e753) Importer(815301076,1909f56bfc062723c751e8b465ee728b)  -> (artifact id: '64b203dfeca37f506b8ef1d820cdd082') in 0.068670 seconds 
  Import took 0.116371 seconds .

========================================================================
Received Import Request.
  Time since last request: 0.000399 seconds.
  path: Assets/Resources/UI Components/Menu_CreditosModal.png
  artifactKey: Guid(a95753b920a8c534f9918c0760fe26ec) Importer(815301076,1909f56bfc062723c751e8b465ee728b)
Start importing Assets/Resources/UI Components/Menu_CreditosModal.png using Guid(a95753b920a8c534f9918c0760fe26ec) Importer(815301076,1909f56bfc062723c751e8b465ee728b)  -> (artifact id: '7fd6233624347700367db503e196afe8') in 0.115295 seconds 
  Import took 0.177554 seconds .

========================================================================
Received Import Request.
  Time since last request: 175.305985 seconds.
  path: Assets/Scripts/MenuModeManager.cs
  artifactKey: Guid(da35d91eedafc0b468dcbd98e27be305) Importer(815301076,1909f56bfc062723c751e8b465ee728b)
Start importing Assets/Scripts/MenuModeManager.cs using Guid(da35d91eedafc0b468dcbd98e27be305) Importer(815301076,1909f56bfc062723c751e8b465ee728b)  -> (artifact id: '2792c0f841e45c81f58a8f0023ca95de') in 0.600671 seconds 
  Import took 0.649545 seconds .

========================================================================
Received Import Request.
  Time since last request: 165.680017 seconds.
  path: Assets/Scripts/MenuModeManager.cs
  artifactKey: Guid(da35d91eedafc0b468dcbd98e27be305) Importer(815301076,1909f56bfc062723c751e8b465ee728b)
Start importing Assets/Scripts/MenuModeManager.cs using Guid(da35d91eedafc0b468dcbd98e27be305) Importer(815301076,1909f56bfc062723c751e8b465ee728b)  -> (artifact id: '170d2dd75c3385594a5c88a841cd85a5') in 0.205740 seconds 
  Import took 0.571730 seconds .

========================================================================
Received Prepare
Registering precompiled user dll's ...
Registered in 0.125028 seconds.
Begin MonoManager ReloadAssembly
Native extension for WindowsStandalone target not found
Native extension for WebGL target not found
Refreshing native plugins compatible for Editor in 0.66 ms, found 3 plugins.
Preloading 0 native plugins for Editor in 0.00 ms.
Mono: successfully reloaded assembly
- Completed reload, in  4.508 seconds
Domain Reload Profiling:
	ReloadAssembly (4527ms)
		BeginReloadAssembly (1217ms)
			ExecutionOrderSort (0ms)
			DisableScriptedObjects (169ms)
			BackupInstance (0ms)
			ReleaseScriptingObjects (0ms)
			CreateAndSetChildDomain (736ms)
		EndReloadAssembly (3198ms)
			LoadAssemblies (1054ms)
			RebuildTransferFunctionScriptingTraits (0ms)
			SetupTypeCache (1038ms)
			ReleaseScriptCaches (3ms)
			RebuildScriptCaches (70ms)
			SetupLoadedEditorAssemblies (768ms)
				LogAssemblyErrors (0ms)
				InitializePlatformSupportModulesInManaged (27ms)
				SetLoadedEditorAssemblies (1ms)
				RefreshPlugins (1ms)
				BeforeProcessingInitializeOnLoad (173ms)
				ProcessInitializeOnLoadAttributes (554ms)
				ProcessInitializeOnLoadMethodAttributes (8ms)
				AfterProcessingInitializeOnLoad (4ms)
				EditorAssembliesLoaded (0ms)
			ExecutionOrderSort2 (0ms)
			AwakeInstancesAfterBackupRestoration (28ms)
Platform modules already initialized, skipping
Refreshing native plugins compatible for Editor in 0.89 ms, found 3 plugins.
Preloading 0 native plugins for Editor in 0.00 ms.
Unloading 2098 Unused Serialized files (Serialized files now loaded: 0)
System memory in use before: 116.5 MB.
System memory in use after: 116.5 MB.

Unloading 21 unused Assets to reduce memory usage. Loaded Objects now: 2601.
Total: 181.586200 ms (FindLiveObjects: 1.094200 ms CreateObjectMapping: 0.346000 ms MarkObjects: 173.902500 ms  DeleteObjects: 6.239300 ms)

AssetImportParameters requested are different than current active one (requested -> active):
  custom:framework-win-MediaFoundation: 216162199b28c13a410421893ffa2e32 -> 
  custom:video-decoder-ogg-theora: a1e56fd34408186e4bbccfd4996cb3dc -> 
  custom:container-muxer-webm: aa71ff27fc2769a1b78a27578f13a17b -> 
  custom:container-demuxer-webm: 4f35f7cbe854078d1ac9338744f61a02 -> 
  custom:container-demuxer-ogg: 62fdf1f143b41e24485cea50d1cbac27 -> 
  custom:video-encoder-webm-vp8: eb34c28f22e8b96e1ab97ce403110664 -> 
  custom:video-decoder-webm-vp8: 9c59270c3fd7afecdb556c50c9e8de78 -> 
  custom:audio-decoder-ogg-vorbis: bf7c407c2cedff20999df2af8eb42d56 -> 
  custom:audio-encoder-webm-vorbis: bf7c407c2cedff20999df2af8eb42d56 -> 
========================================================================
Received Import Request.
  Time since last request: 184.960678 seconds.
  path: Assets/Resources/UI Components/InfoPanel_Background.png
  artifactKey: Guid(606bdb3111756944e9fd07688eb0e139) Importer(815301076,1909f56bfc062723c751e8b465ee728b)
Start importing Assets/Resources/UI Components/InfoPanel_Background.png using Guid(606bdb3111756944e9fd07688eb0e139) Importer(815301076,1909f56bfc062723c751e8b465ee728b)  -> (artifact id: '39c9dc4b440fc8eb1f336becc806e5f9') in 1.015681 seconds 
  Import took 1.071271 seconds .

========================================================================
Received Import Request.
  Time since last request: 0.001121 seconds.
  path: Assets/Resources/UI Components/InfoPanel_ScoreInfo.png
  artifactKey: Guid(b322be624f387d240b5a7b11d5c5d13a) Importer(815301076,1909f56bfc062723c751e8b465ee728b)
Start importing Assets/Resources/UI Components/InfoPanel_ScoreInfo.png using Guid(b322be624f387d240b5a7b11d5c5d13a) Importer(815301076,1909f56bfc062723c751e8b465ee728b)  -> (artifact id: '3d621565c5d692d83c75196027771130') in 0.082581 seconds 
  Import took 0.113140 seconds .

========================================================================
Received Import Request.
  Time since last request: 0.000559 seconds.
  path: Assets/Resources/UI Components/PerguntaPanel_OptionBtn.png
  artifactKey: Guid(85fbb70713731c648b4a51bbc1d6e4f9) Importer(815301076,1909f56bfc062723c751e8b465ee728b)
Start importing Assets/Resources/UI Components/PerguntaPanel_OptionBtn.png using Guid(85fbb70713731c648b4a51bbc1d6e4f9) Importer(815301076,1909f56bfc062723c751e8b465ee728b)  -> (artifact id: 'f2bf19b86aee69226d6cc42ef6ebe27d') in 0.040130 seconds 
  Import took 0.060975 seconds .

========================================================================
Received Import Request.
  Time since last request: 0.000459 seconds.
  path: Assets/Resources/UI Components/InfoPanel_WrongQuestionsInfo.png
  artifactKey: Guid(d0467b25c60c7574581ff1b31c38ecc0) Importer(815301076,1909f56bfc062723c751e8b465ee728b)
Start importing Assets/Resources/UI Components/InfoPanel_WrongQuestionsInfo.png using Guid(d0467b25c60c7574581ff1b31c38ecc0) Importer(815301076,1909f56bfc062723c751e8b465ee728b)  -> (artifact id: 'c5b689a3aee88dec765c1bab567093d1') in 0.071458 seconds 
  Import took 0.100881 seconds .

========================================================================
Received Import Request.
  Time since last request: 0.001173 seconds.
  path: Assets/Resources/UI Components/Menu_SairBtn.png
  artifactKey: Guid(0eb7d36407fb5a243bffedb6c01b6c14) Importer(815301076,1909f56bfc062723c751e8b465ee728b)
Start importing Assets/Resources/UI Components/Menu_SairBtn.png using Guid(0eb7d36407fb5a243bffedb6c01b6c14) Importer(815301076,1909f56bfc062723c751e8b465ee728b)  -> (artifact id: '4c97f2bd9ea5249f850440aa154ffa20') in 0.033384 seconds 
  Import took 0.063745 seconds .

========================================================================
Received Import Request.
  Time since last request: 0.000428 seconds.
  path: Assets/Resources/UI Components/Menu_InstrucoesModal_CloseBtn.png
  artifactKey: Guid(94d8e57e2ad986a4194b6463bbc6962c) Importer(815301076,1909f56bfc062723c751e8b465ee728b)
Start importing Assets/Resources/UI Components/Menu_InstrucoesModal_CloseBtn.png using Guid(94d8e57e2ad986a4194b6463bbc6962c) Importer(815301076,1909f56bfc062723c751e8b465ee728b)  -> (artifact id: '7529f0c5743656c52a25a0221a02e94c') in 0.058072 seconds 
  Import took 0.089266 seconds .

========================================================================
Received Import Request.
  Time since last request: 0.000399 seconds.
  path: Assets/Resources/UI Components/PerguntaPanel_Background.png
  artifactKey: Guid(56208005ae2f83f4aa7fba25c44cb753) Importer(815301076,1909f56bfc062723c751e8b465ee728b)
Start importing Assets/Resources/UI Components/PerguntaPanel_Background.png using Guid(56208005ae2f83f4aa7fba25c44cb753) Importer(815301076,1909f56bfc062723c751e8b465ee728b)  -> (artifact id: 'ccc1f121856cb8bef663dccbe282bf11') in 0.076821 seconds 
  Import took 0.104002 seconds .

========================================================================
Received Import Request.
  Time since last request: 0.000414 seconds.
  path: Assets/Resources/UI Components/Menu_InstrucoesModal.png
  artifactKey: Guid(9119b618f8a573b4d871b80d9568a4f9) Importer(815301076,1909f56bfc062723c751e8b465ee728b)
Start importing Assets/Resources/UI Components/Menu_InstrucoesModal.png using Guid(9119b618f8a573b4d871b80d9568a4f9) Importer(815301076,1909f56bfc062723c751e8b465ee728b)  -> (artifact id: '64b7f1664cb296d0edd7e0ddd5c3699f') in 0.112387 seconds 
  Import took 0.134924 seconds .

========================================================================
Received Import Request.
  Time since last request: 0.000407 seconds.
  path: Assets/Resources/UI Components/InfoPanel_SkipBtn.png
  artifactKey: Guid(490ad4f8e166fca4a8c57c7b72fb6965) Importer(815301076,1909f56bfc062723c751e8b465ee728b)
Start importing Assets/Resources/UI Components/InfoPanel_SkipBtn.png using Guid(490ad4f8e166fca4a8c57c7b72fb6965) Importer(815301076,1909f56bfc062723c751e8b465ee728b)  -> (artifact id: '2585a92950b0bd57c034d5d9dde9f075') in 0.040632 seconds 
  Import took 0.061333 seconds .

========================================================================
Received Import Request.
  Time since last request: 0.000526 seconds.
  path: Assets/Resources/UI Components/InfoPanel_TipBtn.png
  artifactKey: Guid(ddd46a354fd8ea548971db9cd26dc01c) Importer(815301076,1909f56bfc062723c751e8b465ee728b)
Start importing Assets/Resources/UI Components/InfoPanel_TipBtn.png using Guid(ddd46a354fd8ea548971db9cd26dc01c) Importer(815301076,1909f56bfc062723c751e8b465ee728b)  -> (artifact id: '534dee45517d7c2468d522096e796caf') in 0.060588 seconds 
  Import took 0.093871 seconds .

========================================================================
Received Import Request.
  Time since last request: 0.000622 seconds.
  path: Assets/Resources/UI Components/Menu_LabBtn.png
  artifactKey: Guid(8a4ae1a7296d2fe45b1f5a207076eb9c) Importer(815301076,1909f56bfc062723c751e8b465ee728b)
Start importing Assets/Resources/UI Components/Menu_LabBtn.png using Guid(8a4ae1a7296d2fe45b1f5a207076eb9c) Importer(815301076,1909f56bfc062723c751e8b465ee728b)  -> (artifact id: '0c23dcc1150124475ff169a645559830') in 0.034027 seconds 
  Import took 0.072617 seconds .

========================================================================
Received Prepare
Registering precompiled user dll's ...
Registered in 0.050832 seconds.
Begin MonoManager ReloadAssembly
Native extension for WindowsStandalone target not found
Native extension for WebGL target not found
Refreshing native plugins compatible for Editor in 2.01 ms, found 3 plugins.
Preloading 0 native plugins for Editor in 0.00 ms.
Mono: successfully reloaded assembly
- Completed reload, in 10.966 seconds
Domain Reload Profiling:
	ReloadAssembly (10968ms)
		BeginReloadAssembly (1087ms)
			ExecutionOrderSort (0ms)
			DisableScriptedObjects (60ms)
			BackupInstance (0ms)
			ReleaseScriptingObjects (1ms)
			CreateAndSetChildDomain (353ms)
		EndReloadAssembly (9373ms)
			LoadAssemblies (1152ms)
			RebuildTransferFunctionScriptingTraits (1ms)
			SetupTypeCache (3067ms)
			ReleaseScriptCaches (8ms)
			RebuildScriptCaches (552ms)
			SetupLoadedEditorAssemblies (3703ms)
				LogAssemblyErrors (0ms)
				InitializePlatformSupportModulesInManaged (87ms)
				SetLoadedEditorAssemblies (1ms)
				RefreshPlugins (2ms)
				BeforeProcessingInitializeOnLoad (818ms)
				ProcessInitializeOnLoadAttributes (2702ms)
				ProcessInitializeOnLoadMethodAttributes (74ms)
				AfterProcessingInitializeOnLoad (17ms)
				EditorAssembliesLoaded (1ms)
			ExecutionOrderSort2 (0ms)
			AwakeInstancesAfterBackupRestoration (113ms)
Platform modules already initialized, skipping
Refreshing native plugins compatible for Editor in 8.36 ms, found 3 plugins.
Preloading 0 native plugins for Editor in 0.00 ms.
Unloading 2098 Unused Serialized files (Serialized files now loaded: 0)
System memory in use before: 116.6 MB.
System memory in use after: 116.6 MB.

Unloading 21 unused Assets to reduce memory usage. Loaded Objects now: 2614.
Total: 18.705000 ms (FindLiveObjects: 0.662000 ms CreateObjectMapping: 0.289000 ms MarkObjects: 11.140100 ms  DeleteObjects: 6.609400 ms)

AssetImportParameters requested are different than current active one (requested -> active):
  custom:framework-win-MediaFoundation: 216162199b28c13a410421893ffa2e32 -> 
  custom:video-decoder-ogg-theora: a1e56fd34408186e4bbccfd4996cb3dc -> 
  custom:container-muxer-webm: aa71ff27fc2769a1b78a27578f13a17b -> 
  custom:container-demuxer-webm: 4f35f7cbe854078d1ac9338744f61a02 -> 
  custom:container-demuxer-ogg: 62fdf1f143b41e24485cea50d1cbac27 -> 
  custom:video-encoder-webm-vp8: eb34c28f22e8b96e1ab97ce403110664 -> 
  custom:video-decoder-webm-vp8: 9c59270c3fd7afecdb556c50c9e8de78 -> 
  custom:audio-decoder-ogg-vorbis: bf7c407c2cedff20999df2af8eb42d56 -> 
  custom:audio-encoder-webm-vorbis: bf7c407c2cedff20999df2af8eb42d56 -> 
========================================================================
Received Prepare
Registering precompiled user dll's ...
Registered in 0.004772 seconds.
Begin MonoManager ReloadAssembly
Native extension for WindowsStandalone target not found
Native extension for WebGL target not found
Refreshing native plugins compatible for Editor in 0.62 ms, found 3 plugins.
Preloading 0 native plugins for Editor in 0.00 ms.
Mono: successfully reloaded assembly
- Completed reload, in  2.125 seconds
Domain Reload Profiling:
	ReloadAssembly (2126ms)
		BeginReloadAssembly (398ms)
			ExecutionOrderSort (0ms)
			DisableScriptedObjects (24ms)
			BackupInstance (0ms)
			ReleaseScriptingObjects (0ms)
			CreateAndSetChildDomain (159ms)
		EndReloadAssembly (1620ms)
			LoadAssemblies (243ms)
			RebuildTransferFunctionScriptingTraits (0ms)
			SetupTypeCache (559ms)
			ReleaseScriptCaches (1ms)
			RebuildScriptCaches (64ms)
			SetupLoadedEditorAssemblies (656ms)
				LogAssemblyErrors (0ms)
				InitializePlatformSupportModulesInManaged (9ms)
				SetLoadedEditorAssemblies (1ms)
				RefreshPlugins (1ms)
				BeforeProcessingInitializeOnLoad (129ms)
				ProcessInitializeOnLoadAttributes (499ms)
				ProcessInitializeOnLoadMethodAttributes (11ms)
				AfterProcessingInitializeOnLoad (6ms)
				EditorAssembliesLoaded (0ms)
			ExecutionOrderSort2 (0ms)
			AwakeInstancesAfterBackupRestoration (27ms)
Platform modules already initialized, skipping
Refreshing native plugins compatible for Editor in 1.05 ms, found 3 plugins.
Preloading 0 native plugins for Editor in 0.00 ms.
Unloading 2098 Unused Serialized files (Serialized files now loaded: 0)
System memory in use before: 116.6 MB.
System memory in use after: 116.6 MB.

Unloading 21 unused Assets to reduce memory usage. Loaded Objects now: 2618.
Total: 4.225300 ms (FindLiveObjects: 0.257300 ms CreateObjectMapping: 0.095200 ms MarkObjects: 3.703100 ms  DeleteObjects: 0.167800 ms)

AssetImportParameters requested are different than current active one (requested -> active):
  custom:framework-win-MediaFoundation: 216162199b28c13a410421893ffa2e32 -> 
  custom:video-decoder-ogg-theora: a1e56fd34408186e4bbccfd4996cb3dc -> 
  custom:container-muxer-webm: aa71ff27fc2769a1b78a27578f13a17b -> 
  custom:container-demuxer-webm: 4f35f7cbe854078d1ac9338744f61a02 -> 
  custom:container-demuxer-ogg: 62fdf1f143b41e24485cea50d1cbac27 -> 
  custom:video-encoder-webm-vp8: eb34c28f22e8b96e1ab97ce403110664 -> 
  custom:video-decoder-webm-vp8: 9c59270c3fd7afecdb556c50c9e8de78 -> 
  custom:audio-decoder-ogg-vorbis: bf7c407c2cedff20999df2af8eb42d56 -> 
  custom:audio-encoder-webm-vorbis: bf7c407c2cedff20999df2af8eb42d56 -> 
========================================================================
Received Prepare
Registering precompiled user dll's ...
Registered in 0.073711 seconds.
Begin MonoManager ReloadAssembly
Native extension for WindowsStandalone target not found
Native extension for WebGL target not found
Refreshing native plugins compatible for Editor in 1.66 ms, found 3 plugins.
Preloading 0 native plugins for Editor in 0.00 ms.
Mono: successfully reloaded assembly
- Completed reload, in  4.360 seconds
Domain Reload Profiling:
	ReloadAssembly (4361ms)
		BeginReloadAssembly (437ms)
			ExecutionOrderSort (0ms)
			DisableScriptedObjects (26ms)
			BackupInstance (0ms)
			ReleaseScriptingObjects (0ms)
			CreateAndSetChildDomain (127ms)
		EndReloadAssembly (3708ms)
			LoadAssemblies (431ms)
			RebuildTransferFunctionScriptingTraits (0ms)
			SetupTypeCache (1180ms)
			ReleaseScriptCaches (4ms)
			RebuildScriptCaches (193ms)
			SetupLoadedEditorAssemblies (1527ms)
				LogAssemblyErrors (0ms)
				InitializePlatformSupportModulesInManaged (26ms)
				SetLoadedEditorAssemblies (1ms)
				RefreshPlugins (2ms)
				BeforeProcessingInitializeOnLoad (361ms)
				ProcessInitializeOnLoadAttributes (1106ms)
				ProcessInitializeOnLoadMethodAttributes (22ms)
				AfterProcessingInitializeOnLoad (8ms)
				EditorAssembliesLoaded (0ms)
			ExecutionOrderSort2 (0ms)
			AwakeInstancesAfterBackupRestoration (40ms)
Platform modules already initialized, skipping
Refreshing native plugins compatible for Editor in 2.06 ms, found 3 plugins.
Preloading 0 native plugins for Editor in 0.00 ms.
Unloading 2098 Unused Serialized files (Serialized files now loaded: 0)
System memory in use before: 116.6 MB.
System memory in use after: 116.6 MB.

Unloading 21 unused Assets to reduce memory usage. Loaded Objects now: 2622.
Total: 10.779000 ms (FindLiveObjects: 1.002300 ms CreateObjectMapping: 1.553800 ms MarkObjects: 7.931100 ms  DeleteObjects: 0.288800 ms)

AssetImportParameters requested are different than current active one (requested -> active):
  custom:framework-win-MediaFoundation: 216162199b28c13a410421893ffa2e32 -> 
  custom:video-decoder-ogg-theora: a1e56fd34408186e4bbccfd4996cb3dc -> 
  custom:container-muxer-webm: aa71ff27fc2769a1b78a27578f13a17b -> 
  custom:container-demuxer-webm: 4f35f7cbe854078d1ac9338744f61a02 -> 
  custom:container-demuxer-ogg: 62fdf1f143b41e24485cea50d1cbac27 -> 
  custom:video-encoder-webm-vp8: eb34c28f22e8b96e1ab97ce403110664 -> 
  custom:video-decoder-webm-vp8: 9c59270c3fd7afecdb556c50c9e8de78 -> 
  custom:audio-decoder-ogg-vorbis: bf7c407c2cedff20999df2af8eb42d56 -> 
  custom:audio-encoder-webm-vorbis: bf7c407c2cedff20999df2af8eb42d56 -> 
========================================================================
Received Prepare
Registering precompiled user dll's ...
Registered in 0.004859 seconds.
Begin MonoManager ReloadAssembly
Native extension for WindowsStandalone target not found
Native extension for WebGL target not found
Refreshing native plugins compatible for Editor in 1.20 ms, found 3 plugins.
Preloading 0 native plugins for Editor in 0.00 ms.
Mono: successfully reloaded assembly
- Completed reload, in  2.386 seconds
Domain Reload Profiling:
	ReloadAssembly (2386ms)
		BeginReloadAssembly (200ms)
			ExecutionOrderSort (0ms)
			DisableScriptedObjects (9ms)
			BackupInstance (0ms)
			ReleaseScriptingObjects (0ms)
			CreateAndSetChildDomain (58ms)
		EndReloadAssembly (2076ms)
			LoadAssemblies (181ms)
			RebuildTransferFunctionScriptingTraits (0ms)
			SetupTypeCache (539ms)
			ReleaseScriptCaches (2ms)
			RebuildScriptCaches (125ms)
			SetupLoadedEditorAssemblies (993ms)
				LogAssemblyErrors (0ms)
				InitializePlatformSupportModulesInManaged (17ms)
				SetLoadedEditorAssemblies (1ms)
				RefreshPlugins (19ms)
				BeforeProcessingInitializeOnLoad (176ms)
				ProcessInitializeOnLoadAttributes (719ms)
				ProcessInitializeOnLoadMethodAttributes (52ms)
				AfterProcessingInitializeOnLoad (8ms)
				EditorAssembliesLoaded (0ms)
			ExecutionOrderSort2 (0ms)
			AwakeInstancesAfterBackupRestoration (23ms)
Platform modules already initialized, skipping
Refreshing native plugins compatible for Editor in 1.04 ms, found 3 plugins.
Preloading 0 native plugins for Editor in 0.00 ms.
Unloading 2098 Unused Serialized files (Serialized files now loaded: 0)
System memory in use before: 116.7 MB.
System memory in use after: 116.6 MB.

Unloading 21 unused Assets to reduce memory usage. Loaded Objects now: 2626.
Total: 6.159200 ms (FindLiveObjects: 0.478400 ms CreateObjectMapping: 0.169900 ms MarkObjects: 5.308300 ms  DeleteObjects: 0.199200 ms)

AssetImportParameters requested are different than current active one (requested -> active):
  custom:framework-win-MediaFoundation: 216162199b28c13a410421893ffa2e32 -> 
  custom:video-decoder-ogg-theora: a1e56fd34408186e4bbccfd4996cb3dc -> 
  custom:container-muxer-webm: aa71ff27fc2769a1b78a27578f13a17b -> 
  custom:container-demuxer-webm: 4f35f7cbe854078d1ac9338744f61a02 -> 
  custom:container-demuxer-ogg: 62fdf1f143b41e24485cea50d1cbac27 -> 
  custom:video-encoder-webm-vp8: eb34c28f22e8b96e1ab97ce403110664 -> 
  custom:video-decoder-webm-vp8: 9c59270c3fd7afecdb556c50c9e8de78 -> 
  custom:audio-decoder-ogg-vorbis: bf7c407c2cedff20999df2af8eb42d56 -> 
  custom:audio-encoder-webm-vorbis: bf7c407c2cedff20999df2af8eb42d56 -> 
========================================================================
Received Prepare
Registering precompiled user dll's ...
Registered in 0.038363 seconds.
Begin MonoManager ReloadAssembly
Native extension for WindowsStandalone target not found
Native extension for WebGL target not found
Refreshing native plugins compatible for Editor in 0.59 ms, found 3 plugins.
Preloading 0 native plugins for Editor in 0.00 ms.
Mono: successfully reloaded assembly
- Completed reload, in  1.966 seconds
Domain Reload Profiling:
	ReloadAssembly (1967ms)
		BeginReloadAssembly (381ms)
			ExecutionOrderSort (0ms)
			DisableScriptedObjects (9ms)
			BackupInstance (0ms)
			ReleaseScriptingObjects (0ms)
			CreateAndSetChildDomain (119ms)
		EndReloadAssembly (1449ms)
			LoadAssemblies (321ms)
			RebuildTransferFunctionScriptingTraits (0ms)
			SetupTypeCache (478ms)
			ReleaseScriptCaches (1ms)
			RebuildScriptCaches (63ms)
			SetupLoadedEditorAssemblies (570ms)
				LogAssemblyErrors (0ms)
				InitializePlatformSupportModulesInManaged (9ms)
				SetLoadedEditorAssemblies (1ms)
				RefreshPlugins (1ms)
				BeforeProcessingInitializeOnLoad (124ms)
				ProcessInitializeOnLoadAttributes (425ms)
				ProcessInitializeOnLoadMethodAttributes (7ms)
				AfterProcessingInitializeOnLoad (4ms)
				EditorAssembliesLoaded (0ms)
			ExecutionOrderSort2 (0ms)
			AwakeInstancesAfterBackupRestoration (14ms)
Platform modules already initialized, skipping
Refreshing native plugins compatible for Editor in 1.33 ms, found 3 plugins.
Preloading 0 native plugins for Editor in 0.00 ms.
Unloading 2098 Unused Serialized files (Serialized files now loaded: 0)
System memory in use before: 116.7 MB.
System memory in use after: 116.6 MB.

Unloading 21 unused Assets to reduce memory usage. Loaded Objects now: 2630.
Total: 4.089500 ms (FindLiveObjects: 0.250900 ms CreateObjectMapping: 0.096700 ms MarkObjects: 3.567800 ms  DeleteObjects: 0.172200 ms)

AssetImportParameters requested are different than current active one (requested -> active):
  custom:framework-win-MediaFoundation: 216162199b28c13a410421893ffa2e32 -> 
  custom:video-decoder-ogg-theora: a1e56fd34408186e4bbccfd4996cb3dc -> 
  custom:container-muxer-webm: aa71ff27fc2769a1b78a27578f13a17b -> 
  custom:container-demuxer-webm: 4f35f7cbe854078d1ac9338744f61a02 -> 
  custom:container-demuxer-ogg: 62fdf1f143b41e24485cea50d1cbac27 -> 
  custom:video-encoder-webm-vp8: eb34c28f22e8b96e1ab97ce403110664 -> 
  custom:video-decoder-webm-vp8: 9c59270c3fd7afecdb556c50c9e8de78 -> 
  custom:audio-decoder-ogg-vorbis: bf7c407c2cedff20999df2af8eb42d56 -> 
  custom:audio-encoder-webm-vorbis: bf7c407c2cedff20999df2af8eb42d56 -> 
========================================================================
Received Import Request.
  Time since last request: 757.955198 seconds.
  path: Assets/Scenes/Introduction.unity
  artifactKey: Guid(2cda990e2423bbf4892e6590ba056729) Importer(815301076,1909f56bfc062723c751e8b465ee728b)
Start importing Assets/Scenes/Introduction.unity using Guid(2cda990e2423bbf4892e6590ba056729) Importer(815301076,1909f56bfc062723c751e8b465ee728b)  -> (artifact id: '8b4ee41dd3e45c5daa08221a0dbd0e33') in 0.055010 seconds 
  Import took 0.068164 seconds .

========================================================================
Received Import Request.
  Time since last request: 24.602526 seconds.
  path: Assets/Scenes/Menu.unity
  artifactKey: Guid(65ed36462c8728240be5899c8a1fe2c9) Importer(815301076,1909f56bfc062723c751e8b465ee728b)
Start importing Assets/Scenes/Menu.unity using Guid(65ed36462c8728240be5899c8a1fe2c9) Importer(815301076,1909f56bfc062723c751e8b465ee728b)  -> (artifact id: 'ddf653df10cb0e5086490297276c9436') in 0.008062 seconds 
  Import took 0.016826 seconds .

========================================================================
Received Prepare
Registering precompiled user dll's ...
Registered in 0.005023 seconds.
Begin MonoManager ReloadAssembly
Native extension for WindowsStandalone target not found
Native extension for WebGL target not found
Refreshing native plugins compatible for Editor in 1.47 ms, found 3 plugins.
Preloading 0 native plugins for Editor in 0.00 ms.
Mono: successfully reloaded assembly
- Completed reload, in  2.571 seconds
Domain Reload Profiling:
	ReloadAssembly (2572ms)
		BeginReloadAssembly (288ms)
			ExecutionOrderSort (0ms)
			DisableScriptedObjects (16ms)
			BackupInstance (0ms)
			ReleaseScriptingObjects (0ms)
			CreateAndSetChildDomain (89ms)
		EndReloadAssembly (2108ms)
			LoadAssemblies (259ms)
			RebuildTransferFunctionScriptingTraits (0ms)
			SetupTypeCache (697ms)
			ReleaseScriptCaches (1ms)
			RebuildScriptCaches (121ms)
			SetupLoadedEditorAssemblies (803ms)
				LogAssemblyErrors (0ms)
				InitializePlatformSupportModulesInManaged (25ms)
				SetLoadedEditorAssemblies (1ms)
				RefreshPlugins (2ms)
				BeforeProcessingInitializeOnLoad (172ms)
				ProcessInitializeOnLoadAttributes (581ms)
				ProcessInitializeOnLoadMethodAttributes (15ms)
				AfterProcessingInitializeOnLoad (7ms)
				EditorAssembliesLoaded (0ms)
			ExecutionOrderSort2 (0ms)
			AwakeInstancesAfterBackupRestoration (21ms)
Platform modules already initialized, skipping
Refreshing native plugins compatible for Editor in 1.18 ms, found 3 plugins.
Preloading 0 native plugins for Editor in 0.00 ms.
Unloading 2098 Unused Serialized files (Serialized files now loaded: 0)
System memory in use before: 116.7 MB.
System memory in use after: 116.7 MB.

Unloading 21 unused Assets to reduce memory usage. Loaded Objects now: 2634.
Total: 17.214600 ms (FindLiveObjects: 0.694300 ms CreateObjectMapping: 0.496900 ms MarkObjects: 15.635500 ms  DeleteObjects: 0.384100 ms)

AssetImportParameters requested are different than current active one (requested -> active):
  custom:framework-win-MediaFoundation: 216162199b28c13a410421893ffa2e32 -> 
  custom:video-decoder-ogg-theora: a1e56fd34408186e4bbccfd4996cb3dc -> 
  custom:container-muxer-webm: aa71ff27fc2769a1b78a27578f13a17b -> 
  custom:container-demuxer-webm: 4f35f7cbe854078d1ac9338744f61a02 -> 
  custom:container-demuxer-ogg: 62fdf1f143b41e24485cea50d1cbac27 -> 
  custom:video-encoder-webm-vp8: eb34c28f22e8b96e1ab97ce403110664 -> 
  custom:video-decoder-webm-vp8: 9c59270c3fd7afecdb556c50c9e8de78 -> 
  custom:audio-decoder-ogg-vorbis: bf7c407c2cedff20999df2af8eb42d56 -> 
  custom:audio-encoder-webm-vorbis: bf7c407c2cedff20999df2af8eb42d56 -> 
========================================================================
Received Prepare
Registering precompiled user dll's ...
Registered in 0.512112 seconds.
Begin MonoManager ReloadAssembly
Native extension for WindowsStandalone target not found
Native extension for WebGL target not found
Refreshing native plugins compatible for Editor in 7.04 ms, found 3 plugins.
Preloading 0 native plugins for Editor in 0.00 ms.
Mono: successfully reloaded assembly
- Completed reload, in 18.445 seconds
Domain Reload Profiling:
	ReloadAssembly (18563ms)
		BeginReloadAssembly (5129ms)
			ExecutionOrderSort (0ms)
			DisableScriptedObjects (445ms)
			BackupInstance (0ms)
			ReleaseScriptingObjects (3ms)
			CreateAndSetChildDomain (2055ms)
		EndReloadAssembly (8661ms)
			LoadAssemblies (3045ms)
			RebuildTransferFunctionScriptingTraits (32ms)
			SetupTypeCache (2343ms)
			ReleaseScriptCaches (13ms)
			RebuildScriptCaches (256ms)
			SetupLoadedEditorAssemblies (3617ms)
				LogAssemblyErrors (0ms)
				InitializePlatformSupportModulesInManaged (173ms)
				SetLoadedEditorAssemblies (5ms)
				RefreshPlugins (21ms)
				BeforeProcessingInitializeOnLoad (844ms)
				ProcessInitializeOnLoadAttributes (2526ms)
				ProcessInitializeOnLoadMethodAttributes (35ms)
				AfterProcessingInitializeOnLoad (5ms)
				EditorAssembliesLoaded (8ms)
			ExecutionOrderSort2 (0ms)
			AwakeInstancesAfterBackupRestoration (52ms)
Platform modules already initialized, skipping
Refreshing native plugins compatible for Editor in 2.51 ms, found 3 plugins.
Preloading 0 native plugins for Editor in 0.00 ms.
Unloading 2098 Unused Serialized files (Serialized files now loaded: 0)
System memory in use before: 116.7 MB.
System memory in use after: 116.7 MB.

Unloading 21 unused Assets to reduce memory usage. Loaded Objects now: 2638.
Total: 174.412400 ms (FindLiveObjects: 11.858900 ms CreateObjectMapping: 0.473400 ms MarkObjects: 157.694000 ms  DeleteObjects: 4.382600 ms)

AssetImportParameters requested are different than current active one (requested -> active):
  custom:framework-win-MediaFoundation: 216162199b28c13a410421893ffa2e32 -> 
  custom:video-decoder-ogg-theora: a1e56fd34408186e4bbccfd4996cb3dc -> 
  custom:container-muxer-webm: aa71ff27fc2769a1b78a27578f13a17b -> 
  custom:container-demuxer-webm: 4f35f7cbe854078d1ac9338744f61a02 -> 
  custom:container-demuxer-ogg: 62fdf1f143b41e24485cea50d1cbac27 -> 
  custom:video-encoder-webm-vp8: eb34c28f22e8b96e1ab97ce403110664 -> 
  custom:video-decoder-webm-vp8: 9c59270c3fd7afecdb556c50c9e8de78 -> 
  custom:audio-decoder-ogg-vorbis: bf7c407c2cedff20999df2af8eb42d56 -> 
  custom:audio-encoder-webm-vorbis: bf7c407c2cedff20999df2af8eb42d56 -> 
========================================================================
Received Import Request.
  Time since last request: 653.600681 seconds.
  path: Assets/Fonts/Baloo2-VariableFont_wght.ttf
  artifactKey: Guid(26bc95c5f131a4a4cbca856cf9990877) Importer(815301076,1909f56bfc062723c751e8b465ee728b)
Start importing Assets/Fonts/Baloo2-VariableFont_wght.ttf using Guid(26bc95c5f131a4a4cbca856cf9990877) Importer(815301076,1909f56bfc062723c751e8b465ee728b)  -> (artifact id: '27634364e8c43d30e02c8386934a5ddc') in 1.816680 seconds 
  Import took 1.854247 seconds .

========================================================================
Received Import Request.
  Time since last request: 0.000788 seconds.
  path: Assets/Fonts/static/Baloo2-ExtraBold.ttf
  artifactKey: Guid(e65e55d273356fe4db8365945c95dc12) Importer(815301076,1909f56bfc062723c751e8b465ee728b)
Start importing Assets/Fonts/static/Baloo2-ExtraBold.ttf using Guid(e65e55d273356fe4db8365945c95dc12) Importer(815301076,1909f56bfc062723c751e8b465ee728b)  -> (artifact id: '4db7be9868f67d0018e4cf8d57c3a09a') in 0.124140 seconds 
  Import took 0.133641 seconds .

========================================================================
Received Import Request.
  Time since last request: 0.000913 seconds.
  path: Assets/Fonts/static/Baloo2-Medium.ttf
  artifactKey: Guid(37266ad77421a284b9e851a85c7cf378) Importer(815301076,1909f56bfc062723c751e8b465ee728b)
Start importing Assets/Fonts/static/Baloo2-Medium.ttf using Guid(37266ad77421a284b9e851a85c7cf378) Importer(815301076,1909f56bfc062723c751e8b465ee728b)  -> (artifact id: '9f0e931b27ed4eb9e55e2666db496202') in 0.102307 seconds 
  Import took 0.120628 seconds .

========================================================================
Received Import Request.
  Time since last request: 0.000176 seconds.
  path: Assets/Fonts/static/Baloo2-SemiBold.ttf
  artifactKey: Guid(7215fc5977cc11c4eba58e63b41d9444) Importer(815301076,1909f56bfc062723c751e8b465ee728b)
Start importing Assets/Fonts/static/Baloo2-SemiBold.ttf using Guid(7215fc5977cc11c4eba58e63b41d9444) Importer(815301076,1909f56bfc062723c751e8b465ee728b)  -> (artifact id: '345e57a8f4c3682e39f9a49ba7e6add1') in 0.092256 seconds 
  Import took 0.101181 seconds .

========================================================================
Received Import Request.
  Time since last request: 0.000498 seconds.
  path: Assets/Fonts/static/Baloo2-Regular.ttf
  artifactKey: Guid(83637602b5b16f4418365961382ee492) Importer(815301076,1909f56bfc062723c751e8b465ee728b)
Start importing Assets/Fonts/static/Baloo2-Regular.ttf using Guid(83637602b5b16f4418365961382ee492) Importer(815301076,1909f56bfc062723c751e8b465ee728b)  -> (artifact id: 'e074d6909302f0dfffe316a25213ce70') in 0.091632 seconds 
  Import took 0.108783 seconds .

========================================================================
Received Import Request.
  Time since last request: 0.078653 seconds.
  path: Assets/Fonts/static/Baloo2-Bold.ttf
  artifactKey: Guid(df73d839f5973224c86dc0ae4462dd3a) Importer(815301076,1909f56bfc062723c751e8b465ee728b)
Start importing Assets/Fonts/static/Baloo2-Bold.ttf using Guid(df73d839f5973224c86dc0ae4462dd3a) Importer(815301076,1909f56bfc062723c751e8b465ee728b)  -> (artifact id: '0760f6bbecc65ae02641f355e664e435') in 0.083748 seconds 
  Import took 0.093459 seconds .

AssetImportWorkerClient::OnTransportError - code=2 error=End of file
