Using pre-set license
Built from '2020.3/release' branch; Version is '2020.3.15f2 (6cf78cb77498) revision 7141260'; Using compiler version '192528614'; Build Type 'Release'
OS: 'Windows 10 Pro; OS build 19043.1645; Version 2009; 64bit' Language: 'pt' Physical Memory: 16314 MB
BatchMode: 1, IsHumanControllingUs: 0, StartBugReporterOnCrash: 0, Is64bit: 1, IsPro: 0

 COMMAND LINE ARGUMENTS:
D:\Program Files (x86)\Unity\2020.3.15f2\Editor\Unity.exe
-adb2
-batchMode
-noUpm
-name
AssetImportWorker0
-projectPath
C:/Users/Rafael/source/repos/GitHub/simulation-1/Sims 1
-logFile
Logs/AssetImportWorker0.log
-srvPort
51064
Successfully changed project path to: C:/Users/Rafael/source/repos/GitHub/simulation-1/Sims 1
C:/Users/Rafael/source/repos/GitHub/simulation-1/Sims 1
Using Asset Import Pipeline V2.
Refreshing native plugins compatible for Editor in 48.79 ms, found 3 plugins.
Preloading 0 native plugins for Editor in 0.00 ms.
Initialize engine version: 2020.3.15f2 (6cf78cb77498)
[Subsystems] Discovering subsystems at path D:/Program Files (x86)/Unity/2020.3.15f2/Editor/Data/Resources/UnitySubsystems
[Subsystems] Discovering subsystems at path C:/Users/Rafael/source/repos/GitHub/simulation-1/Sims 1/Assets
GfxDevice: creating device client; threaded=0
Direct3D:
    Version:  Direct3D 11.0 [level 11.1]
    Renderer: NVIDIA GeForce GTX 1060 6GB (ID=0x1c03)
    Vendor:   
    VRAM:     6052 MB
    Driver:   27.21.14.5671
Initialize mono
Mono path[0] = 'D:/Program Files (x86)/Unity/2020.3.15f2/Editor/Data/Managed'
Mono path[1] = 'D:/Program Files (x86)/Unity/2020.3.15f2/Editor/Data/MonoBleedingEdge/lib/mono/unityjit'
Mono config path = 'D:/Program Files (x86)/Unity/2020.3.15f2/Editor/Data/MonoBleedingEdge/etc'
Using monoOptions --debugger-agent=transport=dt_socket,embedding=1,server=y,suspend=n,address=127.0.0.1:56976
Begin MonoManager ReloadAssembly
Registering precompiled unity dll's ...
Register platform support module: D:/Program Files (x86)/Unity/2020.3.15f2/Editor/Data/PlaybackEngines/WebGLSupport/UnityEditor.WebGL.Extensions.dll
Register platform support module: D:/Program Files (x86)/Unity/2020.3.15f2/Editor/Data/PlaybackEngines/MacStandaloneSupport/UnityEditor.OSXStandalone.Extensions.dll
Register platform support module: D:/Program Files (x86)/Unity/2020.3.15f2/Editor/Data/PlaybackEngines/WindowsStandaloneSupport/UnityEditor.WindowsStandalone.Extensions.dll
Register platform support module: D:/Program Files (x86)/Unity/2020.3.15f2/Editor/Data/PlaybackEngines/LinuxStandaloneSupport/UnityEditor.LinuxStandalone.Extensions.dll
Registered in 0.001746 seconds.
Native extension for LinuxStandalone target not found
Native extension for WindowsStandalone target not found
Native extension for OSXStandalone target not found
Native extension for WebGL target not found
Refreshing native plugins compatible for Editor in 38.33 ms, found 3 plugins.
Preloading 0 native plugins for Editor in 0.00 ms.
Mono: successfully reloaded assembly
- Completed reload, in  2.070 seconds
Domain Reload Profiling:
	ReloadAssembly (2070ms)
		BeginReloadAssembly (57ms)
			ExecutionOrderSort (0ms)
			DisableScriptedObjects (0ms)
			BackupInstance (0ms)
			ReleaseScriptingObjects (0ms)
			CreateAndSetChildDomain (1ms)
		EndReloadAssembly (368ms)
			LoadAssemblies (58ms)
			RebuildTransferFunctionScriptingTraits (0ms)
			SetupTypeCache (136ms)
			ReleaseScriptCaches (0ms)
			RebuildScriptCaches (26ms)
			SetupLoadedEditorAssemblies (143ms)
				LogAssemblyErrors (0ms)
				InitializePlatformSupportModulesInManaged (5ms)
				SetLoadedEditorAssemblies (0ms)
				RefreshPlugins (38ms)
				BeforeProcessingInitializeOnLoad (12ms)
				ProcessInitializeOnLoadAttributes (65ms)
				ProcessInitializeOnLoadMethodAttributes (23ms)
				AfterProcessingInitializeOnLoad (0ms)
				EditorAssembliesLoaded (0ms)
			ExecutionOrderSort2 (0ms)
			AwakeInstancesAfterBackupRestoration (0ms)
Platform modules already initialized, skipping
Registering precompiled user dll's ...
Registered in 0.004333 seconds.
Begin MonoManager ReloadAssembly
Symbol file data-000001B6EF5D1660 doesn't match image C:\Users\Rafael\source\repos\GitHub\simulation-1\Sims 1\Library\ScriptAssemblies\Unity.2D.Animation.Editor.dll
Symbol file LoadedFromMemory is not a mono symbol file
Symbol file data-000001B6F47E8C70 doesn't match image C:\Users\Rafael\source\repos\GitHub\simulation-1\Sims 1\Library\ScriptAssemblies\Unity.InternalAPIEngineBridge.001.dll
Symbol file LoadedFromMemory is not a mono symbol file
Symbol file data-000001B6F47C8C50 doesn't match image C:\Users\Rafael\source\repos\GitHub\simulation-1\Sims 1\Library\ScriptAssemblies\Unity.VSCode.Editor.dll
Symbol file LoadedFromMemory is not a mono symbol file
Symbol file data-000001B6EF0C7020 doesn't match image C:\Users\Rafael\source\repos\GitHub\simulation-1\Sims 1\Library\ScriptAssemblies\Unity.2D.PixelPerfect.dll
Symbol file LoadedFromMemory is not a mono symbol file
Symbol file data-000001B6EF224470 doesn't match image C:\Users\Rafael\source\repos\GitHub\simulation-1\Sims 1\Library\ScriptAssemblies\Unity.2D.Tilemap.Editor.dll
Symbol file LoadedFromMemory is not a mono symbol file
Symbol file data-000001B6EF61B420 doesn't match image C:\Users\Rafael\source\repos\GitHub\simulation-1\Sims 1\Library\ScriptAssemblies\PsdPlugin.dll
Symbol file LoadedFromMemory is not a mono symbol file
Symbol file data-000001B6F4DA0010 doesn't match image C:\Users\Rafael\source\repos\GitHub\simulation-1\Sims 1\Library\ScriptAssemblies\Unity.TextMeshPro.Editor.dll
Symbol file LoadedFromMemory is not a mono symbol file
Symbol file data-000001B6EF237680 doesn't match image C:\Users\Rafael\source\repos\GitHub\simulation-1\Sims 1\Library\ScriptAssemblies\Unity.VisualStudio.Editor.dll
Symbol file LoadedFromMemory is not a mono symbol file
Symbol file data-000001B6EF608870 doesn't match image C:\Users\Rafael\source\repos\GitHub\simulation-1\Sims 1\Library\ScriptAssemblies\UnityEngine.TestRunner.dll
Symbol file LoadedFromMemory is not a mono symbol file
Symbol file data-000001B6EF43C230 doesn't match image C:\Users\Rafael\source\repos\GitHub\simulation-1\Sims 1\Library\ScriptAssemblies\Unity.Timeline.dll
Symbol file LoadedFromMemory is not a mono symbol file
Symbol file data-000001B6F3ECB020 doesn't match image C:\Users\Rafael\source\repos\GitHub\simulation-1\Sims 1\Library\ScriptAssemblies\Unity.TextMeshPro.dll
Symbol file LoadedFromMemory is not a mono symbol file
Symbol file data-000001B6EF43C230 doesn't match image C:\Users\Rafael\source\repos\GitHub\simulation-1\Sims 1\Library\ScriptAssemblies\UnityEditor.TestRunner.dll
Symbol file LoadedFromMemory is not a mono symbol file
Symbol file data-000001B6F47C8C50 doesn't match image C:\Users\Rafael\source\repos\GitHub\simulation-1\Sims 1\Library\ScriptAssemblies\Unity.2D.IK.Editor.dll
Symbol file LoadedFromMemory is not a mono symbol file
Symbol file data-000001B6F3EF9230 doesn't match image C:\Users\Rafael\source\repos\GitHub\simulation-1\Sims 1\Library\ScriptAssemblies\Unity.2D.Sprite.Editor.dll
Symbol file LoadedFromMemory is not a mono symbol file
Symbol file data-000001B6EF237680 doesn't match image C:\Users\Rafael\source\repos\GitHub\simulation-1\Sims 1\Library\ScriptAssemblies\Unity.2D.Psdimporter.Editor.dll
Symbol file LoadedFromMemory is not a mono symbol file
Symbol file data-000001B6EF61B420 doesn't match image C:\Users\Rafael\source\repos\GitHub\simulation-1\Sims 1\Library\ScriptAssemblies\Unity.2D.Path.Editor.dll
Symbol file LoadedFromMemory is not a mono symbol file
Symbol file data-000001B6EF3B2E90 doesn't match image C:\Users\Rafael\source\repos\GitHub\simulation-1\Sims 1\Library\ScriptAssemblies\Unity.InternalAPIEditorBridge.001.dll
Symbol file LoadedFromMemory is not a mono symbol file
Symbol file data-000001B6EF237680 doesn't match image C:\Users\Rafael\source\repos\GitHub\simulation-1\Sims 1\Library\ScriptAssemblies\UnityEditor.UI.dll
Symbol file LoadedFromMemory is not a mono symbol file
Symbol file data-000001B6F3F73020 doesn't match image C:\Users\Rafael\source\repos\GitHub\simulation-1\Sims 1\Library\ScriptAssemblies\Unity.PlasticSCM.Editor.dll
Symbol file LoadedFromMemory is not a mono symbol file
Symbol file data-000001B6EF237680 doesn't match image C:\Users\Rafael\source\repos\GitHub\simulation-1\Sims 1\Library\ScriptAssemblies\Unity.Rider.Editor.dll
Symbol file LoadedFromMemory is not a mono symbol file
Symbol file data-000001B6F3F84C30 doesn't match image C:\Users\Rafael\source\repos\GitHub\simulation-1\Sims 1\Library\ScriptAssemblies\UnityEngine.UI.dll
Symbol file LoadedFromMemory is not a mono symbol file
Symbol file data-000001B6F4396020 doesn't match image C:\Users\Rafael\source\repos\GitHub\simulation-1\Sims 1\Library\ScriptAssemblies\Unity.Mathematics.dll
Symbol file LoadedFromMemory is not a mono symbol file
Symbol file data-000001B6EF65EB70 doesn't match image C:\Users\Rafael\source\repos\GitHub\simulation-1\Sims 1\Library\ScriptAssemblies\Unity.2D.IK.Runtime.dll
Symbol file LoadedFromMemory is not a mono symbol file
Symbol file data-000001B6F4100020 doesn't match image C:\Users\Rafael\source\repos\GitHub\simulation-1\Sims 1\Library\ScriptAssemblies\Unity.2D.Animation.Triangle.Runtime.dll
Symbol file LoadedFromMemory is not a mono symbol file
Symbol file data-000001B6F3A92240 doesn't match image C:\Users\Rafael\source\repos\GitHub\simulation-1\Sims 1\Library\ScriptAssemblies\Unity.2D.Animation.Runtime.dll
Symbol file LoadedFromMemory is not a mono symbol file
Symbol file data-000001B6EF12CF10 doesn't match image C:\Users\Rafael\source\repos\GitHub\simulation-1\Sims 1\Library\ScriptAssemblies\Unity.2D.PixelPerfect.Editor.dll
Symbol file LoadedFromMemory is not a mono symbol file
Symbol file data-000001B6F4651010 doesn't match image C:\Users\Rafael\source\repos\GitHub\simulation-1\Sims 1\Library\ScriptAssemblies\Unity.Timeline.Editor.dll
Symbol file LoadedFromMemory is not a mono symbol file
Symbol file data-000001B6F408BE40 doesn't match image C:\Users\Rafael\source\repos\GitHub\simulation-1\Sims 1\Library\ScriptAssemblies\Unity.CollabProxy.Editor.dll
Symbol file LoadedFromMemory is not a mono symbol file
Symbol file data-000001B6EF588010 doesn't match image C:\Users\Rafael\source\repos\GitHub\simulation-1\Sims 1\Library\ScriptAssemblies\Unity.Mathematics.Editor.dll
Symbol file LoadedFromMemory is not a mono symbol file
Symbol file data-000001B6F4F0E480 doesn't match image C:\Users\Rafael\source\repos\GitHub\simulation-1\Sims 1\Library\ScriptAssemblies\Unity.2D.Common.Runtime.dll
Symbol file LoadedFromMemory is not a mono symbol file
Symbol file data-000001B6EEF6A020 doesn't match image C:\Users\Rafael\source\repos\GitHub\simulation-1\Sims 1\Library\ScriptAssemblies\Unity.2D.SpriteShape.Editor.dll
Symbol file LoadedFromMemory is not a mono symbol file
Symbol file data-000001B6F3FB2840 doesn't match image C:\Users\Rafael\source\repos\GitHub\simulation-1\Sims 1\Library\ScriptAssemblies\Unity.2D.Common.Editor.dll
Symbol file LoadedFromMemory is not a mono symbol file
Symbol file data-000001B6F408BE40 doesn't match image C:\Users\Rafael\source\repos\GitHub\simulation-1\Sims 1\Library\ScriptAssemblies\Unity.2D.SpriteShape.Runtime.dll
Symbol file LoadedFromMemory is not a mono symbol file
Native extension for LinuxStandalone target not found
Native extension for WindowsStandalone target not found
Native extension for OSXStandalone target not found
Native extension for WebGL target not found
Refreshing native plugins compatible for Editor in 34.58 ms, found 3 plugins.
Preloading 0 native plugins for Editor in 0.00 ms.
Mono: successfully reloaded assembly
- Completed reload, in  1.021 seconds
Domain Reload Profiling:
	ReloadAssembly (1022ms)
		BeginReloadAssembly (134ms)
			ExecutionOrderSort (0ms)
			DisableScriptedObjects (4ms)
			BackupInstance (0ms)
			ReleaseScriptingObjects (0ms)
			CreateAndSetChildDomain (17ms)
		EndReloadAssembly (834ms)
			LoadAssemblies (101ms)
			RebuildTransferFunctionScriptingTraits (0ms)
			SetupTypeCache (256ms)
			ReleaseScriptCaches (0ms)
			RebuildScriptCaches (39ms)
			SetupLoadedEditorAssemblies (350ms)
				LogAssemblyErrors (0ms)
				InitializePlatformSupportModulesInManaged (4ms)
				SetLoadedEditorAssemblies (0ms)
				RefreshPlugins (35ms)
				BeforeProcessingInitializeOnLoad (74ms)
				ProcessInitializeOnLoadAttributes (225ms)
				ProcessInitializeOnLoadMethodAttributes (10ms)
				AfterProcessingInitializeOnLoad (2ms)
				EditorAssembliesLoaded (0ms)
			ExecutionOrderSort2 (0ms)
			AwakeInstancesAfterBackupRestoration (5ms)
Platform modules already initialized, skipping
========================================================================
Worker process is ready to serve import requests
Launched and connected shader compiler UnityShaderCompiler.exe after 0.27 seconds
Refreshing native plugins compatible for Editor in 0.65 ms, found 3 plugins.
Preloading 0 native plugins for Editor in 0.00 ms.
Unloading 2105 Unused Serialized files (Serialized files now loaded: 0)
System memory in use before: 113.5 MB.
System memory in use after: 113.5 MB.

Unloading 32 unused Assets to reduce memory usage. Loaded Objects now: 2563.
Total: 2.075400 ms (FindLiveObjects: 0.170700 ms CreateObjectMapping: 0.078100 ms MarkObjects: 1.711200 ms  DeleteObjects: 0.114300 ms)

AssetImportParameters requested are different than current active one (requested -> active):
  custom:framework-win-MediaFoundation: 216162199b28c13a410421893ffa2e32 -> 
  custom:video-decoder-ogg-theora: a1e56fd34408186e4bbccfd4996cb3dc -> 
  custom:container-muxer-webm: aa71ff27fc2769a1b78a27578f13a17b -> 
  custom:container-demuxer-webm: 4f35f7cbe854078d1ac9338744f61a02 -> 
  custom:container-demuxer-ogg: 62fdf1f143b41e24485cea50d1cbac27 -> 
  custom:video-encoder-webm-vp8: eb34c28f22e8b96e1ab97ce403110664 -> 
  custom:video-codec-MediaFoundation-h265: 746d11721c4dcdbdad8f713fa42b33f4 -> 
  custom:video-decoder-webm-vp8: 9c59270c3fd7afecdb556c50c9e8de78 -> 
  custom:audio-decoder-ogg-vorbis: bf7c407c2cedff20999df2af8eb42d56 -> 
  custom:audio-encoder-webm-vorbis: bf7c407c2cedff20999df2af8eb42d56 -> 
========================================================================
Received Import Request.
  path: Assets/Audio/success_sound.wav
  artifactKey: Guid(6b3a327b0315f7d45a7b73c2a9820a46) Importer(815301076,1909f56bfc062723c751e8b465ee728b)
Start importing Assets/Audio/success_sound.wav using Guid(6b3a327b0315f7d45a7b73c2a9820a46) Importer(815301076,1909f56bfc062723c751e8b465ee728b)  -> (artifact id: '8ed8f4193d2681038d6a3a0f6f763f3c') in 0.137578 seconds 
  Import took 0.140308 seconds .

========================================================================
Received Import Request.
  Time since last request: 0.000186 seconds.
  path: Assets/Audio/click_sound2.wav
  artifactKey: Guid(11852c7664889aa4f8db55ae9dc4fff1) Importer(815301076,1909f56bfc062723c751e8b465ee728b)
Start importing Assets/Audio/click_sound2.wav using Guid(11852c7664889aa4f8db55ae9dc4fff1) Importer(815301076,1909f56bfc062723c751e8b465ee728b)  -> (artifact id: '70270f1e64a3b9e2257e8dbfe4d9973a') in 0.026385 seconds 
  Import took 0.029804 seconds .

========================================================================
Received Import Request.
  Time since last request: 0.000160 seconds.
  path: Assets/Audio/special_btn_sound2.wav
  artifactKey: Guid(f8ade8a39fbcf63499b118e8508af1c2) Importer(815301076,1909f56bfc062723c751e8b465ee728b)
Start importing Assets/Audio/special_btn_sound2.wav using Guid(f8ade8a39fbcf63499b118e8508af1c2) Importer(815301076,1909f56bfc062723c751e8b465ee728b)  -> (artifact id: 'ef85bf6bad928326725418bb81584b48') in 0.027744 seconds 
  Import took 0.030410 seconds .

========================================================================
Received Import Request.
  Time since last request: 0.000160 seconds.
  path: Assets/Audio/fail_sound.wav
  artifactKey: Guid(11d3dade1bff4e946a60baf79712071b) Importer(815301076,1909f56bfc062723c751e8b465ee728b)
Start importing Assets/Audio/fail_sound.wav using Guid(11d3dade1bff4e946a60baf79712071b) Importer(815301076,1909f56bfc062723c751e8b465ee728b)  -> (artifact id: 'd61e55724588bfc116e7c4973f87ce70') in 0.027321 seconds 
  Import took 0.030201 seconds .

========================================================================
Received Import Request.
  Time since last request: 0.000172 seconds.
  path: Assets/Audio/special_btn_sound.wav
  artifactKey: Guid(d224cc1cf0f2bbd4b906fbf8f2504616) Importer(815301076,1909f56bfc062723c751e8b465ee728b)
Start importing Assets/Audio/special_btn_sound.wav using Guid(d224cc1cf0f2bbd4b906fbf8f2504616) Importer(815301076,1909f56bfc062723c751e8b465ee728b)  -> (artifact id: '0094b913c16b221ae207262642d8f935') in 0.027285 seconds 
  Import took 0.030253 seconds .

========================================================================
Received Import Request.
  Time since last request: 0.000195 seconds.
  path: Assets/Audio/click_sound.wav
  artifactKey: Guid(ecb64002a7fbb614a888accfcfe3e8de) Importer(815301076,1909f56bfc062723c751e8b465ee728b)
Start importing Assets/Audio/click_sound.wav using Guid(ecb64002a7fbb614a888accfcfe3e8de) Importer(815301076,1909f56bfc062723c751e8b465ee728b)  -> (artifact id: 'c73739dc6416c7c4d3c597c939692572') in 0.027946 seconds 
  Import took 0.030813 seconds .

========================================================================
Received Import Request.
  Time since last request: 0.000140 seconds.
  path: Assets/Audio/summary_sound.wav
  artifactKey: Guid(533157c7b4ac351439ffa239519e10ee) Importer(815301076,1909f56bfc062723c751e8b465ee728b)
Start importing Assets/Audio/summary_sound.wav using Guid(533157c7b4ac351439ffa239519e10ee) Importer(815301076,1909f56bfc062723c751e8b465ee728b)  -> (artifact id: 'ac2325723d91bd5452c5e162d2c3d360') in 0.027463 seconds 
  Import took 0.030184 seconds .

========================================================================
Received Import Request.
  Time since last request: 0.000165 seconds.
  path: Assets/Audio/bg_sound_metrorio_tema.mp3
  artifactKey: Guid(9b62e26a7f0fedb41b7aa9211bc6ff57) Importer(815301076,1909f56bfc062723c751e8b465ee728b)
Start importing Assets/Audio/bg_sound_metrorio_tema.mp3 using Guid(9b62e26a7f0fedb41b7aa9211bc6ff57) Importer(815301076,1909f56bfc062723c751e8b465ee728b)  -> (artifact id: '0f02f904d695d0e91e780a67e4e1e4d7') in 0.028870 seconds 
  Import took 0.031965 seconds .

========================================================================
Received Import Request.
  Time since last request: 0.000137 seconds.
  path: Assets/Audio/bg_sound_metrorio_tema.wav
  artifactKey: Guid(f72bb322d3dad5d4fb6a5261bca98380) Importer(815301076,1909f56bfc062723c751e8b465ee728b)
Start importing Assets/Audio/bg_sound_metrorio_tema.wav using Guid(f72bb322d3dad5d4fb6a5261bca98380) Importer(815301076,1909f56bfc062723c751e8b465ee728b)  -> (artifact id: 'e236fde9fc31f94364f640801a7d008b') in 0.030282 seconds 
  Import took 0.032987 seconds .

========================================================================
Received Import Request.
  Time since last request: 0.000130 seconds.
  path: Assets/Audio/success_sound2.wav
  artifactKey: Guid(104c1139a01b51a42a9d5e0cffaf823a) Importer(815301076,1909f56bfc062723c751e8b465ee728b)
Start importing Assets/Audio/success_sound2.wav using Guid(104c1139a01b51a42a9d5e0cffaf823a) Importer(815301076,1909f56bfc062723c751e8b465ee728b)  -> (artifact id: '63bc91393e2c52bf0a00ca68b1eabea6') in 0.025365 seconds 
  Import took 0.027874 seconds .

========================================================================
Received Import Request.
  Time since last request: 1.413040 seconds.
  path: Assets/Scenes/Game.unity
  artifactKey: Guid(b84bcd55804dc07478df57455ee7ea2b) Importer(815301076,1909f56bfc062723c751e8b465ee728b)
Start importing Assets/Scenes/Game.unity using Guid(b84bcd55804dc07478df57455ee7ea2b) Importer(815301076,1909f56bfc062723c751e8b465ee728b)  -> (artifact id: '820ef6e25eb2d84b011e298bbf0e614e') in 0.022133 seconds 
  Import took 0.025028 seconds .

========================================================================
Received Prepare
Registering precompiled user dll's ...
Registered in 0.004117 seconds.
Begin MonoManager ReloadAssembly
Symbol file data-000001B6F40AC020 doesn't match image C:\Users\Rafael\source\repos\GitHub\simulation-1\Sims 1\Library\ScriptAssemblies\Unity.2D.Animation.Editor.dll
Symbol file LoadedFromMemory is not a mono symbol file
Symbol file data-000001B6F813E5F0 doesn't match image C:\Users\Rafael\source\repos\GitHub\simulation-1\Sims 1\Library\ScriptAssemblies\Unity.InternalAPIEngineBridge.001.dll
Symbol file LoadedFromMemory is not a mono symbol file
Symbol file data-000001B6EF04C4E0 doesn't match image C:\Users\Rafael\source\repos\GitHub\simulation-1\Sims 1\Library\ScriptAssemblies\Unity.VSCode.Editor.dll
Symbol file LoadedFromMemory is not a mono symbol file
Symbol file data-000001B6F3EB16A0 doesn't match image C:\Users\Rafael\source\repos\GitHub\simulation-1\Sims 1\Library\ScriptAssemblies\Unity.2D.PixelPerfect.dll
Symbol file LoadedFromMemory is not a mono symbol file
Symbol file data-000001B6EF7ED040 doesn't match image C:\Users\Rafael\source\repos\GitHub\simulation-1\Sims 1\Library\ScriptAssemblies\Unity.2D.Tilemap.Editor.dll
Symbol file LoadedFromMemory is not a mono symbol file
Symbol file data-000001B6EF2B4260 doesn't match image C:\Users\Rafael\source\repos\GitHub\simulation-1\Sims 1\Library\ScriptAssemblies\PsdPlugin.dll
Symbol file LoadedFromMemory is not a mono symbol file
Symbol file data-000001B6F3E11010 doesn't match image C:\Users\Rafael\source\repos\GitHub\simulation-1\Sims 1\Library\ScriptAssemblies\Unity.TextMeshPro.Editor.dll
Symbol file LoadedFromMemory is not a mono symbol file
Symbol file data-000001B6EEFB00C0 doesn't match image C:\Users\Rafael\source\repos\GitHub\simulation-1\Sims 1\Library\ScriptAssemblies\Unity.VisualStudio.Editor.dll
Symbol file LoadedFromMemory is not a mono symbol file
Symbol file data-000001B6EF901040 doesn't match image C:\Users\Rafael\source\repos\GitHub\simulation-1\Sims 1\Library\ScriptAssemblies\UnityEngine.TestRunner.dll
Symbol file LoadedFromMemory is not a mono symbol file
Symbol file data-000001B6EF7ED040 doesn't match image C:\Users\Rafael\source\repos\GitHub\simulation-1\Sims 1\Library\ScriptAssemblies\Unity.Timeline.dll
Symbol file LoadedFromMemory is not a mono symbol file
Symbol file data-000001B6F4651010 doesn't match image C:\Users\Rafael\source\repos\GitHub\simulation-1\Sims 1\Library\ScriptAssemblies\Unity.TextMeshPro.dll
Symbol file LoadedFromMemory is not a mono symbol file
Symbol file data-000001B6F8A9E290 doesn't match image C:\Users\Rafael\source\repos\GitHub\simulation-1\Sims 1\Library\ScriptAssemblies\UnityEditor.TestRunner.dll
Symbol file LoadedFromMemory is not a mono symbol file
Symbol file data-000001B6EF04C4E0 doesn't match image C:\Users\Rafael\source\repos\GitHub\simulation-1\Sims 1\Library\ScriptAssemblies\Unity.2D.IK.Editor.dll
Symbol file LoadedFromMemory is not a mono symbol file
Symbol file data-000001B6F5BDE700 doesn't match image C:\Users\Rafael\source\repos\GitHub\simulation-1\Sims 1\Library\ScriptAssemblies\Unity.2D.Sprite.Editor.dll
Symbol file LoadedFromMemory is not a mono symbol file
Symbol file data-000001B6F8135E30 doesn't match image C:\Users\Rafael\source\repos\GitHub\simulation-1\Sims 1\Library\ScriptAssemblies\Unity.2D.Psdimporter.Editor.dll
Symbol file LoadedFromMemory is not a mono symbol file
Symbol file data-000001B6F8135E30 doesn't match image C:\Users\Rafael\source\repos\GitHub\simulation-1\Sims 1\Library\ScriptAssemblies\Unity.2D.Path.Editor.dll
Symbol file LoadedFromMemory is not a mono symbol file
Symbol file data-000001B6F786E420 doesn't match image C:\Users\Rafael\source\repos\GitHub\simulation-1\Sims 1\Library\ScriptAssemblies\Unity.InternalAPIEditorBridge.001.dll
Symbol file LoadedFromMemory is not a mono symbol file
Symbol file data-000001B6F8135E30 doesn't match image C:\Users\Rafael\source\repos\GitHub\simulation-1\Sims 1\Library\ScriptAssemblies\UnityEditor.UI.dll
Symbol file LoadedFromMemory is not a mono symbol file
Symbol file data-000001B6F4058020 doesn't match image C:\Users\Rafael\source\repos\GitHub\simulation-1\Sims 1\Library\ScriptAssemblies\Unity.PlasticSCM.Editor.dll
Symbol file LoadedFromMemory is not a mono symbol file
Symbol file data-000001B6F8135E30 doesn't match image C:\Users\Rafael\source\repos\GitHub\simulation-1\Sims 1\Library\ScriptAssemblies\Unity.Rider.Editor.dll
Symbol file LoadedFromMemory is not a mono symbol file
Symbol file data-000001B6F4FA9870 doesn't match image C:\Users\Rafael\source\repos\GitHub\simulation-1\Sims 1\Library\ScriptAssemblies\UnityEngine.UI.dll
Symbol file LoadedFromMemory is not a mono symbol file
Symbol file data-000001B6F39AB020 doesn't match image C:\Users\Rafael\source\repos\GitHub\simulation-1\Sims 1\Library\ScriptAssemblies\Unity.Mathematics.dll
Symbol file LoadedFromMemory is not a mono symbol file
Symbol file data-000001B6EF04C4E0 doesn't match image C:\Users\Rafael\source\repos\GitHub\simulation-1\Sims 1\Library\ScriptAssemblies\Unity.2D.IK.Runtime.dll
Symbol file LoadedFromMemory is not a mono symbol file
Symbol file data-000001B6F3908010 doesn't match image C:\Users\Rafael\source\repos\GitHub\simulation-1\Sims 1\Library\ScriptAssemblies\Unity.2D.Animation.Triangle.Runtime.dll
Symbol file LoadedFromMemory is not a mono symbol file
Symbol file data-000001B6EF0ED820 doesn't match image C:\Users\Rafael\source\repos\GitHub\simulation-1\Sims 1\Library\ScriptAssemblies\Unity.2D.Animation.Runtime.dll
Symbol file LoadedFromMemory is not a mono symbol file
Symbol file data-000001B6EF129590 doesn't match image C:\Users\Rafael\source\repos\GitHub\simulation-1\Sims 1\Library\ScriptAssemblies\Unity.2D.PixelPerfect.Editor.dll
Symbol file LoadedFromMemory is not a mono symbol file
Symbol file data-000001B6F4100020 doesn't match image C:\Users\Rafael\source\repos\GitHub\simulation-1\Sims 1\Library\ScriptAssemblies\Unity.Timeline.Editor.dll
Symbol file LoadedFromMemory is not a mono symbol file
Symbol file data-000001B6EF901040 doesn't match image C:\Users\Rafael\source\repos\GitHub\simulation-1\Sims 1\Library\ScriptAssemblies\Unity.CollabProxy.Editor.dll
Symbol file LoadedFromMemory is not a mono symbol file
Symbol file data-000001B6EEF6F820 doesn't match image C:\Users\Rafael\source\repos\GitHub\simulation-1\Sims 1\Library\ScriptAssemblies\Unity.Mathematics.Editor.dll
Symbol file LoadedFromMemory is not a mono symbol file
Symbol file data-000001B6F4F0EBC0 doesn't match image C:\Users\Rafael\source\repos\GitHub\simulation-1\Sims 1\Library\ScriptAssemblies\Unity.2D.Common.Runtime.dll
Symbol file LoadedFromMemory is not a mono symbol file
Symbol file data-000001B6F850F040 doesn't match image C:\Users\Rafael\source\repos\GitHub\simulation-1\Sims 1\Library\ScriptAssemblies\Unity.2D.SpriteShape.Editor.dll
Symbol file LoadedFromMemory is not a mono symbol file
Symbol file data-000001B6F5A3A460 doesn't match image C:\Users\Rafael\source\repos\GitHub\simulation-1\Sims 1\Library\ScriptAssemblies\Unity.2D.Common.Editor.dll
Symbol file LoadedFromMemory is not a mono symbol file
Symbol file data-000001B6EF7ED040 doesn't match image C:\Users\Rafael\source\repos\GitHub\simulation-1\Sims 1\Library\ScriptAssemblies\Unity.2D.SpriteShape.Runtime.dll
Symbol file LoadedFromMemory is not a mono symbol file
Native extension for LinuxStandalone target not found
Native extension for WindowsStandalone target not found
Native extension for OSXStandalone target not found
Native extension for WebGL target not found
Refreshing native plugins compatible for Editor in 0.41 ms, found 3 plugins.
Preloading 0 native plugins for Editor in 0.00 ms.
Mono: successfully reloaded assembly
- Completed reload, in  0.964 seconds
Domain Reload Profiling:
	ReloadAssembly (964ms)
		BeginReloadAssembly (115ms)
			ExecutionOrderSort (0ms)
			DisableScriptedObjects (5ms)
			BackupInstance (0ms)
			ReleaseScriptingObjects (0ms)
			CreateAndSetChildDomain (29ms)
		EndReloadAssembly (802ms)
			LoadAssemblies (96ms)
			RebuildTransferFunctionScriptingTraits (0ms)
			SetupTypeCache (271ms)
			ReleaseScriptCaches (1ms)
			RebuildScriptCaches (34ms)
			SetupLoadedEditorAssemblies (332ms)
				LogAssemblyErrors (0ms)
				InitializePlatformSupportModulesInManaged (8ms)
				SetLoadedEditorAssemblies (0ms)
				RefreshPlugins (0ms)
				BeforeProcessingInitializeOnLoad (88ms)
				ProcessInitializeOnLoadAttributes (228ms)
				ProcessInitializeOnLoadMethodAttributes (4ms)
				AfterProcessingInitializeOnLoad (2ms)
				EditorAssembliesLoaded (0ms)
			ExecutionOrderSort2 (0ms)
			AwakeInstancesAfterBackupRestoration (8ms)
Platform modules already initialized, skipping
Refreshing native plugins compatible for Editor in 0.45 ms, found 3 plugins.
Preloading 0 native plugins for Editor in 0.00 ms.
Unloading 2100 Unused Serialized files (Serialized files now loaded: 0)
System memory in use before: 116.5 MB.
System memory in use after: 116.5 MB.

Unloading 21 unused Assets to reduce memory usage. Loaded Objects now: 2576.
Total: 2.118300 ms (FindLiveObjects: 0.192600 ms CreateObjectMapping: 0.078900 ms MarkObjects: 1.751300 ms  DeleteObjects: 0.094700 ms)

AssetImportParameters requested are different than current active one (requested -> active):
  custom:framework-win-MediaFoundation: 216162199b28c13a410421893ffa2e32 -> 
  custom:video-decoder-ogg-theora: a1e56fd34408186e4bbccfd4996cb3dc -> 
  custom:container-muxer-webm: aa71ff27fc2769a1b78a27578f13a17b -> 
  custom:container-demuxer-webm: 4f35f7cbe854078d1ac9338744f61a02 -> 
  custom:container-demuxer-ogg: 62fdf1f143b41e24485cea50d1cbac27 -> 
  custom:video-encoder-webm-vp8: eb34c28f22e8b96e1ab97ce403110664 -> 
  custom:video-codec-MediaFoundation-h265: 746d11721c4dcdbdad8f713fa42b33f4 -> 
  custom:video-decoder-webm-vp8: 9c59270c3fd7afecdb556c50c9e8de78 -> 
  custom:audio-decoder-ogg-vorbis: bf7c407c2cedff20999df2af8eb42d56 -> 
  custom:audio-encoder-webm-vorbis: bf7c407c2cedff20999df2af8eb42d56 -> 
AssetImportWorkerClient::OnTransportError - code=2 error=End of file
