Using pre-set license
Built from '2020.3/release' branch; Version is '2020.3.15f2 (6cf78cb77498) revision 7141260'; Using compiler version '192528614'; Build Type 'Release'
OS: 'Windows 10 Home Single Language; OS build 19042.1348; Version 2009; 64bit' Language: 'pt' Physical Memory: 4006 MB
BatchMode: 1, IsHumanControllingUs: 0, StartBugReporterOnCrash: 0, Is64bit: 1, IsPro: 0

 COMMAND LINE ARGUMENTS:
D:\Arquivos de Programas\Unity\2020.3.15f2\Editor\Unity.exe
-adb2
-batchMode
-noUpm
-name
AssetImportWorker2
-projectPath
D:/Meus Arquivos/Documents/Study/UFRJ/TCC/Github/simulation-1/Sims 1
-logFile
Logs/AssetImportWorker2.log
-srvPort
64016
Successfully changed project path to: D:/Meus Arquivos/Documents/Study/UFRJ/TCC/Github/simulation-1/Sims 1
D:/Meus Arquivos/Documents/Study/UFRJ/TCC/Github/simulation-1/Sims 1
Using Asset Import Pipeline V2.
Refreshing native plugins compatible for Editor in 95.53 ms, found 3 plugins.
Preloading 0 native plugins for Editor in 0.00 ms.
Initialize engine version: 2020.3.15f2 (6cf78cb77498)
[Subsystems] Discovering subsystems at path D:/Arquivos de Programas/Unity/2020.3.15f2/Editor/Data/Resources/UnitySubsystems
[Subsystems] Discovering subsystems at path D:/Meus Arquivos/Documents/Study/UFRJ/TCC/Github/simulation-1/Sims 1/Assets
GfxDevice: creating device client; threaded=0
Direct3D:
    Version:  Direct3D 11.0 [level 11.1]
    Renderer: Intel(R) HD Graphics 5500 (ID=0x1616)
    Vendor:   
    VRAM:     2003 MB
    Driver:   20.19.15.4835
Initialize mono
Mono path[0] = 'D:/Arquivos de Programas/Unity/2020.3.15f2/Editor/Data/Managed'
Mono path[1] = 'D:/Arquivos de Programas/Unity/2020.3.15f2/Editor/Data/MonoBleedingEdge/lib/mono/unityjit'
Mono config path = 'D:/Arquivos de Programas/Unity/2020.3.15f2/Editor/Data/MonoBleedingEdge/etc'
Using monoOptions --debugger-agent=transport=dt_socket,embedding=1,server=y,suspend=n,address=127.0.0.1:56904
Begin MonoManager ReloadAssembly
Registering precompiled unity dll's ...
Register platform support module: D:/Arquivos de Programas/Unity/2020.3.15f2/Editor/Data/PlaybackEngines/WebGLSupport/UnityEditor.WebGL.Extensions.dll
Register platform support module: D:/Arquivos de Programas/Unity/2020.3.15f2/Editor/Data/PlaybackEngines/WindowsStandaloneSupport/UnityEditor.WindowsStandalone.Extensions.dll
Registered in 0.002139 seconds.
Native extension for WindowsStandalone target not found
Native extension for WebGL target not found
Refreshing native plugins compatible for Editor in 64.76 ms, found 3 plugins.
Preloading 0 native plugins for Editor in 0.00 ms.
Mono: successfully reloaded assembly
- Completed reload, in  3.212 seconds
Domain Reload Profiling:
	ReloadAssembly (3212ms)
		BeginReloadAssembly (94ms)
			ExecutionOrderSort (0ms)
			DisableScriptedObjects (0ms)
			BackupInstance (0ms)
			ReleaseScriptingObjects (0ms)
			CreateAndSetChildDomain (1ms)
		EndReloadAssembly (726ms)
			LoadAssemblies (94ms)
			RebuildTransferFunctionScriptingTraits (0ms)
			SetupTypeCache (269ms)
			ReleaseScriptCaches (0ms)
			RebuildScriptCaches (55ms)
			SetupLoadedEditorAssemblies (288ms)
				LogAssemblyErrors (0ms)
				InitializePlatformSupportModulesInManaged (9ms)
				SetLoadedEditorAssemblies (0ms)
				RefreshPlugins (65ms)
				BeforeProcessingInitializeOnLoad (25ms)
				ProcessInitializeOnLoadAttributes (147ms)
				ProcessInitializeOnLoadMethodAttributes (42ms)
				AfterProcessingInitializeOnLoad (0ms)
				EditorAssembliesLoaded (0ms)
			ExecutionOrderSort2 (0ms)
			AwakeInstancesAfterBackupRestoration (0ms)
Platform modules already initialized, skipping
Registering precompiled user dll's ...
Registered in 0.004388 seconds.
Begin MonoManager ReloadAssembly
Native extension for WindowsStandalone target not found
Native extension for WebGL target not found
Refreshing native plugins compatible for Editor in 280.43 ms, found 3 plugins.
Preloading 0 native plugins for Editor in 0.00 ms.
Mono: successfully reloaded assembly
- Completed reload, in  4.905 seconds
Domain Reload Profiling:
	ReloadAssembly (4976ms)
		BeginReloadAssembly (545ms)
			ExecutionOrderSort (0ms)
			DisableScriptedObjects (41ms)
			BackupInstance (0ms)
			ReleaseScriptingObjects (0ms)
			CreateAndSetChildDomain (114ms)
		EndReloadAssembly (4179ms)
			LoadAssemblies (896ms)
			RebuildTransferFunctionScriptingTraits (0ms)
			SetupTypeCache (1284ms)
			ReleaseScriptCaches (1ms)
			RebuildScriptCaches (81ms)
			SetupLoadedEditorAssemblies (1693ms)
				LogAssemblyErrors (0ms)
				InitializePlatformSupportModulesInManaged (14ms)
				SetLoadedEditorAssemblies (1ms)
				RefreshPlugins (281ms)
				BeforeProcessingInitializeOnLoad (247ms)
				ProcessInitializeOnLoadAttributes (1114ms)
				ProcessInitializeOnLoadMethodAttributes (33ms)
				AfterProcessingInitializeOnLoad (3ms)
				EditorAssembliesLoaded (0ms)
			ExecutionOrderSort2 (0ms)
			AwakeInstancesAfterBackupRestoration (9ms)
Platform modules already initialized, skipping
========================================================================
Worker process is ready to serve import requests
Launched and connected shader compiler UnityShaderCompiler.exe after 0.47 seconds
Refreshing native plugins compatible for Editor in 1.12 ms, found 3 plugins.
Preloading 0 native plugins for Editor in 0.00 ms.
Unloading 2099 Unused Serialized files (Serialized files now loaded: 0)
System memory in use before: 94.0 MB.
System memory in use after: 93.9 MB.

Unloading 33 unused Assets to reduce memory usage. Loaded Objects now: 2536.
Total: 4.457200 ms (FindLiveObjects: 0.307500 ms CreateObjectMapping: 0.163800 ms MarkObjects: 3.784800 ms  DeleteObjects: 0.199100 ms)

AssetImportParameters requested are different than current active one (requested -> active):
  custom:framework-win-MediaFoundation: 216162199b28c13a410421893ffa2e32 -> 
  custom:video-decoder-ogg-theora: a1e56fd34408186e4bbccfd4996cb3dc -> 
  custom:container-muxer-webm: aa71ff27fc2769a1b78a27578f13a17b -> 
  custom:container-demuxer-webm: 4f35f7cbe854078d1ac9338744f61a02 -> 
  custom:container-demuxer-ogg: 62fdf1f143b41e24485cea50d1cbac27 -> 
  custom:video-encoder-webm-vp8: eb34c28f22e8b96e1ab97ce403110664 -> 
  custom:video-decoder-webm-vp8: 9c59270c3fd7afecdb556c50c9e8de78 -> 
  custom:audio-decoder-ogg-vorbis: bf7c407c2cedff20999df2af8eb42d56 -> 
  custom:audio-encoder-webm-vorbis: bf7c407c2cedff20999df2af8eb42d56 -> 
========================================================================
Received Import Request.
  path: Assets/Prefabs/Triangle.prefab
  artifactKey: Guid(b376c8bcd99b74945bf4553e08394f5c) Importer(815301076,1909f56bfc062723c751e8b465ee728b)
Start importing Assets/Prefabs/Triangle.prefab using Guid(b376c8bcd99b74945bf4553e08394f5c) Importer(815301076,1909f56bfc062723c751e8b465ee728b)  -> (artifact id: '343fa622ace53037c06bfa9a777e33c0') in 1.241566 seconds 
  Import took 1.753111 seconds .

========================================================================
Received Import Request.
  Time since last request: 0.001819 seconds.
  path: Assets/Prefabs/Diamond.prefab
  artifactKey: Guid(dd45da45795523746b2de3b96ec52120) Importer(815301076,1909f56bfc062723c751e8b465ee728b)
Start importing Assets/Prefabs/Diamond.prefab using Guid(dd45da45795523746b2de3b96ec52120) Importer(815301076,1909f56bfc062723c751e8b465ee728b)  -> (artifact id: '602249ff233b64f404ce8e351e2443eb') in 0.615178 seconds 
  Import took 0.725455 seconds .

========================================================================
Received Import Request.
  Time since last request: 0.000958 seconds.
  path: Assets/Prefabs/Square.prefab
  artifactKey: Guid(314dd4d1dd9de6c40a0eb5163b014d57) Importer(815301076,1909f56bfc062723c751e8b465ee728b)
Start importing Assets/Prefabs/Square.prefab using Guid(314dd4d1dd9de6c40a0eb5163b014d57) Importer(815301076,1909f56bfc062723c751e8b465ee728b)  -> (artifact id: '13a04983f82e789d89848bc6f3a9b272') in 0.714069 seconds 
  Import took 0.918480 seconds .

========================================================================
Received Import Request.
  Time since last request: 0.000736 seconds.
  path: Assets/Prefabs/Circle.prefab
  artifactKey: Guid(ed6e08221cbf0ad4fa747f958ce10bd2) Importer(815301076,1909f56bfc062723c751e8b465ee728b)
Start importing Assets/Prefabs/Circle.prefab using Guid(ed6e08221cbf0ad4fa747f958ce10bd2) Importer(815301076,1909f56bfc062723c751e8b465ee728b)  -> (artifact id: '9a4966c830ea53b455c5694a6f36ad6b') in 0.443291 seconds 
  Import took 0.756592 seconds .

========================================================================
Received Import Request.
  Time since last request: 0.000930 seconds.
  path: Assets/Prefabs/Trapezoid.prefab
  artifactKey: Guid(8b6a2f83f30c72e4690a828c5ff44baf) Importer(815301076,1909f56bfc062723c751e8b465ee728b)
Start importing Assets/Prefabs/Trapezoid.prefab using Guid(8b6a2f83f30c72e4690a828c5ff44baf) Importer(815301076,1909f56bfc062723c751e8b465ee728b)  -> (artifact id: 'a265fedacc569d7ac1e55b1000834846') in 0.579123 seconds 
  Import took 0.883022 seconds .

========================================================================
Received Import Request.
  Time since last request: 45.874392 seconds.
  path: Assets/Sprites/SpriteCircle6.png
  artifactKey: Guid(9cf31a81db897304db8aea550114ff96) Importer(815301076,1909f56bfc062723c751e8b465ee728b)
Start importing Assets/Sprites/SpriteCircle6.png using Guid(9cf31a81db897304db8aea550114ff96) Importer(815301076,1909f56bfc062723c751e8b465ee728b)  -> (artifact id: '7e13e09a0c7e61a89c80c6e249b9ccf0') in 0.563127 seconds 
  Import took 0.650481 seconds .

========================================================================
Received Import Request.
  Time since last request: 0.003871 seconds.
  path: Assets/Sprites/SpriteTrianglePlus.png
  artifactKey: Guid(076c70431a860c540a790900f415889a) Importer(815301076,1909f56bfc062723c751e8b465ee728b)
Start importing Assets/Sprites/SpriteTrianglePlus.png using Guid(076c70431a860c540a790900f415889a) Importer(815301076,1909f56bfc062723c751e8b465ee728b)  -> (artifact id: '2577dc656b6c87c42f7009a9e6ff49f7') in 0.110568 seconds 
  Import took 0.155869 seconds .

========================================================================
Received Import Request.
  Time since last request: 0.000443 seconds.
  path: Assets/Sprites/SpriteLosangle3.png
  artifactKey: Guid(fcd428a1440f12643b8555b753657c3d) Importer(815301076,1909f56bfc062723c751e8b465ee728b)
Start importing Assets/Sprites/SpriteLosangle3.png using Guid(fcd428a1440f12643b8555b753657c3d) Importer(815301076,1909f56bfc062723c751e8b465ee728b)  -> (artifact id: '5900240ae881cdcc3b66d13908ab1e0f') in 0.124285 seconds 
  Import took 0.145301 seconds .

========================================================================
Received Import Request.
  Time since last request: 0.000749 seconds.
  path: Assets/Sprites/SpriteTriangle3.png
  artifactKey: Guid(02383c0760feaf942b437d4ffd1e146f) Importer(815301076,1909f56bfc062723c751e8b465ee728b)
Start importing Assets/Sprites/SpriteTriangle3.png using Guid(02383c0760feaf942b437d4ffd1e146f) Importer(815301076,1909f56bfc062723c751e8b465ee728b)  -> (artifact id: '3f837413e94d4342eea7462df290c504') in 0.070292 seconds 
  Import took 0.101606 seconds .

========================================================================
Received Import Request.
  Time since last request: 0.001013 seconds.
  path: Assets/Sprites/SpriteTrapezoid3.png
  artifactKey: Guid(97a1582712b0a8a4d8e094a592b3f7e8) Importer(815301076,1909f56bfc062723c751e8b465ee728b)
Start importing Assets/Sprites/SpriteTrapezoid3.png using Guid(97a1582712b0a8a4d8e094a592b3f7e8) Importer(815301076,1909f56bfc062723c751e8b465ee728b)  -> (artifact id: 'cb7b1b11bd89d6f7b2118dec67f2e77b') in 0.050531 seconds 
  Import took 0.086332 seconds .

========================================================================
Received Import Request.
  Time since last request: 0.000855 seconds.
  path: Assets/Sprites/SpriteTriangle.png
  artifactKey: Guid(fc5452b1476f4bd4ab755a5ddc4306cd) Importer(815301076,1909f56bfc062723c751e8b465ee728b)
Start importing Assets/Sprites/SpriteTriangle.png using Guid(fc5452b1476f4bd4ab755a5ddc4306cd) Importer(815301076,1909f56bfc062723c751e8b465ee728b)  -> (artifact id: 'c3d40a08ff49a6e9957c39e69cfb5fbc') in 0.084833 seconds 
  Import took 0.124168 seconds .

========================================================================
Received Import Request.
  Time since last request: 0.000821 seconds.
  path: Assets/Sprites/SpriteSquare3.png
  artifactKey: Guid(137fd8032cfde66438afbb154902b7b7) Importer(815301076,1909f56bfc062723c751e8b465ee728b)
Start importing Assets/Sprites/SpriteSquare3.png using Guid(137fd8032cfde66438afbb154902b7b7) Importer(815301076,1909f56bfc062723c751e8b465ee728b)  -> (artifact id: '5a3ba7865a3bf5f2e78d27ec3fab4b92') in 0.056821 seconds 
  Import took 0.075052 seconds .

========================================================================
Received Import Request.
  Time since last request: 67.297411 seconds.
  path: Assets/Sprites/Oficial/SpriteCircle.png
  artifactKey: Guid(4c4022da815b8b74099a6e26148f1270) Importer(815301076,1909f56bfc062723c751e8b465ee728b)
Start importing Assets/Sprites/Oficial/SpriteCircle.png using Guid(4c4022da815b8b74099a6e26148f1270) Importer(815301076,1909f56bfc062723c751e8b465ee728b)  -> (artifact id: '8701f1a3044b1f08695a6a125fe9a961') in 0.088333 seconds 
  Import took 0.176061 seconds .

========================================================================
Received Import Request.
  Time since last request: 0.000564 seconds.
  path: Assets/Sprites/Oficial/SpriteTriangle.png
  artifactKey: Guid(32b07c3c36d3e1b468a0ba13822a5a23) Importer(815301076,1909f56bfc062723c751e8b465ee728b)
Start importing Assets/Sprites/Oficial/SpriteTriangle.png using Guid(32b07c3c36d3e1b468a0ba13822a5a23) Importer(815301076,1909f56bfc062723c751e8b465ee728b)  -> (artifact id: '67682d9d7d2d53eec0b35e913104c72d') in 0.104035 seconds 
  Import took 0.138910 seconds .

========================================================================
Received Import Request.
  Time since last request: 0.000480 seconds.
  path: Assets/Sprites/Oficial/SpriteSquare.png
  artifactKey: Guid(8777ff28c15ff6945b3634e9c2878127) Importer(815301076,1909f56bfc062723c751e8b465ee728b)
Start importing Assets/Sprites/Oficial/SpriteSquare.png using Guid(8777ff28c15ff6945b3634e9c2878127) Importer(815301076,1909f56bfc062723c751e8b465ee728b)  -> (artifact id: '3c2285e94c30382d869333484f8df462') in 0.111523 seconds 
  Import took 0.128450 seconds .

========================================================================
Received Import Request.
  Time since last request: 0.000389 seconds.
  path: Assets/Sprites/Oficial/SpriteTrapezoid.png
  artifactKey: Guid(93c9635045af9a34a87f83e5b89cd4d6) Importer(815301076,1909f56bfc062723c751e8b465ee728b)
Start importing Assets/Sprites/Oficial/SpriteTrapezoid.png using Guid(93c9635045af9a34a87f83e5b89cd4d6) Importer(815301076,1909f56bfc062723c751e8b465ee728b)  -> (artifact id: '15cd3923b2c7aa23c2642dee3c7ec684') in 0.099683 seconds 
  Import took 0.112939 seconds .

========================================================================
Received Import Request.
  Time since last request: 0.000404 seconds.
  path: Assets/Sprites/Oficial/SpriteLosangle.png
  artifactKey: Guid(7400469b14b4a2442968509f368c5a8a) Importer(815301076,1909f56bfc062723c751e8b465ee728b)
Start importing Assets/Sprites/Oficial/SpriteLosangle.png using Guid(7400469b14b4a2442968509f368c5a8a) Importer(815301076,1909f56bfc062723c751e8b465ee728b)  -> (artifact id: '9b5dad99a0b08092aa9a0202d1727ce3') in 0.118821 seconds 
  Import took 0.142372 seconds .

========================================================================
Received Import Request.
  Time since last request: 16.350059 seconds.
  path: Assets/Sprites/Oficial/SpriteCircle.png
  artifactKey: Guid(4c4022da815b8b74099a6e26148f1270) Importer(815301076,1909f56bfc062723c751e8b465ee728b)
Start importing Assets/Sprites/Oficial/SpriteCircle.png using Guid(4c4022da815b8b74099a6e26148f1270) Importer(815301076,1909f56bfc062723c751e8b465ee728b)  -> (artifact id: '7fbba15207010300eeedc5dba7aa3755') in 0.093716 seconds 
  Import took 0.224590 seconds .

========================================================================
Received Import Request.
  Time since last request: 18.452347 seconds.
  path: Assets/Sprites/Oficial/SpriteCircle.png
  artifactKey: Guid(4c4022da815b8b74099a6e26148f1270) Importer(815301076,1909f56bfc062723c751e8b465ee728b)
Start importing Assets/Sprites/Oficial/SpriteCircle.png using Guid(4c4022da815b8b74099a6e26148f1270) Importer(815301076,1909f56bfc062723c751e8b465ee728b)  -> (artifact id: 'c0c401eb11c538c466658479ae22229d') in 0.115864 seconds 
  Import took 0.163935 seconds .

========================================================================
Received Import Request.
  Time since last request: 29.680369 seconds.
  path: Assets/Sprites/Oficial/SpriteLosangle.png
  artifactKey: Guid(7400469b14b4a2442968509f368c5a8a) Importer(815301076,1909f56bfc062723c751e8b465ee728b)
Start importing Assets/Sprites/Oficial/SpriteLosangle.png using Guid(7400469b14b4a2442968509f368c5a8a) Importer(815301076,1909f56bfc062723c751e8b465ee728b)  -> (artifact id: 'ace568e7072dfd5bff78227439210b27') in 0.047408 seconds 
  Import took 0.092892 seconds .

========================================================================
Received Import Request.
  Time since last request: 5.409308 seconds.
  path: Assets/Sprites/Oficial/SpriteCircle.png
  artifactKey: Guid(4c4022da815b8b74099a6e26148f1270) Importer(815301076,1909f56bfc062723c751e8b465ee728b)
Start importing Assets/Sprites/Oficial/SpriteCircle.png using Guid(4c4022da815b8b74099a6e26148f1270) Importer(815301076,1909f56bfc062723c751e8b465ee728b)  -> (artifact id: '200f8a75918072eb01ce8e3d21ea0a7f') in 0.081083 seconds 
  Import took 0.117047 seconds .

========================================================================
Received Import Request.
  Time since last request: 7.138679 seconds.
  path: Assets/Sprites/Oficial/SpriteLosangle.png
  artifactKey: Guid(7400469b14b4a2442968509f368c5a8a) Importer(815301076,1909f56bfc062723c751e8b465ee728b)
Start importing Assets/Sprites/Oficial/SpriteLosangle.png using Guid(7400469b14b4a2442968509f368c5a8a) Importer(815301076,1909f56bfc062723c751e8b465ee728b)  -> (artifact id: '86a94518af9e0ff5c49c37528e653ddb') in 0.048625 seconds 
  Import took 0.069226 seconds .

========================================================================
Received Import Request.
  Time since last request: 311.329748 seconds.
  path: Assets/Sprites/Oficial/SpriteLosangle.png
  artifactKey: Guid(7400469b14b4a2442968509f368c5a8a) Importer(815301076,1909f56bfc062723c751e8b465ee728b)
Start importing Assets/Sprites/Oficial/SpriteLosangle.png using Guid(7400469b14b4a2442968509f368c5a8a) Importer(815301076,1909f56bfc062723c751e8b465ee728b)  -> (artifact id: '7bb8d89ea05f7bddc8ee6a8e00c70334') in 0.083695 seconds 
  Import took 0.147543 seconds .

========================================================================
Received Import Request.
  Time since last request: 24.694368 seconds.
  path: Assets/Sprites/Oficial/SpriteSquare.png
  artifactKey: Guid(8777ff28c15ff6945b3634e9c2878127) Importer(815301076,1909f56bfc062723c751e8b465ee728b)
Start importing Assets/Sprites/Oficial/SpriteSquare.png using Guid(8777ff28c15ff6945b3634e9c2878127) Importer(815301076,1909f56bfc062723c751e8b465ee728b)  -> (artifact id: '3e54b39387bfba8a210e8d97871ddb4e') in 0.037085 seconds 
  Import took 0.082713 seconds .

========================================================================
Received Import Request.
  Time since last request: 22.922073 seconds.
  path: Assets/Sprites/Oficial/SpriteSquare.png
  artifactKey: Guid(8777ff28c15ff6945b3634e9c2878127) Importer(815301076,1909f56bfc062723c751e8b465ee728b)
Start importing Assets/Sprites/Oficial/SpriteSquare.png using Guid(8777ff28c15ff6945b3634e9c2878127) Importer(815301076,1909f56bfc062723c751e8b465ee728b)  -> (artifact id: 'ad970d118a8a76444cc214a6abf563ad') in 0.077633 seconds 
  Import took 0.101917 seconds .

========================================================================
Received Import Request.
  Time since last request: 20.724783 seconds.
  path: Assets/Sprites/Oficial/SpriteTrapezoid.png
  artifactKey: Guid(93c9635045af9a34a87f83e5b89cd4d6) Importer(815301076,1909f56bfc062723c751e8b465ee728b)
Start importing Assets/Sprites/Oficial/SpriteTrapezoid.png using Guid(93c9635045af9a34a87f83e5b89cd4d6) Importer(815301076,1909f56bfc062723c751e8b465ee728b)  -> (artifact id: 'a50cb393ef0ed089c64c43099939c37e') in 0.036886 seconds 
  Import took 0.069763 seconds .

========================================================================
Received Import Request.
  Time since last request: 187.406643 seconds.
  path: Assets/Sprites/Oficial/SpriteTrapezoid.png
  artifactKey: Guid(93c9635045af9a34a87f83e5b89cd4d6) Importer(815301076,1909f56bfc062723c751e8b465ee728b)
Start importing Assets/Sprites/Oficial/SpriteTrapezoid.png using Guid(93c9635045af9a34a87f83e5b89cd4d6) Importer(815301076,1909f56bfc062723c751e8b465ee728b)  -> (artifact id: '0d58f6ff8c7927223ab3051ca8f61460') in 0.071839 seconds 
  Import took 0.093229 seconds .

========================================================================
Received Import Request.
  Time since last request: 15.453274 seconds.
  path: Assets/Sprites/Oficial/SpriteTriangle.png
  artifactKey: Guid(32b07c3c36d3e1b468a0ba13822a5a23) Importer(815301076,1909f56bfc062723c751e8b465ee728b)
Start importing Assets/Sprites/Oficial/SpriteTriangle.png using Guid(32b07c3c36d3e1b468a0ba13822a5a23) Importer(815301076,1909f56bfc062723c751e8b465ee728b)  -> (artifact id: 'b5dde2135267df849b1dd4568099582d') in 0.029829 seconds 
  Import took 0.046024 seconds .

========================================================================
Received Import Request.
  Time since last request: 95.779288 seconds.
  path: Assets/Sprites/Oficial/SpriteTriangle.png
  artifactKey: Guid(32b07c3c36d3e1b468a0ba13822a5a23) Importer(815301076,1909f56bfc062723c751e8b465ee728b)
Start importing Assets/Sprites/Oficial/SpriteTriangle.png using Guid(32b07c3c36d3e1b468a0ba13822a5a23) Importer(815301076,1909f56bfc062723c751e8b465ee728b)  -> (artifact id: '7b04172b4348475d28dc95a4b966d755') in 0.106128 seconds 
  Import took 0.141190 seconds .

========================================================================
Received Import Request.
  Time since last request: 34.646420 seconds.
  path: Assets/Prefabs/Circle.prefab
  artifactKey: Guid(ed6e08221cbf0ad4fa747f958ce10bd2) Importer(815301076,1909f56bfc062723c751e8b465ee728b)
Start importing Assets/Prefabs/Circle.prefab using Guid(ed6e08221cbf0ad4fa747f958ce10bd2) Importer(815301076,1909f56bfc062723c751e8b465ee728b)  -> (artifact id: '6abecc9bbf42bf1d9d0161fc27eb48e6') in 0.073889 seconds 
  Import took 0.094115 seconds .

========================================================================
Received Import Request.
  Time since last request: 8.627794 seconds.
  path: Assets/Prefabs/Circle.prefab
  artifactKey: Guid(ed6e08221cbf0ad4fa747f958ce10bd2) Importer(815301076,1909f56bfc062723c751e8b465ee728b)
Start importing Assets/Prefabs/Circle.prefab using Guid(ed6e08221cbf0ad4fa747f958ce10bd2) Importer(815301076,1909f56bfc062723c751e8b465ee728b)  -> (artifact id: '4530a3289961571cb2fae49df3960961') in 0.031185 seconds 
  Import took 0.061093 seconds .

========================================================================
Received Import Request.
  Time since last request: 4.145043 seconds.
  path: Assets/Prefabs/Circle.prefab
  artifactKey: Guid(ed6e08221cbf0ad4fa747f958ce10bd2) Importer(815301076,1909f56bfc062723c751e8b465ee728b)
Start importing Assets/Prefabs/Circle.prefab using Guid(ed6e08221cbf0ad4fa747f958ce10bd2) Importer(815301076,1909f56bfc062723c751e8b465ee728b)  -> (artifact id: '22b0b3050c4df8e58a8e51d0c1e43da9') in 0.023527 seconds 
  Import took 0.043304 seconds .

========================================================================
Received Import Request.
  Time since last request: 10.901165 seconds.
  path: Assets/Prefabs/Circle.prefab
  artifactKey: Guid(ed6e08221cbf0ad4fa747f958ce10bd2) Importer(815301076,1909f56bfc062723c751e8b465ee728b)
Start importing Assets/Prefabs/Circle.prefab using Guid(ed6e08221cbf0ad4fa747f958ce10bd2) Importer(815301076,1909f56bfc062723c751e8b465ee728b)  -> (artifact id: '2e1e939d7f484cb61be25d29db09d396') in 0.025244 seconds 
  Import took 0.045366 seconds .

========================================================================
Received Import Request.
  Time since last request: 7.073328 seconds.
  path: Assets/Prefabs/Circle.prefab
  artifactKey: Guid(ed6e08221cbf0ad4fa747f958ce10bd2) Importer(815301076,1909f56bfc062723c751e8b465ee728b)
Start importing Assets/Prefabs/Circle.prefab using Guid(ed6e08221cbf0ad4fa747f958ce10bd2) Importer(815301076,1909f56bfc062723c751e8b465ee728b)  -> (artifact id: 'c8c4e42ce91f7d62a83489c5ccb03d88') in 0.026320 seconds 
  Import took 0.049500 seconds .

========================================================================
Received Import Request.
  Time since last request: 0.015804 seconds.
  path: Assets/Prefabs/Circle.prefab
  artifactKey: Guid(ed6e08221cbf0ad4fa747f958ce10bd2) Importer(815301076,1909f56bfc062723c751e8b465ee728b)
Start importing Assets/Prefabs/Circle.prefab using Guid(ed6e08221cbf0ad4fa747f958ce10bd2) Importer(815301076,1909f56bfc062723c751e8b465ee728b)  -> (artifact id: 'c8c4e42ce91f7d62a83489c5ccb03d88') in 0.028754 seconds 
  Import took 0.043066 seconds .

========================================================================
Received Import Request.
  Time since last request: 5.525146 seconds.
  path: Assets/Prefabs/Circle.prefab
  artifactKey: Guid(ed6e08221cbf0ad4fa747f958ce10bd2) Importer(815301076,1909f56bfc062723c751e8b465ee728b)
Start importing Assets/Prefabs/Circle.prefab using Guid(ed6e08221cbf0ad4fa747f958ce10bd2) Importer(815301076,1909f56bfc062723c751e8b465ee728b)  -> (artifact id: 'ddc41b69fc684a677f5b372777b10065') in 0.038771 seconds 
  Import took 0.064214 seconds .

========================================================================
Received Import Request.
  Time since last request: 14.033942 seconds.
  path: Assets/Prefabs/Circle.prefab
  artifactKey: Guid(ed6e08221cbf0ad4fa747f958ce10bd2) Importer(815301076,1909f56bfc062723c751e8b465ee728b)
Start importing Assets/Prefabs/Circle.prefab using Guid(ed6e08221cbf0ad4fa747f958ce10bd2) Importer(815301076,1909f56bfc062723c751e8b465ee728b)  -> (artifact id: '50f1ef20aa240687650108930ebae4cc') in 0.027008 seconds 
  Import took 0.045669 seconds .

========================================================================
Received Import Request.
  Time since last request: 0.020747 seconds.
  path: Assets/Prefabs/Circle.prefab
  artifactKey: Guid(ed6e08221cbf0ad4fa747f958ce10bd2) Importer(815301076,1909f56bfc062723c751e8b465ee728b)
Start importing Assets/Prefabs/Circle.prefab using Guid(ed6e08221cbf0ad4fa747f958ce10bd2) Importer(815301076,1909f56bfc062723c751e8b465ee728b)  -> (artifact id: '50f1ef20aa240687650108930ebae4cc') in 0.018396 seconds 
  Import took 0.025773 seconds .

========================================================================
Received Import Request.
  Time since last request: 3.626371 seconds.
  path: Assets/Prefabs/Circle.prefab
  artifactKey: Guid(ed6e08221cbf0ad4fa747f958ce10bd2) Importer(815301076,1909f56bfc062723c751e8b465ee728b)
Start importing Assets/Prefabs/Circle.prefab using Guid(ed6e08221cbf0ad4fa747f958ce10bd2) Importer(815301076,1909f56bfc062723c751e8b465ee728b)  -> (artifact id: '4e531eae958acad13e90fb648d5da41a') in 0.035259 seconds 
  Import took 0.057314 seconds .

========================================================================
Received Import Request.
  Time since last request: 0.001485 seconds.
  path: Assets/Prefabs/Circle.prefab
  artifactKey: Guid(ed6e08221cbf0ad4fa747f958ce10bd2) Importer(815301076,1909f56bfc062723c751e8b465ee728b)
Start importing Assets/Prefabs/Circle.prefab using Guid(ed6e08221cbf0ad4fa747f958ce10bd2) Importer(815301076,1909f56bfc062723c751e8b465ee728b)  -> (artifact id: '4e531eae958acad13e90fb648d5da41a') in 0.015798 seconds 
  Import took 0.023172 seconds .

========================================================================
Received Import Request.
  Time since last request: 2.676431 seconds.
  path: Assets/Prefabs/Circle.prefab
  artifactKey: Guid(ed6e08221cbf0ad4fa747f958ce10bd2) Importer(815301076,1909f56bfc062723c751e8b465ee728b)
Start importing Assets/Prefabs/Circle.prefab using Guid(ed6e08221cbf0ad4fa747f958ce10bd2) Importer(815301076,1909f56bfc062723c751e8b465ee728b)  -> (artifact id: '6849956c1a8d8d59c8d748b853f8ab9b') in 0.025096 seconds 
  Import took 0.032485 seconds .

========================================================================
Received Import Request.
  Time since last request: 5.036541 seconds.
  path: Assets/Prefabs/Circle.prefab
  artifactKey: Guid(ed6e08221cbf0ad4fa747f958ce10bd2) Importer(815301076,1909f56bfc062723c751e8b465ee728b)
Start importing Assets/Prefabs/Circle.prefab using Guid(ed6e08221cbf0ad4fa747f958ce10bd2) Importer(815301076,1909f56bfc062723c751e8b465ee728b)  -> (artifact id: '7043bedfce222d1da2f2d5a529d35535') in 0.025155 seconds 
  Import took 0.050293 seconds .

========================================================================
Received Import Request.
  Time since last request: 2.272958 seconds.
  path: Assets/Prefabs/Circle.prefab
  artifactKey: Guid(ed6e08221cbf0ad4fa747f958ce10bd2) Importer(815301076,1909f56bfc062723c751e8b465ee728b)
Start importing Assets/Prefabs/Circle.prefab using Guid(ed6e08221cbf0ad4fa747f958ce10bd2) Importer(815301076,1909f56bfc062723c751e8b465ee728b)  -> (artifact id: '64bc10fa36645d8ecf0ee83398857c4a') in 0.029004 seconds 
  Import took 0.053109 seconds .

========================================================================
Received Import Request.
  Time since last request: 28.839696 seconds.
  path: Assets/Prefabs/Diamond.prefab
  artifactKey: Guid(dd45da45795523746b2de3b96ec52120) Importer(815301076,1909f56bfc062723c751e8b465ee728b)
Start importing Assets/Prefabs/Diamond.prefab using Guid(dd45da45795523746b2de3b96ec52120) Importer(815301076,1909f56bfc062723c751e8b465ee728b)  -> (artifact id: '404a54ab381ff5fae06d6c6ecedb1f07') in 0.041918 seconds 
  Import took 0.061205 seconds .

========================================================================
Received Import Request.
  Time since last request: 0.000875 seconds.
  path: Assets/Prefabs/Diamond.prefab
  artifactKey: Guid(dd45da45795523746b2de3b96ec52120) Importer(815301076,1909f56bfc062723c751e8b465ee728b)
Start importing Assets/Prefabs/Diamond.prefab using Guid(dd45da45795523746b2de3b96ec52120) Importer(815301076,1909f56bfc062723c751e8b465ee728b)  -> (artifact id: '404a54ab381ff5fae06d6c6ecedb1f07') in 0.042175 seconds 
  Import took 0.047767 seconds .

========================================================================
Received Import Request.
  Time since last request: 9.402890 seconds.
  path: Assets/Prefabs/Diamond.prefab
  artifactKey: Guid(dd45da45795523746b2de3b96ec52120) Importer(815301076,1909f56bfc062723c751e8b465ee728b)
Start importing Assets/Prefabs/Diamond.prefab using Guid(dd45da45795523746b2de3b96ec52120) Importer(815301076,1909f56bfc062723c751e8b465ee728b)  -> (artifact id: '0f224f0d190fba8ad21d5d248e183227') in 0.034782 seconds 
  Import took 0.064121 seconds .

========================================================================
Received Import Request.
  Time since last request: 0.020878 seconds.
  path: Assets/Prefabs/Diamond.prefab
  artifactKey: Guid(dd45da45795523746b2de3b96ec52120) Importer(815301076,1909f56bfc062723c751e8b465ee728b)
Start importing Assets/Prefabs/Diamond.prefab using Guid(dd45da45795523746b2de3b96ec52120) Importer(815301076,1909f56bfc062723c751e8b465ee728b)  -> (artifact id: '0f224f0d190fba8ad21d5d248e183227') in 0.017928 seconds 
  Import took 0.026178 seconds .

========================================================================
Received Import Request.
  Time since last request: 6.370741 seconds.
  path: Assets/Prefabs/Diamond.prefab
  artifactKey: Guid(dd45da45795523746b2de3b96ec52120) Importer(815301076,1909f56bfc062723c751e8b465ee728b)
Start importing Assets/Prefabs/Diamond.prefab using Guid(dd45da45795523746b2de3b96ec52120) Importer(815301076,1909f56bfc062723c751e8b465ee728b)  -> (artifact id: 'b1b36982662237a624991d33e5ba2906') in 0.037942 seconds 
  Import took 0.066093 seconds .

========================================================================
Received Import Request.
  Time since last request: 0.001824 seconds.
  path: Assets/Prefabs/Diamond.prefab
  artifactKey: Guid(dd45da45795523746b2de3b96ec52120) Importer(815301076,1909f56bfc062723c751e8b465ee728b)
Start importing Assets/Prefabs/Diamond.prefab using Guid(dd45da45795523746b2de3b96ec52120) Importer(815301076,1909f56bfc062723c751e8b465ee728b)  -> (artifact id: 'b1b36982662237a624991d33e5ba2906') in 0.017583 seconds 
  Import took 0.026441 seconds .

========================================================================
Received Import Request.
  Time since last request: 2.443344 seconds.
  path: Assets/Prefabs/Diamond.prefab
  artifactKey: Guid(dd45da45795523746b2de3b96ec52120) Importer(815301076,1909f56bfc062723c751e8b465ee728b)
Start importing Assets/Prefabs/Diamond.prefab using Guid(dd45da45795523746b2de3b96ec52120) Importer(815301076,1909f56bfc062723c751e8b465ee728b)  -> (artifact id: 'c457c0c15787b9a5d80411f17e8e4e0e') in 0.026443 seconds 
  Import took 0.038564 seconds .

========================================================================
Received Import Request.
  Time since last request: 3.435218 seconds.
  path: Assets/Prefabs/Diamond.prefab
  artifactKey: Guid(dd45da45795523746b2de3b96ec52120) Importer(815301076,1909f56bfc062723c751e8b465ee728b)
Start importing Assets/Prefabs/Diamond.prefab using Guid(dd45da45795523746b2de3b96ec52120) Importer(815301076,1909f56bfc062723c751e8b465ee728b)  -> (artifact id: '1494ab0eac1585f030b8da9a90c740b8') in 0.043174 seconds 
  Import took 0.059417 seconds .

========================================================================
Received Import Request.
  Time since last request: 2.615472 seconds.
  path: Assets/Prefabs/Diamond.prefab
  artifactKey: Guid(dd45da45795523746b2de3b96ec52120) Importer(815301076,1909f56bfc062723c751e8b465ee728b)
Start importing Assets/Prefabs/Diamond.prefab using Guid(dd45da45795523746b2de3b96ec52120) Importer(815301076,1909f56bfc062723c751e8b465ee728b)  -> (artifact id: '8e565112f78b062757bfecc259c74b5b') in 0.030181 seconds 
  Import took 0.054779 seconds .

========================================================================
Received Import Request.
  Time since last request: 2.726932 seconds.
  path: Assets/Prefabs/Diamond.prefab
  artifactKey: Guid(dd45da45795523746b2de3b96ec52120) Importer(815301076,1909f56bfc062723c751e8b465ee728b)
Start importing Assets/Prefabs/Diamond.prefab using Guid(dd45da45795523746b2de3b96ec52120) Importer(815301076,1909f56bfc062723c751e8b465ee728b)  -> (artifact id: 'ea643dde757b1e04b4032f130c36c7b2') in 0.042440 seconds 
  Import took 0.070646 seconds .

========================================================================
Received Import Request.
  Time since last request: 4.157082 seconds.
  path: Assets/Prefabs/Diamond.prefab
  artifactKey: Guid(dd45da45795523746b2de3b96ec52120) Importer(815301076,1909f56bfc062723c751e8b465ee728b)
Start importing Assets/Prefabs/Diamond.prefab using Guid(dd45da45795523746b2de3b96ec52120) Importer(815301076,1909f56bfc062723c751e8b465ee728b)  -> (artifact id: '063dd1065392e58357bfe74f8a150fbf') in 0.035143 seconds 
  Import took 0.056142 seconds .

========================================================================
Received Import Request.
  Time since last request: 4.702998 seconds.
  path: Assets/Prefabs/Diamond.prefab
  artifactKey: Guid(dd45da45795523746b2de3b96ec52120) Importer(815301076,1909f56bfc062723c751e8b465ee728b)
Start importing Assets/Prefabs/Diamond.prefab using Guid(dd45da45795523746b2de3b96ec52120) Importer(815301076,1909f56bfc062723c751e8b465ee728b)  -> (artifact id: '52d5b6f77ccf0de9d829939b6db38048') in 0.030869 seconds 
  Import took 0.049076 seconds .

========================================================================
Received Import Request.
  Time since last request: 0.010184 seconds.
  path: Assets/Prefabs/Diamond.prefab
  artifactKey: Guid(dd45da45795523746b2de3b96ec52120) Importer(815301076,1909f56bfc062723c751e8b465ee728b)
Start importing Assets/Prefabs/Diamond.prefab using Guid(dd45da45795523746b2de3b96ec52120) Importer(815301076,1909f56bfc062723c751e8b465ee728b)  -> (artifact id: '52d5b6f77ccf0de9d829939b6db38048') in 0.018236 seconds 
  Import took 0.026372 seconds .

========================================================================
Received Import Request.
  Time since last request: 6.031095 seconds.
  path: Assets/Prefabs/Diamond.prefab
  artifactKey: Guid(dd45da45795523746b2de3b96ec52120) Importer(815301076,1909f56bfc062723c751e8b465ee728b)
Start importing Assets/Prefabs/Diamond.prefab using Guid(dd45da45795523746b2de3b96ec52120) Importer(815301076,1909f56bfc062723c751e8b465ee728b)  -> (artifact id: 'ca06c37443631cfad024721d6c718f78') in 0.026906 seconds 
  Import took 0.040404 seconds .

========================================================================
Received Import Request.
  Time since last request: 11.807228 seconds.
  path: Assets/Prefabs/Diamond.prefab
  artifactKey: Guid(dd45da45795523746b2de3b96ec52120) Importer(815301076,1909f56bfc062723c751e8b465ee728b)
Start importing Assets/Prefabs/Diamond.prefab using Guid(dd45da45795523746b2de3b96ec52120) Importer(815301076,1909f56bfc062723c751e8b465ee728b)  -> (artifact id: 'cbfd5253dba09f8793b1f94bfde9b0a8') in 0.045358 seconds 
  Import took 0.070236 seconds .

========================================================================
Received Import Request.
  Time since last request: 6.724649 seconds.
  path: Assets/Prefabs/Diamond.prefab
  artifactKey: Guid(dd45da45795523746b2de3b96ec52120) Importer(815301076,1909f56bfc062723c751e8b465ee728b)
Start importing Assets/Prefabs/Diamond.prefab using Guid(dd45da45795523746b2de3b96ec52120) Importer(815301076,1909f56bfc062723c751e8b465ee728b)  -> (artifact id: '194dcfa99625b806ecee88220862c60e') in 0.029005 seconds 
  Import took 0.046305 seconds .

========================================================================
Received Import Request.
  Time since last request: 94.417235 seconds.
  path: Assets/Prefabs/Diamond.prefab
  artifactKey: Guid(dd45da45795523746b2de3b96ec52120) Importer(815301076,1909f56bfc062723c751e8b465ee728b)
Start importing Assets/Prefabs/Diamond.prefab using Guid(dd45da45795523746b2de3b96ec52120) Importer(815301076,1909f56bfc062723c751e8b465ee728b)  -> (artifact id: '08e01ac359cb89f777dd4d8d12c301f2') in 0.049683 seconds 
  Import took 0.057698 seconds .

========================================================================
Received Import Request.
  Time since last request: 40.380027 seconds.
  path: Assets/Prefabs/Diamond.prefab
  artifactKey: Guid(dd45da45795523746b2de3b96ec52120) Importer(815301076,1909f56bfc062723c751e8b465ee728b)
Start importing Assets/Prefabs/Diamond.prefab using Guid(dd45da45795523746b2de3b96ec52120) Importer(815301076,1909f56bfc062723c751e8b465ee728b)  -> (artifact id: '158890a46f4bfff6df80264c15b07eb0') in 0.027718 seconds 
  Import took 0.038505 seconds .

========================================================================
Received Import Request.
  Time since last request: 1.666249 seconds.
  path: Assets/Prefabs/Diamond.prefab
  artifactKey: Guid(dd45da45795523746b2de3b96ec52120) Importer(815301076,1909f56bfc062723c751e8b465ee728b)
Start importing Assets/Prefabs/Diamond.prefab using Guid(dd45da45795523746b2de3b96ec52120) Importer(815301076,1909f56bfc062723c751e8b465ee728b)  -> (artifact id: '224d89d170c479ae4dde6f5e579f8482') in 0.050524 seconds 
  Import took 0.060967 seconds .

========================================================================
Received Import Request.
  Time since last request: 7.690495 seconds.
  path: Assets/Prefabs/Diamond.prefab
  artifactKey: Guid(dd45da45795523746b2de3b96ec52120) Importer(815301076,1909f56bfc062723c751e8b465ee728b)
Start importing Assets/Prefabs/Diamond.prefab using Guid(dd45da45795523746b2de3b96ec52120) Importer(815301076,1909f56bfc062723c751e8b465ee728b)  -> (artifact id: 'c1019d748a6af0c36e8d03cdb4a9842a') in 0.045562 seconds 
  Import took 0.053401 seconds .

========================================================================
Received Import Request.
  Time since last request: 5.119099 seconds.
  path: Assets/Prefabs/Diamond.prefab
  artifactKey: Guid(dd45da45795523746b2de3b96ec52120) Importer(815301076,1909f56bfc062723c751e8b465ee728b)
Start importing Assets/Prefabs/Diamond.prefab using Guid(dd45da45795523746b2de3b96ec52120) Importer(815301076,1909f56bfc062723c751e8b465ee728b)  -> (artifact id: '12a6d83f65f3ff656c34e668565a2f33') in 0.049494 seconds 
  Import took 0.058830 seconds .

========================================================================
Received Import Request.
  Time since last request: 4.997741 seconds.
  path: Assets/Prefabs/Diamond.prefab
  artifactKey: Guid(dd45da45795523746b2de3b96ec52120) Importer(815301076,1909f56bfc062723c751e8b465ee728b)
Start importing Assets/Prefabs/Diamond.prefab using Guid(dd45da45795523746b2de3b96ec52120) Importer(815301076,1909f56bfc062723c751e8b465ee728b)  -> (artifact id: '7473bc92b4f4714b48f58a72077b519c') in 0.030396 seconds 
  Import took 0.047421 seconds .

========================================================================
Received Import Request.
  Time since last request: 4.551838 seconds.
  path: Assets/Prefabs/Diamond.prefab
  artifactKey: Guid(dd45da45795523746b2de3b96ec52120) Importer(815301076,1909f56bfc062723c751e8b465ee728b)
Start importing Assets/Prefabs/Diamond.prefab using Guid(dd45da45795523746b2de3b96ec52120) Importer(815301076,1909f56bfc062723c751e8b465ee728b)  -> (artifact id: '0f645bcbfdaf428eff397931b28e9d1a') in 0.024652 seconds 
  Import took 0.035150 seconds .

========================================================================
Received Import Request.
  Time since last request: 39.256960 seconds.
  path: Assets/Prefabs/Diamond.prefab
  artifactKey: Guid(dd45da45795523746b2de3b96ec52120) Importer(815301076,1909f56bfc062723c751e8b465ee728b)
Start importing Assets/Prefabs/Diamond.prefab using Guid(dd45da45795523746b2de3b96ec52120) Importer(815301076,1909f56bfc062723c751e8b465ee728b)  -> (artifact id: '1846cf315413fe3af8a66ce4cc69b339') in 0.086793 seconds 
  Import took 0.102452 seconds .

========================================================================
Received Import Request.
  Time since last request: 89.193488 seconds.
  path: Assets/Prefabs/Diamond.prefab
  artifactKey: Guid(dd45da45795523746b2de3b96ec52120) Importer(815301076,1909f56bfc062723c751e8b465ee728b)
Start importing Assets/Prefabs/Diamond.prefab using Guid(dd45da45795523746b2de3b96ec52120) Importer(815301076,1909f56bfc062723c751e8b465ee728b)  -> (artifact id: '372d46220b59ae328002ecc8e12bbd25') in 0.028441 seconds 
  Import took 0.061685 seconds .

========================================================================
Received Import Request.
  Time since last request: 258.551656 seconds.
  path: Assets/Prefabs/Diamond.prefab
  artifactKey: Guid(dd45da45795523746b2de3b96ec52120) Importer(815301076,1909f56bfc062723c751e8b465ee728b)
Start importing Assets/Prefabs/Diamond.prefab using Guid(dd45da45795523746b2de3b96ec52120) Importer(815301076,1909f56bfc062723c751e8b465ee728b)  -> (artifact id: '33b9defcbc9e77dad3f6c64c8770cb0b') in 0.032100 seconds 
  Import took 0.042607 seconds .

========================================================================
Received Import Request.
  Time since last request: 194.710086 seconds.
  path: Assets/Prefabs/Diamond.prefab
  artifactKey: Guid(dd45da45795523746b2de3b96ec52120) Importer(815301076,1909f56bfc062723c751e8b465ee728b)
Start importing Assets/Prefabs/Diamond.prefab using Guid(dd45da45795523746b2de3b96ec52120) Importer(815301076,1909f56bfc062723c751e8b465ee728b)  -> (artifact id: '41934a0ef27e1a12bb9a747877a3fcdc') in 0.079319 seconds 
  Import took 0.094597 seconds .

========================================================================
Received Import Request.
  Time since last request: 2.628236 seconds.
  path: Assets/Prefabs/Diamond.prefab
  artifactKey: Guid(dd45da45795523746b2de3b96ec52120) Importer(815301076,1909f56bfc062723c751e8b465ee728b)
Start importing Assets/Prefabs/Diamond.prefab using Guid(dd45da45795523746b2de3b96ec52120) Importer(815301076,1909f56bfc062723c751e8b465ee728b)  -> (artifact id: '7d384403b1c8f2e44fe3250bc2a456ca') in 0.027717 seconds 
  Import took 0.036682 seconds .

========================================================================
Received Import Request.
  Time since last request: 3.264881 seconds.
  path: Assets/Prefabs/Diamond.prefab
  artifactKey: Guid(dd45da45795523746b2de3b96ec52120) Importer(815301076,1909f56bfc062723c751e8b465ee728b)
Start importing Assets/Prefabs/Diamond.prefab using Guid(dd45da45795523746b2de3b96ec52120) Importer(815301076,1909f56bfc062723c751e8b465ee728b)  -> (artifact id: '596c4fe654aecd9f7e7cfc3eefa9ef67') in 0.027127 seconds 
  Import took 0.039089 seconds .

========================================================================
Received Import Request.
  Time since last request: 3.184505 seconds.
  path: Assets/Prefabs/Diamond.prefab
  artifactKey: Guid(dd45da45795523746b2de3b96ec52120) Importer(815301076,1909f56bfc062723c751e8b465ee728b)
Start importing Assets/Prefabs/Diamond.prefab using Guid(dd45da45795523746b2de3b96ec52120) Importer(815301076,1909f56bfc062723c751e8b465ee728b)  -> (artifact id: 'f13eb168c440800dd0142a578acd80d5') in 0.027487 seconds 
  Import took 0.037281 seconds .

========================================================================
Received Import Request.
  Time since last request: 43.334511 seconds.
  path: Assets/Prefabs/Diamond.prefab
  artifactKey: Guid(dd45da45795523746b2de3b96ec52120) Importer(815301076,1909f56bfc062723c751e8b465ee728b)
Start importing Assets/Prefabs/Diamond.prefab using Guid(dd45da45795523746b2de3b96ec52120) Importer(815301076,1909f56bfc062723c751e8b465ee728b)  -> (artifact id: 'b28df063f81bc01d87fa2b7342c8c7e5') in 0.027429 seconds 
  Import took 0.035171 seconds .

========================================================================
Received Import Request.
  Time since last request: 4.442645 seconds.
  path: Assets/Prefabs/Diamond.prefab
  artifactKey: Guid(dd45da45795523746b2de3b96ec52120) Importer(815301076,1909f56bfc062723c751e8b465ee728b)
Start importing Assets/Prefabs/Diamond.prefab using Guid(dd45da45795523746b2de3b96ec52120) Importer(815301076,1909f56bfc062723c751e8b465ee728b)  -> (artifact id: '9af812b3dad765fcbcc5a6ecca6ac159') in 0.028714 seconds 
  Import took 0.037282 seconds .

========================================================================
Received Prepare
Registering precompiled user dll's ...
Registered in 0.091470 seconds.
Begin MonoManager ReloadAssembly
Native extension for WindowsStandalone target not found
Native extension for WebGL target not found
Refreshing native plugins compatible for Editor in 0.94 ms, found 3 plugins.
Preloading 0 native plugins for Editor in 0.00 ms.
Mono: successfully reloaded assembly
- Completed reload, in  4.087 seconds
Domain Reload Profiling:
	ReloadAssembly (4110ms)
		BeginReloadAssembly (1356ms)
			ExecutionOrderSort (0ms)
			DisableScriptedObjects (130ms)
			BackupInstance (0ms)
			ReleaseScriptingObjects (0ms)
			CreateAndSetChildDomain (678ms)
		EndReloadAssembly (2564ms)
			LoadAssemblies (518ms)
			RebuildTransferFunctionScriptingTraits (0ms)
			SetupTypeCache (869ms)
			ReleaseScriptCaches (1ms)
			RebuildScriptCaches (123ms)
			SetupLoadedEditorAssemblies (939ms)
				LogAssemblyErrors (0ms)
				InitializePlatformSupportModulesInManaged (21ms)
				SetLoadedEditorAssemblies (1ms)
				RefreshPlugins (1ms)
				BeforeProcessingInitializeOnLoad (250ms)
				ProcessInitializeOnLoadAttributes (652ms)
				ProcessInitializeOnLoadMethodAttributes (9ms)
				AfterProcessingInitializeOnLoad (4ms)
				EditorAssembliesLoaded (0ms)
			ExecutionOrderSort2 (0ms)
			AwakeInstancesAfterBackupRestoration (30ms)
Platform modules already initialized, skipping
Refreshing native plugins compatible for Editor in 1.50 ms, found 3 plugins.
Preloading 0 native plugins for Editor in 0.00 ms.
Unloading 2094 Unused Serialized files (Serialized files now loaded: 0)
System memory in use before: 97.0 MB.
System memory in use after: 97.0 MB.

Unloading 21 unused Assets to reduce memory usage. Loaded Objects now: 2559.
Total: 6.035500 ms (FindLiveObjects: 0.283500 ms CreateObjectMapping: 0.112800 ms MarkObjects: 5.453900 ms  DeleteObjects: 0.182800 ms)

AssetImportParameters requested are different than current active one (requested -> active):
  custom:framework-win-MediaFoundation: 216162199b28c13a410421893ffa2e32 -> 
  custom:video-decoder-ogg-theora: a1e56fd34408186e4bbccfd4996cb3dc -> 
  custom:container-muxer-webm: aa71ff27fc2769a1b78a27578f13a17b -> 
  custom:container-demuxer-webm: 4f35f7cbe854078d1ac9338744f61a02 -> 
  custom:container-demuxer-ogg: 62fdf1f143b41e24485cea50d1cbac27 -> 
  custom:video-encoder-webm-vp8: eb34c28f22e8b96e1ab97ce403110664 -> 
  custom:video-decoder-webm-vp8: 9c59270c3fd7afecdb556c50c9e8de78 -> 
  custom:audio-decoder-ogg-vorbis: bf7c407c2cedff20999df2af8eb42d56 -> 
  custom:audio-encoder-webm-vorbis: bf7c407c2cedff20999df2af8eb42d56 -> 
========================================================================
Received Prepare
Registering precompiled user dll's ...
Registered in 0.007690 seconds.
Begin MonoManager ReloadAssembly
Native extension for WindowsStandalone target not found
Native extension for WebGL target not found
Refreshing native plugins compatible for Editor in 1.05 ms, found 3 plugins.
Preloading 0 native plugins for Editor in 0.00 ms.
Mono: successfully reloaded assembly
- Completed reload, in  2.492 seconds
Domain Reload Profiling:
	ReloadAssembly (2493ms)
		BeginReloadAssembly (252ms)
			ExecutionOrderSort (0ms)
			DisableScriptedObjects (14ms)
			BackupInstance (0ms)
			ReleaseScriptingObjects (0ms)
			CreateAndSetChildDomain (66ms)
		EndReloadAssembly (2107ms)
			LoadAssemblies (252ms)
			RebuildTransferFunctionScriptingTraits (0ms)
			SetupTypeCache (724ms)
			ReleaseScriptCaches (1ms)
			RebuildScriptCaches (103ms)
			SetupLoadedEditorAssemblies (849ms)
				LogAssemblyErrors (0ms)
				InitializePlatformSupportModulesInManaged (14ms)
				SetLoadedEditorAssemblies (1ms)
				RefreshPlugins (1ms)
				BeforeProcessingInitializeOnLoad (202ms)
				ProcessInitializeOnLoadAttributes (610ms)
				ProcessInitializeOnLoadMethodAttributes (12ms)
				AfterProcessingInitializeOnLoad (8ms)
				EditorAssembliesLoaded (0ms)
			ExecutionOrderSort2 (0ms)
			AwakeInstancesAfterBackupRestoration (23ms)
Platform modules already initialized, skipping
Refreshing native plugins compatible for Editor in 1.05 ms, found 3 plugins.
Preloading 0 native plugins for Editor in 0.00 ms.
Unloading 2094 Unused Serialized files (Serialized files now loaded: 0)
System memory in use before: 97.0 MB.
System memory in use after: 97.0 MB.

Unloading 21 unused Assets to reduce memory usage. Loaded Objects now: 2563.
Total: 5.705600 ms (FindLiveObjects: 0.339700 ms CreateObjectMapping: 0.177700 ms MarkObjects: 4.048300 ms  DeleteObjects: 1.135600 ms)

AssetImportParameters requested are different than current active one (requested -> active):
  custom:framework-win-MediaFoundation: 216162199b28c13a410421893ffa2e32 -> 
  custom:video-decoder-ogg-theora: a1e56fd34408186e4bbccfd4996cb3dc -> 
  custom:container-muxer-webm: aa71ff27fc2769a1b78a27578f13a17b -> 
  custom:container-demuxer-webm: 4f35f7cbe854078d1ac9338744f61a02 -> 
  custom:container-demuxer-ogg: 62fdf1f143b41e24485cea50d1cbac27 -> 
  custom:video-encoder-webm-vp8: eb34c28f22e8b96e1ab97ce403110664 -> 
  custom:video-decoder-webm-vp8: 9c59270c3fd7afecdb556c50c9e8de78 -> 
  custom:audio-decoder-ogg-vorbis: bf7c407c2cedff20999df2af8eb42d56 -> 
  custom:audio-encoder-webm-vorbis: bf7c407c2cedff20999df2af8eb42d56 -> 
========================================================================
Received Import Request.
  Time since last request: 202.978487 seconds.
  path: Assets/Prefabs/Triangle.prefab
  artifactKey: Guid(b376c8bcd99b74945bf4553e08394f5c) Importer(815301076,1909f56bfc062723c751e8b465ee728b)
Start importing Assets/Prefabs/Triangle.prefab using Guid(b376c8bcd99b74945bf4553e08394f5c) Importer(815301076,1909f56bfc062723c751e8b465ee728b)  -> (artifact id: '511ae6c0aec1bcb403feb8ed635fc687') in 0.090859 seconds 
  Import took 0.131962 seconds .

========================================================================
Received Import Request.
  Time since last request: 165.345161 seconds.
  path: Assets/Prefabs/Square.prefab
  artifactKey: Guid(314dd4d1dd9de6c40a0eb5163b014d57) Importer(815301076,1909f56bfc062723c751e8b465ee728b)
Start importing Assets/Prefabs/Square.prefab using Guid(314dd4d1dd9de6c40a0eb5163b014d57) Importer(815301076,1909f56bfc062723c751e8b465ee728b)  -> (artifact id: '3c90b0b31cd86420ad35c51eafa209a9') in 0.052061 seconds 
  Import took 0.085354 seconds .

========================================================================
Received Import Request.
  Time since last request: 139.910191 seconds.
  path: Assets/Prefabs/Trapezoid.prefab
  artifactKey: Guid(8b6a2f83f30c72e4690a828c5ff44baf) Importer(815301076,1909f56bfc062723c751e8b465ee728b)
Start importing Assets/Prefabs/Trapezoid.prefab using Guid(8b6a2f83f30c72e4690a828c5ff44baf) Importer(815301076,1909f56bfc062723c751e8b465ee728b)  -> (artifact id: 'b07da751c6daeb8222789d7bb062508b') in 0.038088 seconds 
  Import took 0.063986 seconds .

========================================================================
Received Prepare
Registering precompiled user dll's ...
Registered in 0.031157 seconds.
Begin MonoManager ReloadAssembly
Native extension for WindowsStandalone target not found
Native extension for WebGL target not found
Refreshing native plugins compatible for Editor in 0.74 ms, found 3 plugins.
Preloading 0 native plugins for Editor in 0.00 ms.
Mono: successfully reloaded assembly
- Completed reload, in  2.513 seconds
Domain Reload Profiling:
	ReloadAssembly (2514ms)
		BeginReloadAssembly (249ms)
			ExecutionOrderSort (0ms)
			DisableScriptedObjects (13ms)
			BackupInstance (0ms)
			ReleaseScriptingObjects (0ms)
			CreateAndSetChildDomain (73ms)
		EndReloadAssembly (2137ms)
			LoadAssemblies (235ms)
			RebuildTransferFunctionScriptingTraits (0ms)
			SetupTypeCache (716ms)
			ReleaseScriptCaches (3ms)
			RebuildScriptCaches (107ms)
			SetupLoadedEditorAssemblies (878ms)
				LogAssemblyErrors (0ms)
				InitializePlatformSupportModulesInManaged (16ms)
				SetLoadedEditorAssemblies (2ms)
				RefreshPlugins (1ms)
				BeforeProcessingInitializeOnLoad (194ms)
				ProcessInitializeOnLoadAttributes (647ms)
				ProcessInitializeOnLoadMethodAttributes (12ms)
				AfterProcessingInitializeOnLoad (7ms)
				EditorAssembliesLoaded (0ms)
			ExecutionOrderSort2 (0ms)
			AwakeInstancesAfterBackupRestoration (25ms)
Platform modules already initialized, skipping
Refreshing native plugins compatible for Editor in 1.09 ms, found 3 plugins.
Preloading 0 native plugins for Editor in 0.00 ms.
Unloading 2094 Unused Serialized files (Serialized files now loaded: 0)
System memory in use before: 97.1 MB.
System memory in use after: 97.1 MB.

Unloading 21 unused Assets to reduce memory usage. Loaded Objects now: 2568.
Total: 5.458200 ms (FindLiveObjects: 0.277700 ms CreateObjectMapping: 0.114300 ms MarkObjects: 4.498100 ms  DeleteObjects: 0.565500 ms)

AssetImportParameters requested are different than current active one (requested -> active):
  custom:framework-win-MediaFoundation: 216162199b28c13a410421893ffa2e32 -> 
  custom:video-decoder-ogg-theora: a1e56fd34408186e4bbccfd4996cb3dc -> 
  custom:container-muxer-webm: aa71ff27fc2769a1b78a27578f13a17b -> 
  custom:container-demuxer-webm: 4f35f7cbe854078d1ac9338744f61a02 -> 
  custom:container-demuxer-ogg: 62fdf1f143b41e24485cea50d1cbac27 -> 
  custom:video-encoder-webm-vp8: eb34c28f22e8b96e1ab97ce403110664 -> 
  custom:video-decoder-webm-vp8: 9c59270c3fd7afecdb556c50c9e8de78 -> 
  custom:audio-decoder-ogg-vorbis: bf7c407c2cedff20999df2af8eb42d56 -> 
  custom:audio-encoder-webm-vorbis: bf7c407c2cedff20999df2af8eb42d56 -> 
========================================================================
Received Import Request.
  Time since last request: 102.302646 seconds.
  path: Assets/Prefabs/Square.prefab
  artifactKey: Guid(314dd4d1dd9de6c40a0eb5163b014d57) Importer(815301076,1909f56bfc062723c751e8b465ee728b)
Start importing Assets/Prefabs/Square.prefab using Guid(314dd4d1dd9de6c40a0eb5163b014d57) Importer(815301076,1909f56bfc062723c751e8b465ee728b)  -> (artifact id: 'a342c0c4a4d3f41021f898c1a6dccd23') in 0.212624 seconds 
  Import took 0.223348 seconds .

========================================================================
Received Import Request.
  Time since last request: 3.404989 seconds.
  path: Assets/Prefabs/Square.prefab
  artifactKey: Guid(314dd4d1dd9de6c40a0eb5163b014d57) Importer(815301076,1909f56bfc062723c751e8b465ee728b)
Start importing Assets/Prefabs/Square.prefab using Guid(314dd4d1dd9de6c40a0eb5163b014d57) Importer(815301076,1909f56bfc062723c751e8b465ee728b)  -> (artifact id: '2c36f4e93039f9ab325e875c23539b1c') in 0.054456 seconds 
  Import took 0.076577 seconds .

========================================================================
Received Import Request.
  Time since last request: 2.778768 seconds.
  path: Assets/Prefabs/Square.prefab
  artifactKey: Guid(314dd4d1dd9de6c40a0eb5163b014d57) Importer(815301076,1909f56bfc062723c751e8b465ee728b)
Start importing Assets/Prefabs/Square.prefab using Guid(314dd4d1dd9de6c40a0eb5163b014d57) Importer(815301076,1909f56bfc062723c751e8b465ee728b)  -> (artifact id: '5569d69356a685805895e361fa14266d') in 0.028423 seconds 
  Import took 0.042880 seconds .

========================================================================
Received Import Request.
  Time since last request: 4.096549 seconds.
  path: Assets/Prefabs/Square.prefab
  artifactKey: Guid(314dd4d1dd9de6c40a0eb5163b014d57) Importer(815301076,1909f56bfc062723c751e8b465ee728b)
Start importing Assets/Prefabs/Square.prefab using Guid(314dd4d1dd9de6c40a0eb5163b014d57) Importer(815301076,1909f56bfc062723c751e8b465ee728b)  -> (artifact id: '1b26e7220a0930d9f8d0339e04ba611c') in 0.056391 seconds 
  Import took 0.066396 seconds .

========================================================================
Received Import Request.
  Time since last request: 1.419302 seconds.
  path: Assets/Prefabs/Square.prefab
  artifactKey: Guid(314dd4d1dd9de6c40a0eb5163b014d57) Importer(815301076,1909f56bfc062723c751e8b465ee728b)
Start importing Assets/Prefabs/Square.prefab using Guid(314dd4d1dd9de6c40a0eb5163b014d57) Importer(815301076,1909f56bfc062723c751e8b465ee728b)  -> (artifact id: 'dc745d87dfa20d800af7c7aab0adcb62') in 0.029249 seconds 
  Import took 0.060587 seconds .

========================================================================
Received Import Request.
  Time since last request: 472.563619 seconds.
  path: Assets/Prefabs/Square.prefab
  artifactKey: Guid(314dd4d1dd9de6c40a0eb5163b014d57) Importer(815301076,1909f56bfc062723c751e8b465ee728b)
Start importing Assets/Prefabs/Square.prefab using Guid(314dd4d1dd9de6c40a0eb5163b014d57) Importer(815301076,1909f56bfc062723c751e8b465ee728b)  -> (artifact id: '1788f33c2b188b827123649201309b52') in 0.907892 seconds 
  Import took 1.032137 seconds .

========================================================================
Received Import Request.
  Time since last request: 0.142625 seconds.
  path: Assets/Prefabs/Square.prefab
  artifactKey: Guid(314dd4d1dd9de6c40a0eb5163b014d57) Importer(815301076,1909f56bfc062723c751e8b465ee728b)
Start importing Assets/Prefabs/Square.prefab using Guid(314dd4d1dd9de6c40a0eb5163b014d57) Importer(815301076,1909f56bfc062723c751e8b465ee728b)  -> (artifact id: '1788f33c2b188b827123649201309b52') in 0.019952 seconds 
  Import took 0.043326 seconds .

========================================================================
Received Import Request.
  Time since last request: 10.852827 seconds.
  path: Assets/Prefabs/Diamond.prefab
  artifactKey: Guid(dd45da45795523746b2de3b96ec52120) Importer(815301076,1909f56bfc062723c751e8b465ee728b)
Start importing Assets/Prefabs/Diamond.prefab using Guid(dd45da45795523746b2de3b96ec52120) Importer(815301076,1909f56bfc062723c751e8b465ee728b)  -> (artifact id: 'c09dbf1749570e3b5b52816297c60230') in 0.174197 seconds 
  Import took 0.227424 seconds .

========================================================================
Received Import Request.
  Time since last request: 7.371798 seconds.
  path: Assets/Prefabs/Diamond.prefab
  artifactKey: Guid(dd45da45795523746b2de3b96ec52120) Importer(815301076,1909f56bfc062723c751e8b465ee728b)
Start importing Assets/Prefabs/Diamond.prefab using Guid(dd45da45795523746b2de3b96ec52120) Importer(815301076,1909f56bfc062723c751e8b465ee728b)  -> (artifact id: 'b6b02861501f89a7ebce2dd21ca9d4d2') in 0.033148 seconds 
  Import took 0.079226 seconds .

========================================================================
Received Import Request.
  Time since last request: 6.169233 seconds.
  path: Assets/Prefabs/Diamond.prefab
  artifactKey: Guid(dd45da45795523746b2de3b96ec52120) Importer(815301076,1909f56bfc062723c751e8b465ee728b)
Start importing Assets/Prefabs/Diamond.prefab using Guid(dd45da45795523746b2de3b96ec52120) Importer(815301076,1909f56bfc062723c751e8b465ee728b)  -> (artifact id: '695a4e54a09ca1ace11fd45533075dab') in 0.034436 seconds 
  Import took 0.084285 seconds .

========================================================================
Received Prepare
Registering precompiled user dll's ...
Registered in 0.187351 seconds.
Begin MonoManager ReloadAssembly
Native extension for WindowsStandalone target not found
Native extension for WebGL target not found
Refreshing native plugins compatible for Editor in 1.03 ms, found 3 plugins.
Preloading 0 native plugins for Editor in 0.00 ms.
Mono: successfully reloaded assembly
- Completed reload, in  4.522 seconds
Domain Reload Profiling:
	ReloadAssembly (4556ms)
		BeginReloadAssembly (1193ms)
			ExecutionOrderSort (0ms)
			DisableScriptedObjects (208ms)
			BackupInstance (0ms)
			ReleaseScriptingObjects (0ms)
			CreateAndSetChildDomain (655ms)
		EndReloadAssembly (3180ms)
			LoadAssemblies (976ms)
			RebuildTransferFunctionScriptingTraits (0ms)
			SetupTypeCache (857ms)
			ReleaseScriptCaches (2ms)
			RebuildScriptCaches (98ms)
			SetupLoadedEditorAssemblies (1076ms)
				LogAssemblyErrors (0ms)
				InitializePlatformSupportModulesInManaged (15ms)
				SetLoadedEditorAssemblies (1ms)
				RefreshPlugins (1ms)
				BeforeProcessingInitializeOnLoad (241ms)
				ProcessInitializeOnLoadAttributes (798ms)
				ProcessInitializeOnLoadMethodAttributes (11ms)
				AfterProcessingInitializeOnLoad (7ms)
				EditorAssembliesLoaded (0ms)
			ExecutionOrderSort2 (0ms)
			AwakeInstancesAfterBackupRestoration (28ms)
Platform modules already initialized, skipping
Refreshing native plugins compatible for Editor in 1.45 ms, found 3 plugins.
Preloading 0 native plugins for Editor in 0.00 ms.
Unloading 2094 Unused Serialized files (Serialized files now loaded: 0)
System memory in use before: 97.1 MB.
System memory in use after: 97.1 MB.

Unloading 21 unused Assets to reduce memory usage. Loaded Objects now: 2573.
Total: 5.384100 ms (FindLiveObjects: 0.364800 ms CreateObjectMapping: 0.196800 ms MarkObjects: 4.608800 ms  DeleteObjects: 0.210900 ms)

AssetImportParameters requested are different than current active one (requested -> active):
  custom:framework-win-MediaFoundation: 216162199b28c13a410421893ffa2e32 -> 
  custom:video-decoder-ogg-theora: a1e56fd34408186e4bbccfd4996cb3dc -> 
  custom:container-muxer-webm: aa71ff27fc2769a1b78a27578f13a17b -> 
  custom:container-demuxer-webm: 4f35f7cbe854078d1ac9338744f61a02 -> 
  custom:container-demuxer-ogg: 62fdf1f143b41e24485cea50d1cbac27 -> 
  custom:video-encoder-webm-vp8: eb34c28f22e8b96e1ab97ce403110664 -> 
  custom:video-decoder-webm-vp8: 9c59270c3fd7afecdb556c50c9e8de78 -> 
  custom:audio-decoder-ogg-vorbis: bf7c407c2cedff20999df2af8eb42d56 -> 
  custom:audio-encoder-webm-vorbis: bf7c407c2cedff20999df2af8eb42d56 -> 
========================================================================
Received Prepare
Registering precompiled user dll's ...
Registered in 0.158765 seconds.
Begin MonoManager ReloadAssembly
Native extension for WindowsStandalone target not found
Native extension for WebGL target not found
Refreshing native plugins compatible for Editor in 0.76 ms, found 3 plugins.
Preloading 0 native plugins for Editor in 0.00 ms.
Mono: successfully reloaded assembly
- Completed reload, in  5.173 seconds
Domain Reload Profiling:
	ReloadAssembly (5218ms)
		BeginReloadAssembly (1158ms)
			ExecutionOrderSort (0ms)
			DisableScriptedObjects (99ms)
			BackupInstance (0ms)
			ReleaseScriptingObjects (0ms)
			CreateAndSetChildDomain (558ms)
		EndReloadAssembly (3691ms)
			LoadAssemblies (991ms)
			RebuildTransferFunctionScriptingTraits (31ms)
			SetupTypeCache (811ms)
			ReleaseScriptCaches (2ms)
			RebuildScriptCaches (180ms)
			SetupLoadedEditorAssemblies (1406ms)
				LogAssemblyErrors (0ms)
				InitializePlatformSupportModulesInManaged (55ms)
				SetLoadedEditorAssemblies (1ms)
				RefreshPlugins (1ms)
				BeforeProcessingInitializeOnLoad (271ms)
				ProcessInitializeOnLoadAttributes (1031ms)
				ProcessInitializeOnLoadMethodAttributes (31ms)
				AfterProcessingInitializeOnLoad (8ms)
				EditorAssembliesLoaded (8ms)
			ExecutionOrderSort2 (0ms)
			AwakeInstancesAfterBackupRestoration (51ms)
Platform modules already initialized, skipping
Refreshing native plugins compatible for Editor in 0.86 ms, found 3 plugins.
Preloading 0 native plugins for Editor in 0.00 ms.
Unloading 2094 Unused Serialized files (Serialized files now loaded: 0)
System memory in use before: 97.1 MB.
System memory in use after: 97.1 MB.

Unloading 21 unused Assets to reduce memory usage. Loaded Objects now: 2577.
Total: 112.874100 ms (FindLiveObjects: 0.524000 ms CreateObjectMapping: 0.455600 ms MarkObjects: 111.289200 ms  DeleteObjects: 0.602000 ms)

AssetImportParameters requested are different than current active one (requested -> active):
  custom:framework-win-MediaFoundation: 216162199b28c13a410421893ffa2e32 -> 
  custom:video-decoder-ogg-theora: a1e56fd34408186e4bbccfd4996cb3dc -> 
  custom:container-muxer-webm: aa71ff27fc2769a1b78a27578f13a17b -> 
  custom:container-demuxer-webm: 4f35f7cbe854078d1ac9338744f61a02 -> 
  custom:container-demuxer-ogg: 62fdf1f143b41e24485cea50d1cbac27 -> 
  custom:video-encoder-webm-vp8: eb34c28f22e8b96e1ab97ce403110664 -> 
  custom:video-decoder-webm-vp8: 9c59270c3fd7afecdb556c50c9e8de78 -> 
  custom:audio-decoder-ogg-vorbis: bf7c407c2cedff20999df2af8eb42d56 -> 
  custom:audio-encoder-webm-vorbis: bf7c407c2cedff20999df2af8eb42d56 -> 
========================================================================
Received Import Request.
  Time since last request: 729.623553 seconds.
  path: Assets/Prefabs/Diamond.prefab
  artifactKey: Guid(dd45da45795523746b2de3b96ec52120) Importer(815301076,1909f56bfc062723c751e8b465ee728b)
Start importing Assets/Prefabs/Diamond.prefab using Guid(dd45da45795523746b2de3b96ec52120) Importer(815301076,1909f56bfc062723c751e8b465ee728b)  -> (artifact id: '56a457ba8d507db499571a0a24aa9da4') in 0.618704 seconds 
  Import took 0.681035 seconds .

========================================================================
Received Import Request.
  Time since last request: 5.596117 seconds.
  path: Assets/Prefabs/Diamond.prefab
  artifactKey: Guid(dd45da45795523746b2de3b96ec52120) Importer(815301076,1909f56bfc062723c751e8b465ee728b)
Start importing Assets/Prefabs/Diamond.prefab using Guid(dd45da45795523746b2de3b96ec52120) Importer(815301076,1909f56bfc062723c751e8b465ee728b)  -> (artifact id: 'c3b0e108e46b2614b49596f4f97f5eed') in 0.037440 seconds 
  Import took 0.062404 seconds .

========================================================================
Received Import Request.
  Time since last request: 8.587594 seconds.
  path: Assets/Prefabs/Diamond.prefab
  artifactKey: Guid(dd45da45795523746b2de3b96ec52120) Importer(815301076,1909f56bfc062723c751e8b465ee728b)
Start importing Assets/Prefabs/Diamond.prefab using Guid(dd45da45795523746b2de3b96ec52120) Importer(815301076,1909f56bfc062723c751e8b465ee728b)  -> (artifact id: 'd714aa5f612cc4c8486c115373813ca3') in 0.036902 seconds 
  Import took 0.049380 seconds .

========================================================================
Received Import Request.
  Time since last request: 1.660214 seconds.
  path: Assets/Prefabs/Diamond.prefab
  artifactKey: Guid(dd45da45795523746b2de3b96ec52120) Importer(815301076,1909f56bfc062723c751e8b465ee728b)
Start importing Assets/Prefabs/Diamond.prefab using Guid(dd45da45795523746b2de3b96ec52120) Importer(815301076,1909f56bfc062723c751e8b465ee728b)  -> (artifact id: 'b3efd414a2ae6b1e1b83e52c76033596') in 0.048562 seconds 
  Import took 0.089526 seconds .

========================================================================
Received Import Request.
  Time since last request: 3.696407 seconds.
  path: Assets/Prefabs/Diamond.prefab
  artifactKey: Guid(dd45da45795523746b2de3b96ec52120) Importer(815301076,1909f56bfc062723c751e8b465ee728b)
Start importing Assets/Prefabs/Diamond.prefab using Guid(dd45da45795523746b2de3b96ec52120) Importer(815301076,1909f56bfc062723c751e8b465ee728b)  -> (artifact id: '411b7ef6477a7c2a296b8a653a51099c') in 0.030171 seconds 
  Import took 0.051310 seconds .

========================================================================
Received Import Request.
  Time since last request: 21.183118 seconds.
  path: Assets/Prefabs/Diamond.prefab
  artifactKey: Guid(dd45da45795523746b2de3b96ec52120) Importer(815301076,1909f56bfc062723c751e8b465ee728b)
Start importing Assets/Prefabs/Diamond.prefab using Guid(dd45da45795523746b2de3b96ec52120) Importer(815301076,1909f56bfc062723c751e8b465ee728b)  -> (artifact id: '1439bd04f3163261240a38bf5d1d3b00') in 0.047986 seconds 
  Import took 0.070052 seconds .

========================================================================
Received Import Request.
  Time since last request: 1.382358 seconds.
  path: Assets/Prefabs/Diamond.prefab
  artifactKey: Guid(dd45da45795523746b2de3b96ec52120) Importer(815301076,1909f56bfc062723c751e8b465ee728b)
Start importing Assets/Prefabs/Diamond.prefab using Guid(dd45da45795523746b2de3b96ec52120) Importer(815301076,1909f56bfc062723c751e8b465ee728b)  -> (artifact id: '0bf89ba6701ef8dc7130786e2683a049') in 0.028248 seconds 
  Import took 0.062573 seconds .

========================================================================
Received Import Request.
  Time since last request: 21.814616 seconds.
  path: Assets/Prefabs/Diamond.prefab
  artifactKey: Guid(dd45da45795523746b2de3b96ec52120) Importer(815301076,1909f56bfc062723c751e8b465ee728b)
Start importing Assets/Prefabs/Diamond.prefab using Guid(dd45da45795523746b2de3b96ec52120) Importer(815301076,1909f56bfc062723c751e8b465ee728b)  -> (artifact id: 'b09fa68121766e250392d23dbc0714e8') in 0.032280 seconds 
  Import took 0.063160 seconds .

========================================================================
Received Import Request.
  Time since last request: 7.850502 seconds.
  path: Assets/Prefabs/Diamond.prefab
  artifactKey: Guid(dd45da45795523746b2de3b96ec52120) Importer(815301076,1909f56bfc062723c751e8b465ee728b)
Start importing Assets/Prefabs/Diamond.prefab using Guid(dd45da45795523746b2de3b96ec52120) Importer(815301076,1909f56bfc062723c751e8b465ee728b)  -> (artifact id: 'f1e859a094036d4b898f5187f1732bd5') in 0.055601 seconds 
  Import took 0.093517 seconds .

========================================================================
Received Prepare
Registering precompiled user dll's ...
Registered in 0.053694 seconds.
Begin MonoManager ReloadAssembly
Native extension for WindowsStandalone target not found
Native extension for WebGL target not found
Refreshing native plugins compatible for Editor in 0.90 ms, found 3 plugins.
Preloading 0 native plugins for Editor in 0.00 ms.
Mono: successfully reloaded assembly
- Completed reload, in  2.327 seconds
Domain Reload Profiling:
	ReloadAssembly (2329ms)
		BeginReloadAssembly (227ms)
			ExecutionOrderSort (0ms)
			DisableScriptedObjects (13ms)
			BackupInstance (0ms)
			ReleaseScriptingObjects (0ms)
			CreateAndSetChildDomain (64ms)
		EndReloadAssembly (1970ms)
			LoadAssemblies (211ms)
			RebuildTransferFunctionScriptingTraits (0ms)
			SetupTypeCache (619ms)
			ReleaseScriptCaches (2ms)
			RebuildScriptCaches (105ms)
			SetupLoadedEditorAssemblies (829ms)
				LogAssemblyErrors (0ms)
				InitializePlatformSupportModulesInManaged (11ms)
				SetLoadedEditorAssemblies (2ms)
				RefreshPlugins (1ms)
				BeforeProcessingInitializeOnLoad (196ms)
				ProcessInitializeOnLoadAttributes (604ms)
				ProcessInitializeOnLoadMethodAttributes (12ms)
				AfterProcessingInitializeOnLoad (4ms)
				EditorAssembliesLoaded (0ms)
			ExecutionOrderSort2 (0ms)
			AwakeInstancesAfterBackupRestoration (25ms)
Platform modules already initialized, skipping
Refreshing native plugins compatible for Editor in 1.10 ms, found 3 plugins.
Preloading 0 native plugins for Editor in 0.00 ms.
Unloading 2094 Unused Serialized files (Serialized files now loaded: 0)
System memory in use before: 97.2 MB.
System memory in use after: 97.1 MB.

Unloading 21 unused Assets to reduce memory usage. Loaded Objects now: 2582.
Total: 5.670400 ms (FindLiveObjects: 0.307400 ms CreateObjectMapping: 0.163300 ms MarkObjects: 5.011200 ms  DeleteObjects: 0.186000 ms)

AssetImportParameters requested are different than current active one (requested -> active):
  custom:framework-win-MediaFoundation: 216162199b28c13a410421893ffa2e32 -> 
  custom:video-decoder-ogg-theora: a1e56fd34408186e4bbccfd4996cb3dc -> 
  custom:container-muxer-webm: aa71ff27fc2769a1b78a27578f13a17b -> 
  custom:container-demuxer-webm: 4f35f7cbe854078d1ac9338744f61a02 -> 
  custom:container-demuxer-ogg: 62fdf1f143b41e24485cea50d1cbac27 -> 
  custom:video-encoder-webm-vp8: eb34c28f22e8b96e1ab97ce403110664 -> 
  custom:video-decoder-webm-vp8: 9c59270c3fd7afecdb556c50c9e8de78 -> 
  custom:audio-decoder-ogg-vorbis: bf7c407c2cedff20999df2af8eb42d56 -> 
  custom:audio-encoder-webm-vorbis: bf7c407c2cedff20999df2af8eb42d56 -> 
========================================================================
Received Prepare
Registering precompiled user dll's ...
Registered in 0.006997 seconds.
Begin MonoManager ReloadAssembly
Native extension for WindowsStandalone target not found
Native extension for WebGL target not found
Refreshing native plugins compatible for Editor in 0.66 ms, found 3 plugins.
Preloading 0 native plugins for Editor in 0.00 ms.
Mono: successfully reloaded assembly
- Completed reload, in  2.335 seconds
Domain Reload Profiling:
	ReloadAssembly (2336ms)
		BeginReloadAssembly (219ms)
			ExecutionOrderSort (0ms)
			DisableScriptedObjects (10ms)
			BackupInstance (0ms)
			ReleaseScriptingObjects (0ms)
			CreateAndSetChildDomain (62ms)
		EndReloadAssembly (2004ms)
			LoadAssemblies (217ms)
			RebuildTransferFunctionScriptingTraits (0ms)
			SetupTypeCache (660ms)
			ReleaseScriptCaches (1ms)
			RebuildScriptCaches (99ms)
			SetupLoadedEditorAssemblies (815ms)
				LogAssemblyErrors (0ms)
				InitializePlatformSupportModulesInManaged (14ms)
				SetLoadedEditorAssemblies (1ms)
				RefreshPlugins (1ms)
				BeforeProcessingInitializeOnLoad (181ms)
				ProcessInitializeOnLoadAttributes (599ms)
				ProcessInitializeOnLoadMethodAttributes (14ms)
				AfterProcessingInitializeOnLoad (5ms)
				EditorAssembliesLoaded (0ms)
			ExecutionOrderSort2 (0ms)
			AwakeInstancesAfterBackupRestoration (22ms)
Platform modules already initialized, skipping
Refreshing native plugins compatible for Editor in 1.46 ms, found 3 plugins.
Preloading 0 native plugins for Editor in 0.00 ms.
Unloading 2094 Unused Serialized files (Serialized files now loaded: 0)
System memory in use before: 97.2 MB.
System memory in use after: 97.2 MB.

Unloading 21 unused Assets to reduce memory usage. Loaded Objects now: 2586.
Total: 5.466200 ms (FindLiveObjects: 0.934900 ms CreateObjectMapping: 0.335900 ms MarkObjects: 4.038300 ms  DeleteObjects: 0.154500 ms)

AssetImportParameters requested are different than current active one (requested -> active):
  custom:framework-win-MediaFoundation: 216162199b28c13a410421893ffa2e32 -> 
  custom:video-decoder-ogg-theora: a1e56fd34408186e4bbccfd4996cb3dc -> 
  custom:container-muxer-webm: aa71ff27fc2769a1b78a27578f13a17b -> 
  custom:container-demuxer-webm: 4f35f7cbe854078d1ac9338744f61a02 -> 
  custom:container-demuxer-ogg: 62fdf1f143b41e24485cea50d1cbac27 -> 
  custom:video-encoder-webm-vp8: eb34c28f22e8b96e1ab97ce403110664 -> 
  custom:video-decoder-webm-vp8: 9c59270c3fd7afecdb556c50c9e8de78 -> 
  custom:audio-decoder-ogg-vorbis: bf7c407c2cedff20999df2af8eb42d56 -> 
  custom:audio-encoder-webm-vorbis: bf7c407c2cedff20999df2af8eb42d56 -> 
========================================================================
Received Import Request.
  Time since last request: 102.032214 seconds.
  path: Assets/Prefabs/Diamond.prefab
  artifactKey: Guid(dd45da45795523746b2de3b96ec52120) Importer(815301076,1909f56bfc062723c751e8b465ee728b)
Start importing Assets/Prefabs/Diamond.prefab using Guid(dd45da45795523746b2de3b96ec52120) Importer(815301076,1909f56bfc062723c751e8b465ee728b)  -> (artifact id: '4aff8f6aaa8230b23139e259d677781c') in 0.109054 seconds 
  Import took 0.159330 seconds .

========================================================================
Received Import Request.
  Time since last request: 0.000892 seconds.
  path: Assets/Prefabs/Diamond.prefab
  artifactKey: Guid(dd45da45795523746b2de3b96ec52120) Importer(815301076,1909f56bfc062723c751e8b465ee728b)
Start importing Assets/Prefabs/Diamond.prefab using Guid(dd45da45795523746b2de3b96ec52120) Importer(815301076,1909f56bfc062723c751e8b465ee728b)  -> (artifact id: '4aff8f6aaa8230b23139e259d677781c') in 0.019792 seconds 
  Import took 0.042049 seconds .

========================================================================
Received Import Request.
  Time since last request: 6.476441 seconds.
  path: Assets/Prefabs/Diamond.prefab
  artifactKey: Guid(dd45da45795523746b2de3b96ec52120) Importer(815301076,1909f56bfc062723c751e8b465ee728b)
Start importing Assets/Prefabs/Diamond.prefab using Guid(dd45da45795523746b2de3b96ec52120) Importer(815301076,1909f56bfc062723c751e8b465ee728b)  -> (artifact id: 'f6b2efbfd4e49c8e89d3a3a370734e38') in 0.031471 seconds 
  Import took 0.069134 seconds .

========================================================================
Received Import Request.
  Time since last request: 2.043811 seconds.
  path: Assets/Prefabs/Diamond.prefab
  artifactKey: Guid(dd45da45795523746b2de3b96ec52120) Importer(815301076,1909f56bfc062723c751e8b465ee728b)
Start importing Assets/Prefabs/Diamond.prefab using Guid(dd45da45795523746b2de3b96ec52120) Importer(815301076,1909f56bfc062723c751e8b465ee728b)  -> (artifact id: '47e9d60ee0e3c06117051c20f1043150') in 0.051981 seconds 
  Import took 0.077429 seconds .

========================================================================
Received Import Request.
  Time since last request: 972.443976 seconds.
  path: Assets/Prefabs/Diamond.prefab
  artifactKey: Guid(dd45da45795523746b2de3b96ec52120) Importer(815301076,1909f56bfc062723c751e8b465ee728b)
Start importing Assets/Prefabs/Diamond.prefab using Guid(dd45da45795523746b2de3b96ec52120) Importer(815301076,1909f56bfc062723c751e8b465ee728b)  -> (artifact id: 'dbc46a95e1df2b1135e544242e9d6fea') in 0.034513 seconds 
  Import took 0.069414 seconds .

========================================================================
Received Import Request.
  Time since last request: 0.003728 seconds.
  path: Assets/Prefabs/Diamond.prefab
  artifactKey: Guid(dd45da45795523746b2de3b96ec52120) Importer(815301076,1909f56bfc062723c751e8b465ee728b)
Start importing Assets/Prefabs/Diamond.prefab using Guid(dd45da45795523746b2de3b96ec52120) Importer(815301076,1909f56bfc062723c751e8b465ee728b)  -> (artifact id: 'dbc46a95e1df2b1135e544242e9d6fea') in 0.023625 seconds 
  Import took 0.032145 seconds .

========================================================================
Received Import Request.
  Time since last request: 2.662636 seconds.
  path: Assets/Prefabs/Diamond.prefab
  artifactKey: Guid(dd45da45795523746b2de3b96ec52120) Importer(815301076,1909f56bfc062723c751e8b465ee728b)
Start importing Assets/Prefabs/Diamond.prefab using Guid(dd45da45795523746b2de3b96ec52120) Importer(815301076,1909f56bfc062723c751e8b465ee728b)  -> (artifact id: 'faebdefc11b0a33efcd75f3d2e492810') in 0.028146 seconds 
  Import took 0.042544 seconds .

========================================================================
Received Import Request.
  Time since last request: 1.635999 seconds.
  path: Assets/Prefabs/Diamond.prefab
  artifactKey: Guid(dd45da45795523746b2de3b96ec52120) Importer(815301076,1909f56bfc062723c751e8b465ee728b)
Start importing Assets/Prefabs/Diamond.prefab using Guid(dd45da45795523746b2de3b96ec52120) Importer(815301076,1909f56bfc062723c751e8b465ee728b)  -> (artifact id: 'e22dbb0c519e7194d4325848ddd9df55') in 0.031367 seconds 
  Import took 0.050907 seconds .

========================================================================
Received Import Request.
  Time since last request: 3.837213 seconds.
  path: Assets/Prefabs/Diamond.prefab
  artifactKey: Guid(dd45da45795523746b2de3b96ec52120) Importer(815301076,1909f56bfc062723c751e8b465ee728b)
Start importing Assets/Prefabs/Diamond.prefab using Guid(dd45da45795523746b2de3b96ec52120) Importer(815301076,1909f56bfc062723c751e8b465ee728b)  -> (artifact id: '5f73a3c9b858d6d32cc34c0f4bd3e46c') in 0.066795 seconds 
  Import took 0.110168 seconds .

========================================================================
Received Import Request.
  Time since last request: 42.014487 seconds.
  path: Assets/Sprites/Oficial
  artifactKey: Guid(42a3ec41263ccb64b92010c02e1ad32f) Importer(815301076,1909f56bfc062723c751e8b465ee728b)
Start importing Assets/Sprites/Oficial using Guid(42a3ec41263ccb64b92010c02e1ad32f) Importer(815301076,1909f56bfc062723c751e8b465ee728b)  -> (artifact id: 'd7f65a66f4d5a39352b8892c14d4bb24') in 0.005731 seconds 
  Import took 0.027357 seconds .

========================================================================
Received Import Request.
  Time since last request: 0.013553 seconds.
  path: Assets/Sprites/Oficial
  artifactKey: Guid(42a3ec41263ccb64b92010c02e1ad32f) Importer(815301076,1909f56bfc062723c751e8b465ee728b)
Start importing Assets/Sprites/Oficial using Guid(42a3ec41263ccb64b92010c02e1ad32f) Importer(815301076,1909f56bfc062723c751e8b465ee728b)  -> (artifact id: 'd7f65a66f4d5a39352b8892c14d4bb24') in 0.006617 seconds 
  Import took 0.018844 seconds .

========================================================================
Received Prepare
Registering precompiled user dll's ...
Registered in 0.137851 seconds.
Begin MonoManager ReloadAssembly
Native extension for WindowsStandalone target not found
Native extension for WebGL target not found
Refreshing native plugins compatible for Editor in 1.07 ms, found 3 plugins.
Preloading 0 native plugins for Editor in 0.00 ms.
Mono: successfully reloaded assembly
- Completed reload, in  2.851 seconds
Domain Reload Profiling:
	ReloadAssembly (2861ms)
		BeginReloadAssembly (610ms)
			ExecutionOrderSort (0ms)
			DisableScriptedObjects (79ms)
			BackupInstance (0ms)
			ReleaseScriptingObjects (0ms)
			CreateAndSetChildDomain (304ms)
		EndReloadAssembly (2140ms)
			LoadAssemblies (726ms)
			RebuildTransferFunctionScriptingTraits (1ms)
			SetupTypeCache (578ms)
			ReleaseScriptCaches (2ms)
			RebuildScriptCaches (66ms)
			SetupLoadedEditorAssemblies (642ms)
				LogAssemblyErrors (0ms)
				InitializePlatformSupportModulesInManaged (10ms)
				SetLoadedEditorAssemblies (1ms)
				RefreshPlugins (1ms)
				BeforeProcessingInitializeOnLoad (139ms)
				ProcessInitializeOnLoadAttributes (479ms)
				ProcessInitializeOnLoadMethodAttributes (8ms)
				AfterProcessingInitializeOnLoad (4ms)
				EditorAssembliesLoaded (0ms)
			ExecutionOrderSort2 (0ms)
			AwakeInstancesAfterBackupRestoration (15ms)
Platform modules already initialized, skipping
Refreshing native plugins compatible for Editor in 0.71 ms, found 3 plugins.
Preloading 0 native plugins for Editor in 0.00 ms.
Unloading 2094 Unused Serialized files (Serialized files now loaded: 0)
System memory in use before: 97.2 MB.
System memory in use after: 97.2 MB.

Unloading 21 unused Assets to reduce memory usage. Loaded Objects now: 2591.
Total: 4.849300 ms (FindLiveObjects: 0.316800 ms CreateObjectMapping: 0.191800 ms MarkObjects: 4.122100 ms  DeleteObjects: 0.208200 ms)

AssetImportParameters requested are different than current active one (requested -> active):
  custom:framework-win-MediaFoundation: 216162199b28c13a410421893ffa2e32 -> 
  custom:video-decoder-ogg-theora: a1e56fd34408186e4bbccfd4996cb3dc -> 
  custom:container-muxer-webm: aa71ff27fc2769a1b78a27578f13a17b -> 
  custom:container-demuxer-webm: 4f35f7cbe854078d1ac9338744f61a02 -> 
  custom:container-demuxer-ogg: 62fdf1f143b41e24485cea50d1cbac27 -> 
  custom:video-encoder-webm-vp8: eb34c28f22e8b96e1ab97ce403110664 -> 
  custom:video-decoder-webm-vp8: 9c59270c3fd7afecdb556c50c9e8de78 -> 
  custom:audio-decoder-ogg-vorbis: bf7c407c2cedff20999df2af8eb42d56 -> 
  custom:audio-encoder-webm-vorbis: bf7c407c2cedff20999df2af8eb42d56 -> 
AssetImportWorkerClient::OnTransportError - code=2 error=End of file
